<?xml version="1.0" encoding="utf-8"?><testsuites name="pytest tests"><testsuite name="pytest" errors="0" failures="0" skipped="1" tests="26" time="6.608" timestamp="2026-08-04T08:49:52.160420+00:00" hostname="agent-env-61e970cc-6919-4f6c-9585-5f47bf2557b9"><testcase classname="tests.test_iter59_phase_a_h.TestBusinessDashboard" name="test_dashboard_returns_all_expected_keys" time="0.387" /><testcase classname="tests.test_iter59_phase_a_h.TestBusinessDashboard" name="test_dashboard_kpi_types" time="0.060" /><testcase classname="tests.test_iter59_phase_a_h.TestSettingsCashOnHand" name="test_get_settings_has_opening_cash" time="0.044" /><testcase classname="tests.test_iter59_phase_a_h.TestSettingsCashOnHand" name="test_update_opening_cash_balance_persists_and_flows_into_cash_on_hand" time="1.213" /><testcase classname="tests.test_iter59_phase_a_h.TestFinanceSummary" name="test_summary_has_profit_breakdown" time="0.476" /><testcase classname="tests.test_iter59_phase_a_h.TestFinanceSummary" name="test_profit_math_consistent" time="0.485" /><testcase classname="tests.test_iter59_phase_a_h.TestCashLedger" name="test_cash_ledger_returns_entries" time="0.063" /><testcase classname="tests.test_iter59_phase_a_h.TestContractsKpi" name="test_kpis_endpoint" time="0.070" /><testcase classname="tests.test_iter59_phase_a_h.TestContractsKpi" name="test_expiring_default" time="0.055" /><testcase classname="tests.test_iter59_phase_a_h.TestInventoryAnalytics" name="test_analytics" time="0.053" /><testcase classname="tests.test_iter59_phase_a_h.TestInventoryAnalytics" name="test_history_search_404_on_garbage" time="0.048" /><testcase classname="tests.test_iter59_phase_a_h.TestInspections" name="test_list_inspections" time="0.044" /><testcase classname="tests.test_iter59_phase_a_h.TestInspections" name="test_summary" time="0.049" /><testcase classname="tests.test_iter59_phase_a_h.TestInspections" name="test_create_then_reimburse_then_delete" time="1.220" /><testcase classname="tests.test_iter59_phase_a_h.TestInspections" name="test_create_rejects_negative_amount" time="0.039" /><testcase classname="tests.test_iter59_phase_a_h.TestInspections" name="test_create_rejects_bad_contract" time="0.047" /><testcase classname="tests.test_iter59_phase_a_h.TestWarehouseReceipts" name="test_pending_list" time="0.155" /><testcase classname="tests.test_iter59_phase_a_h.TestWarehouseReceipts" name="test_receipts_list" time="0.045" /><testcase classname="tests.test_iter59_phase_a_h.TestWarehouseReceipts" name="test_receipt_404_on_bad_contract" time="0.042" /><testcase classname="tests.test_iter59_phase_a_h.TestWarehouseReceipts" name="test_receipt_full_flow" time="0.407" /><testcase classname="tests.test_iter59_phase_a_h.TestAuctionAgreementPdf" name="test_pdf_magic_bytes" time="0.583" /><testcase classname="tests.test_iter59_phase_a_h.TestAuctionAgreementPdf" name="test_pdf_404_on_bad_id" time="0.083" /><testcase classname="tests.test_iter59_phase_a_h.TestFuelMileageFields" name="test_car_accepts_fuel_and_mileage" time="0.126" /><testcase classname="tests.test_iter59_phase_a_h.TestFuelMileageFields" name="test_motorcycle_accepts_fuel_and_mileage" time="0.127" /><testcase classname="tests.test_iter59_phase_a_h.TestStaffType" name="test_users_expose_staff_type" time="0.223"><skipped type="pytest.skip" message="legacy users missing staff_type (needs backfill): ['admin@fatinpenhores.tl', 'test_staff_75eda7@fatinpenhores.tl', 'test_staff_b285f7@fatinpenhores.tl', 'test_cashier_720307@fatinpenhores.tl', 'test_staff_370e32@fatinpenhores.tl', 'test_staff_e5e311@fatinpenhores.tl', 'test_cashier_0ad42d@fatinpenhores.tl', 'test_staff_53579c@fatinpenhores.tl', 'cashy@x.com', 'test_cashier_iter4_1782141030@x.tl', 'test_staff_812198@fatinpenhores.tl', 'test_staff_0840a6@fatinpenhores.tl', 'test_cashier_eda176@fatinpenhores.tl', 'test_staff_27aae7@fatinpenhores.tl', 'test_staff_c9f169@fatinpenhores.tl', 'test_cashier_60736c@fatinpenhores.tl', 'test_cashier_iter4_1782141114@x.tl', 'test_staff_967737@fatinpenhores.tl', 'test_staff_3a7066@fatinpenhores.tl', 'test_cashier_2b5a98@fatinpenhores.tl', 'test_cashier_iter4_1782141157@x.tl', 'test_staff_626d19@fatinpenhores.tl', 'test_staff_9465b8@fatinpenhores.tl', 'test_cashier_f703ac@fatinpenhores.tl', 'test_cashier_iter4_1782143342@x.tl', 'test_staff_b2ed44@fatinpenhores.tl', 'test_staff_327796@fatinpenhores.tl', 'test_cashier_6a4337@fatinpenhores.tl', 'test_cashier_iter4_1782144971@x.tl', 'test_cashier_1782146851@x.tl', 'test_staff_3f7d8b@fatinpenhores.tl', 'test_staff_5d852d@fatinpenhores.tl', 'test_cashier_77a634@fatinpenhores.tl', 'test_cashier_iter4_1782146876@x.tl', 'test_staff_705258@fatinpenhores.tl', 'test_staff_80a222@fatinpenhores.tl', 'test_cashier_3ab4b9@fatinpenhores.tl', 'test_cashier_iter4_1782148710@x.tl', 'test_cashier_1782148715@x.tl', 'test_staff_6701a1@fatinpenhores.tl', 'test_cashier_iter17@fatinpenhores.tl', 'test_cashier_iter21_1783158072@fatinpenhores.tl', 'test_cashier_iter21_1783238465@fatinpenhores.tl', 'test_cashier_1783238466@x.tl', 'test_cashier_iter21_1783242847@fatinpenhores.tl', 'test_cashier_1783242848@x.tl', 'test_staff_f41f41@fatinpenhores.tl', 'test_staff_948f15@fatinpenhores.tl', 'test_cashier_4de960@fatinpenhores.tl', 'test_cashier_iter21_1783244076@fatinpenhores.tl', 'test_cashier_iter4_1783244085@x.tl', 'test_cashier_1783244090@x.tl', 'test_cashier_1783245184@x.tl', 'test_cashier_1783245257@x.tl', 'test_cashier_1783245471@x.tl', 'test_staff_01b72b@fatinpenhores.tl', 'test_staff_8e5d02@fatinpenhores.tl', 'test_cashier_48acaa@fatinpenhores.tl', 'test_cashier_iter21_1783245611@fatinpenhores.tl', 'test_cashier_iter4_1783245634@x.tl', 'test_cashier_1783245648@x.tl', 'test_staff_c1eda9@fatinpenhores.tl', 'test_staff_3c2736@fatinpenhores.tl', 'test_cashier_752980@fatinpenhores.tl', 'test_cashier_iter21_1783245806@fatinpenhores.tl', 'test_cashier_iter4_1783245817@x.tl', 'test_cashier_1783245823@x.tl', 'test_staff_0c5d74@fatinpenhores.tl', 'test_staff_2e046e@fatinpenhores.tl', 'test_cashier_41dcef@fatinpenhores.tl', 'test_cashier_iter21_1783248065@fatinpenhores.tl', 'test_cashier_iter4_1783248079@x.tl', 'test_cashier_1783248085@x.tl', 'test_staff_68c966@fatinpenhores.tl', 'test_staff_eb0e0f@fatinpenhores.tl', 'test_cashier_bb307d@fatinpenhores.tl', 'test_cashier_iter21_1783273453@fatinpenhores.tl', 'test_cashier_iter4_1783273468@x.tl', 'test_cashier_1783273475@x.tl', 'test_staff_4b3ac8@fatinpenhores.tl', 'test_staff_33de96@fatinpenhores.tl', 'test_cashier_4029a1@fatinpenhores.tl', 'test_cashier_iter21_1783276102@fatinpenhores.tl', 'test_cashier_iter4_1783276117@x.tl', 'test_cashier_1783276124@x.tl', 'test_cashier_iter4_1783276385@x.tl', 'test_staff_06fc00@fatinpenhores.tl', 'test_staff_2dc55c@fatinpenhores.tl', 'test_cashier_eaced6@fatinpenhores.tl', 'test_cashier_iter21_1783276440@fatinpenhores.tl', 'test_cashier_iter4_1783276454@x.tl', 'test_cashier_1783276461@x.tl', 'test_cashier_iter4_1783277286@x.tl', 'test_staff_173feb@fatinpenhores.tl', 'test_staff_567c90@fatinpenhores.tl', 'test_cashier_0a007d@fatinpenhores.tl', 'test_cashier_iter21_1784210239@fatinpenhores.tl', 'test_cashier_iter4_1784210282@x.tl', 'test_cashier_1784210293@x.tl', 'test_staff_779107@fatinpenhores.tl', 'test_staff_b11d0a@fatinpenhores.tl', 'test_staff_86420b@fatinpenhores.tl', 'test_staff_aa6f15@fatinpenhores.tl', 'test_cashier_d69016@fatinpenhores.tl', 'test_cashier_iter21_1784729694@fatinpenhores.tl', 'test_cashier_iter4_1784729775@x.tl', 'test_staff_c647b0@fatinpenhores.tl', 'test_staff_a5322f@fatinpenhores.tl', 'test_cashier_a236b7@fatinpenhores.tl', 'test_cashier_iter21_1784729854@fatinpenhores.tl', 'test_cashier_iter4_1784729909@x.tl', 'test_cashier_1784729930@x.tl', 'test_staff_e8714f@fatinpenhores.tl', 'test_staff_c2e3fe@fatinpenhores.tl', 'test_cashier_aa99ba@fatinpenhores.tl', 'test_cashier_iter21_1784730447@fatinpenhores.tl', 'test_cashier_iter4_1784730532@x.tl', 'test_cashier_1784730553@x.tl', 'test_staff_04bbfa@fatinpenhores.tl', 'test_staff_fbd70f@fatinpenhores.tl', 'test_cashier_8fb578@fatinpenhores.tl', 'test_cashier_iter21_1784730733@fatinpenhores.tl', 'test_cashier_iter4_1784730784@x.tl', 'test_cashier_1784730806@x.tl', 'test_cashier_1785746931@x.tl']">/app/backend/tests/test_iter59_phase_a_h.py:351: legacy users missing staff_type (needs backfill): ['admin@fatinpenhores.tl', 'test_staff_75eda7@fatinpenhores.tl', 'test_staff_b285f7@fatinpenhores.tl', 'test_cashier_720307@fatinpenhores.tl', 'test_staff_370e32@fatinpenhores.tl', 'test_staff_e5e311@fatinpenhores.tl', 'test_cashier_0ad42d@fatinpenhores.tl', 'test_staff_53579c@fatinpenhores.tl', 'cashy@x.com', 'test_cashier_iter4_1782141030@x.tl', 'test_staff_812198@fatinpenhores.tl', 'test_staff_0840a6@fatinpenhores.tl', 'test_cashier_eda176@fatinpenhores.tl', 'test_staff_27aae7@fatinpenhores.tl', 'test_staff_c9f169@fatinpenhores.tl', 'test_cashier_60736c@fatinpenhores.tl', 'test_cashier_iter4_1782141114@x.tl', 'test_staff_967737@fatinpenhores.tl', 'test_staff_3a7066@fatinpenhores.tl', 'test_cashier_2b5a98@fatinpenhores.tl', 'test_cashier_iter4_1782141157@x.tl', 'test_staff_626d19@fatinpenhores.tl', 'test_staff_9465b8@fatinpenhores.tl', 'test_cashier_f703ac@fatinpenhores.tl', 'test_cashier_iter4_1782143342@x.tl', 'test_staff_b2ed44@fatinpenhores.tl', 'test_staff_327796@fatinpenhores.tl', 'test_cashier_6a4337@fatinpenhores.tl', 'test_cashier_iter4_1782144971@x.tl', 'test_cashier_1782146851@x.tl', 'test_staff_3f7d8b@fatinpenhores.tl', 'test_staff_5d852d@fatinpenhores.tl', 'test_cashier_77a634@fatinpenhores.tl', 'test_cashier_iter4_1782146876@x.tl', 'test_staff_705258@fatinpenhores.tl', 'test_staff_80a222@fatinpenhores.tl', 'test_cashier_3ab4b9@fatinpenhores.tl', 'test_cashier_iter4_1782148710@x.tl', 'test_cashier_1782148715@x.tl', 'test_staff_6701a1@fatinpenhores.tl', 'test_cashier_iter17@fatinpenhores.tl', 'test_cashier_iter21_1783158072@fatinpenhores.tl', 'test_cashier_iter21_1783238465@fatinpenhores.tl', 'test_cashier_1783238466@x.tl', 'test_cashier_iter21_1783242847@fatinpenhores.tl', 'test_cashier_1783242848@x.tl', 'test_staff_f41f41@fatinpenhores.tl', 'test_staff_948f15@fatinpenhores.tl', 'test_cashier_4de960@fatinpenhores.tl', 'test_cashier_iter21_1783244076@fatinpenhores.tl', 'test_cashier_iter4_1783244085@x.tl', 'test_cashier_1783244090@x.tl', 'test_cashier_1783245184@x.tl', 'test_cashier_1783245257@x.tl', 'test_cashier_1783245471@x.tl', 'test_staff_01b72b@fatinpenhores.tl', 'test_staff_8e5d02@fatinpenhores.tl', 'test_cashier_48acaa@fatinpenhores.tl', 'test_cashier_iter21_1783245611@fatinpenhores.tl', 'test_cashier_iter4_1783245634@x.tl', 'test_cashier_1783245648@x.tl', 'test_staff_c1eda9@fatinpenhores.tl', 'test_staff_3c2736@fatinpenhores.tl', 'test_cashier_752980@fatinpenhores.tl', 'test_cashier_iter21_1783245806@fatinpenhores.tl', 'test_cashier_iter4_1783245817@x.tl', 'test_cashier_1783245823@x.tl', 'test_staff_0c5d74@fatinpenhores.tl', 'test_staff_2e046e@fatinpenhores.tl', 'test_cashier_41dcef@fatinpenhores.tl', 'test_cashier_iter21_1783248065@fatinpenhores.tl', 'test_cashier_iter4_1783248079@x.tl', 'test_cashier_1783248085@x.tl', 'test_staff_68c966@fatinpenhores.tl', 'test_staff_eb0e0f@fatinpenhores.tl', 'test_cashier_bb307d@fatinpenhores.tl', 'test_cashier_iter21_1783273453@fatinpenhores.tl', 'test_cashier_iter4_1783273468@x.tl', 'test_cashier_1783273475@x.tl', 'test_staff_4b3ac8@fatinpenhores.tl', 'test_staff_33de96@fatinpenhores.tl', 'test_cashier_4029a1@fatinpenhores.tl', 'test_cashier_iter21_1783276102@fatinpenhores.tl', 'test_cashier_iter4_1783276117@x.tl', 'test_cashier_1783276124@x.tl', 'test_cashier_iter4_1783276385@x.tl', 'test_staff_06fc00@fatinpenhores.tl', 'test_staff_2dc55c@fatinpenhores.tl', 'test_cashier_eaced6@fatinpenhores.tl', 'test_cashier_iter21_1783276440@fatinpenhores.tl', 'test_cashier_iter4_1783276454@x.tl', 'test_cashier_1783276461@x.tl', 'test_cashier_iter4_1783277286@x.tl', 'test_staff_173feb@fatinpenhores.tl', 'test_staff_567c90@fatinpenhores.tl', 'test_cashier_0a007d@fatinpenhores.tl', 'test_cashier_iter21_1784210239@fatinpenhores.tl', 'test_cashier_iter4_1784210282@x.tl', 'test_cashier_1784210293@x.tl', 'test_staff_779107@fatinpenhores.tl', 'test_staff_b11d0a@fatinpenhores.tl', 'test_staff_86420b@fatinpenhores.tl', 'test_staff_aa6f15@fatinpenhores.tl', 'test_cashier_d69016@fatinpenhores.tl', 'test_cashier_iter21_1784729694@fatinpenhores.tl', 'test_cashier_iter4_1784729775@x.tl', 'test_staff_c647b0@fatinpenhores.tl', 'test_staff_a5322f@fatinpenhores.tl', 'test_cashier_a236b7@fatinpenhores.tl', 'test_cashier_iter21_1784729854@fatinpenhores.tl', 'test_cashier_iter4_1784729909@x.tl', 'test_cashier_1784729930@x.tl', 'test_staff_e8714f@fatinpenhores.tl', 'test_staff_c2e3fe@fatinpenhores.tl', 'test_cashier_aa99ba@fatinpenhores.tl', 'test_cashier_iter21_1784730447@fatinpenhores.tl', 'test_cashier_iter4_1784730532@x.tl', 'test_cashier_1784730553@x.tl', 'test_staff_04bbfa@fatinpenhores.tl', 'test_staff_fbd70f@fatinpenhores.tl', 'test_cashier_8fb578@fatinpenhores.tl', 'test_cashier_iter21_1784730733@fatinpenhores.tl', 'test_cashier_iter4_1784730784@x.tl', 'test_cashier_1784730806@x.tl', 'test_cashier_1785746931@x.tl']</skipped></testcase><testcase classname="tests.test_iter59_phase_a_h.TestStaffType" name="test_can_create_user_with_staff_type" time="0.390" /></testsuite></testsuites>