<?xml version="1.0" encoding="utf-8"?><testsuites name="pytest tests"><testsuite name="pytest" errors="0" failures="0" skipped="0" tests="24" time="8.995" timestamp="2026-06-30T11:35:50.549447+00:00" hostname="agent-env-61e970cc-6919-4f6c-9585-5f47bf2557b9"><testcase classname="backend.tests.test_iter13_module_access.TestModulesCatalog" name="test_admin_gets_catalog" time="0.395" /><testcase classname="backend.tests.test_iter13_module_access.TestModulesCatalog" name="test_cashier_gets_403" time="0.648" /><testcase classname="backend.tests.test_iter13_module_access.TestUserCreate" name="test_custom_modules_persisted" time="0.047" /><testcase classname="backend.tests.test_iter13_module_access.TestUserCreate" name="test_role_defaults_when_modules_omitted" time="0.314" /><testcase classname="backend.tests.test_iter13_module_access.TestUserCreate" name="test_admin_role_forces_all_modules" time="0.322" /><testcase classname="backend.tests.test_iter13_module_access.TestUserCreate" name="test_bad_module_names_filtered" time="0.311" /><testcase classname="backend.tests.test_iter13_module_access.TestUserPatch" name="test_patch_name_only" time="0.050" /><testcase classname="backend.tests.test_iter13_module_access.TestUserPatch" name="test_patch_modules_with_invalid_filtered" time="0.045" /><testcase classname="backend.tests.test_iter13_module_access.TestUserPatch" name="test_patch_to_admin_locks_full_modules" time="0.368" /><testcase classname="backend.tests.test_iter13_module_access.TestUserPatch" name="test_patch_password" time="1.242" /><testcase classname="backend.tests.test_iter13_module_access.TestAuthShape" name="test_auth_me_has_allowed_modules_admin" time="0.042" /><testcase classname="backend.tests.test_iter13_module_access.TestAuthShape" name="test_auth_login_returns_allowed_modules" time="0.335" /><testcase classname="backend.tests.test_iter13_module_access.TestAuthShape" name="test_auth_me_has_allowed_modules_cashier" time="0.365" /><testcase classname="backend.tests.test_iter13_module_access.TestModuleGating" name="test_dashboard_allowed" time="0.408" /><testcase classname="backend.tests.test_iter13_module_access.TestModuleGating" name="test_payments_allowed" time="0.409" /><testcase classname="backend.tests.test_iter13_module_access.TestModuleGating" name="test_clients_blocked" time="0.427" /><testcase classname="backend.tests.test_iter13_module_access.TestModuleGating" name="test_finance_blocked" time="0.413" /><testcase classname="backend.tests.test_iter13_module_access.TestModuleGating" name="test_items_car_blocked" time="0.443" /><testcase classname="backend.tests.test_iter13_module_access.TestModuleGating" name="test_contracts_blocked" time="0.403" /><testcase classname="backend.tests.test_iter13_module_access.TestModuleGating" name="test_auctions_blocked" time="0.441" /><testcase classname="backend.tests.test_iter13_module_access.TestModuleGating" name="test_reports_blocked" time="0.420" /><testcase classname="backend.tests.test_iter13_module_access.TestModuleGating" name="test_add_clients_then_allowed" time="0.490" /><testcase classname="backend.tests.test_iter13_module_access.TestAdminBypass" name="test_admin_can_hit_all_modules" time="0.464" /><testcase classname="backend.tests.test_iter13_module_access.TestBackfill" name="test_all_existing_users_have_allowed_modules" time="0.084" /></testsuite></testsuites>