<?xml version="1.0" encoding="utf-8"?><testsuites name="pytest tests"><testsuite name="pytest" errors="0" failures="0" skipped="0" tests="62" time="7.743" timestamp="2026-07-05T09:17:32.195391+00:00" hostname="agent-env-61e970cc-6919-4f6c-9585-5f47bf2557b9"><testcase classname="tests.test_iter23_reminder_body.TestReminderBody" name="test_en_body_contains_math" time="0.000" /><testcase classname="tests.test_iter23_reminder_body.TestReminderBody" name="test_tet_body_contains_math_and_language" time="0.000" /><testcase classname="tests.test_iter23_reminder_body.TestReminderBody" name="test_body_within_whatsapp_limit" time="0.000" /><testcase classname="tests.test_iter23_reminder_body.TestReminderBody" name="test_short_contract_helper" time="0.000" /><testcase classname="tests.test_iter23_reminder_body.TestReminderBody" name="test_scenario_from_business_owner" time="0.000" /><testcase classname="tests.test_iter22_interest_rule.TestMonthsBilledRuleA" name="test_same_day" time="0.000" /><testcase classname="tests.test_iter22_interest_rule.TestMonthsBilledRuleA" name="test_within_first_month" time="0.000" /><testcase classname="tests.test_iter22_interest_rule.TestMonthsBilledRuleA" name="test_anniversary_is_still_same_month" time="0.000" /><testcase classname="tests.test_iter22_interest_rule.TestMonthsBilledRuleA" name="test_one_day_past_anniversary" time="0.000" /><testcase classname="tests.test_iter22_interest_rule.TestMonthsBilledRuleA" name="test_two_month_anniversary" time="0.000" /><testcase classname="tests.test_iter22_interest_rule.TestMonthsBilledRuleA" name="test_three_months_after_grace" time="0.000" /><testcase classname="tests.test_iter22_interest_rule.TestMonthsBilledRuleA" name="test_early_month_first_day" time="0.000" /><testcase classname="tests.test_iter22_interest_rule.TestMonthsBilledRuleA" name="test_end_of_month_start_31st_no_31st_in_next_month" time="0.000" /><testcase classname="tests.test_iter22_interest_rule.TestMonthsBilledRuleA" name="test_leap_year_boundary" time="0.000" /><testcase classname="tests.test_iter22_interest_rule.TestMonthsBilledRuleA" name="test_payment_before_start_returns_one" time="0.000" /><testcase classname="tests.test_iter22_interest_rule.TestMonthsBilledRuleA" name="test_scenarios_from_business_owner" time="0.000" /><testcase classname="tests.test_iter22_interest_rule.TestMonthsBilledRuleA" name="test_long_running_contract" time="0.000" /><testcase classname="tests.test_iter20_monthly_interest.TestContractNewFields" name="test_all_contracts_expose_new_fields" time="0.468" /><testcase classname="tests.test_iter20_monthly_interest.TestContractNewFields" name="test_months_elapsed_is_positive_int" time="0.000" /><testcase classname="tests.test_iter20_monthly_interest.TestContractNewFields" name="test_per_month_interest_matches_loan_times_rate" time="0.000" /><testcase classname="tests.test_iter20_monthly_interest.TestContractNewFields" name="test_interest_amount_equals_per_month_times_months" time="0.000" /><testcase classname="tests.test_iter20_monthly_interest.TestArticle4MonthsElapsed" name="test_fresh_contract_months_is_one" time="0.011" /><testcase classname="tests.test_iter20_monthly_interest.TestArticle4MonthsElapsed" name="test_all_contracts_match_article4_formula" time="0.011" /><testcase classname="tests.test_iter20_monthly_interest.TestArticle4MonthsElapsed" name="test_ctr_2026_0115_matches_expected_months" time="0.000" /><testcase classname="tests.test_iter20_monthly_interest.TestNextInterestDate" name="test_next_date_strictly_future" time="0.000" /><testcase classname="tests.test_iter20_monthly_interest.TestNextInterestDate" name="test_next_date_aligned_to_monthly_anniversary" time="0.001" /><testcase classname="tests.test_iter20_monthly_interest.TestIdempotencyAndPenalty" name="test_recompute_is_idempotent_via_repeated_get" time="0.085" /><testcase classname="tests.test_iter20_monthly_interest.TestIdempotencyAndPenalty" name="test_penalty_full_is_loan_times_ten_percent_on_overdue" time="0.000" /><testcase classname="tests.test_iter20_monthly_interest.TestReceiptPDFNextPaymentBlock" name="test_repayment_pdf_contains_next_payment_block" time="0.968" /><testcase classname="tests.test_iter20_monthly_interest.TestReceiptPDFNextPaymentBlock" name="test_disbursement_pdf_omits_next_payment_block" time="0.115" /><testcase classname="tests.test_iter20_monthly_interest.TestReceiptPDFNextPaymentBlock" name="test_fully_paid_receipt_omits_next_payment_block" time="0.118" /><testcase classname="tests.test_iter20_monthly_interest.TestRegressionPawnItemAndSignature" name="test_receipt_pdf_has_item_and_signature" time="0.197" /><testcase classname="tests.test_iter30_reminders_integration.TestReminderRun" name="test_run_reminders_endpoint_returns_summary" time="0.385" /><testcase classname="tests.test_iter30_reminders_integration.TestReminderRun" name="test_run_reminders_forbidden_without_admin" time="0.098" /><testcase classname="tests.test_iter30_reminders_integration.TestRuleAMathE2E" name="test_contract_shows_rule_a_math_at_32_days" time="0.193" /><testcase classname="tests.test_iter17_reminders" name="test_refactor_get_endpoints_200[/clients]" time="0.403" /><testcase classname="tests.test_iter17_reminders" name="test_refactor_get_endpoints_200[/contracts]" time="0.105" /><testcase classname="tests.test_iter17_reminders" name="test_refactor_get_endpoints_200[/payments]" time="0.041" /><testcase classname="tests.test_iter17_reminders" name="test_refactor_get_endpoints_200[/items/car]" time="0.047" /><testcase classname="tests.test_iter17_reminders" name="test_refactor_get_endpoints_200[/items/motorcycle]" time="0.040" /><testcase classname="tests.test_iter17_reminders" name="test_refactor_get_endpoints_200[/items/electronic]" time="0.042" /><testcase classname="tests.test_iter17_reminders" name="test_refactor_get_endpoints_200[/items/pezadu]" time="0.081" /><testcase classname="tests.test_iter17_reminders" name="test_refactor_get_endpoints_200[/users]" time="0.043" /><testcase classname="tests.test_iter17_reminders" name="test_refactor_get_endpoints_200[/users/modules]" time="0.051" /><testcase classname="tests.test_iter17_reminders" name="test_refactor_get_endpoints_200[/settings]" time="0.104" /><testcase classname="tests.test_iter17_reminders" name="test_refactor_get_endpoints_200[/dashboard/summary]" time="0.042" /><testcase classname="tests.test_iter17_reminders" name="test_refactor_get_endpoints_200[/finance/summary]" time="0.100" /><testcase classname="tests.test_iter17_reminders" name="test_refactor_get_endpoints_200[/reports/v2/inventory]" time="0.049" /><testcase classname="tests.test_iter17_reminders" name="test_refactor_get_endpoints_200[/audit-log]" time="0.048" /><testcase classname="tests.test_iter17_reminders" name="test_admin_login_returns_allowed_modules" time="0.051" /><testcase classname="tests.test_iter17_reminders" name="test_cashier_blocked_on_clients" time="0.432" /><testcase classname="tests.test_iter17_reminders" name="test_cashier_allowed_on_payments" time="0.045" /><testcase classname="tests.test_iter17_reminders" name="test_admin_bypasses_module_gate" time="0.165" /><testcase classname="tests.test_iter17_reminders" name="test_reminders_status_admin" time="0.076" /><testcase classname="tests.test_iter17_reminders" name="test_reminders_status_forbidden_for_cashier" time="0.040" /><testcase classname="tests.test_iter17_reminders" name="test_reminders_logs_forbidden_for_cashier" time="0.045" /><testcase classname="tests.test_iter17_reminders" name="test_reminders_run_returns_summary" time="0.085" /><testcase classname="tests.test_iter17_reminders" name="test_reminders_dedup_second_run" time="0.587" /><testcase classname="tests.test_iter17_reminders" name="test_reminders_logs_shape" time="0.050" /><testcase classname="tests.test_iter17_reminders" name="test_reminders_master_toggle_disables_run" time="0.361" /><testcase classname="tests.test_iter17_reminders" name="test_reminders_day_boundary_targets_7_and_9_only" time="1.071" /><testcase classname="tests.test_iter17_reminders" name="test_iter16_disbursement_still_autoinserted" time="0.333" /></testsuite></testsuites>