<?xml version="1.0" encoding="utf-8"?><testsuites name="pytest tests"><testsuite name="pytest" errors="0" failures="0" skipped="0" tests="5" time="1.620" timestamp="2026-07-16T14:49:46.329636+00:00" hostname="agent-env-61e970cc-6919-4f6c-9585-5f47bf2557b9"><testcase classname="backend.tests.test_iter39_pdf_header_overlap.TestPdfHeaderOverlapFix" name="test_ctr_0003_header_uses_new_label" time="1.051" /><testcase classname="backend.tests.test_iter39_pdf_header_overlap.TestPdfHeaderOverlapFix" name="test_ctr_0003_header_value_readable" time="0.104" /><testcase classname="backend.tests.test_iter39_pdf_header_overlap.TestPdfHeaderOverlapFix" name="test_ctr_0005_header_arrow_value" time="0.097" /><testcase classname="backend.tests.test_iter39_pdf_header_overlap.TestPdfHeaderOverlapFix" name="test_ctr_0005_article8_penalty_uses_current_principal" time="0.128" /><testcase classname="backend.tests.test_iter39_pdf_header_overlap.TestPdfHeaderOverlapFix" name="test_ctr_0005_article2_shows_both_amounts" time="0.123" /></testsuite></testsuites>