<?xml version="1.0" encoding="utf-8"?><testsuites name="pytest tests"><testsuite name="pytest" errors="0" failures="0" skipped="0" tests="3" time="0.878" timestamp="2026-07-05T09:17:23.830606+00:00" hostname="agent-env-61e970cc-6919-4f6c-9585-5f47bf2557b9"><testcase classname="tests.test_iter30_reminders_integration.TestReminderRun" name="test_run_reminders_endpoint_returns_summary" time="0.522" /><testcase classname="tests.test_iter30_reminders_integration.TestReminderRun" name="test_run_reminders_forbidden_without_admin" time="0.097" /><testcase classname="tests.test_iter30_reminders_integration.TestRuleAMathE2E" name="test_contract_shows_rule_a_math_at_32_days" time="0.198" /></testsuite></testsuites>