<?xml version="1.0" encoding="utf-8"?><testsuites name="pytest tests"><testsuite name="pytest" errors="0" failures="0" skipped="0" tests="59" time="35.678" timestamp="2026-08-05T16:30:14.955170+00:00" hostname="agent-env-61e970cc-6919-4f6c-9585-5f47bf2557b9"><testcase classname="tests.test_iter60_capital_split" name="test_capital_source_returns_seven_kpis" time="0.708" /><testcase classname="tests.test_iter60_capital_split" name="test_principal_repayment_reduces_outstanding_only" time="1.429" /><testcase classname="tests.test_iter60_capital_split" name="test_interest_repayment_books_expense_and_reduces_net_profit" time="1.513" /><testcase classname="tests.test_iter60_capital_split" name="test_mixed_repayment" time="1.422" /><testcase classname="tests.test_iter60_capital_split" name="test_legacy_amount_only_treated_as_principal" time="1.470" /><testcase classname="tests.test_iter60_capital_split" name="test_zero_repayment_rejected" time="0.230" /><testcase classname="tests.test_iter60_capital_split" name="test_interest_expense_category_available" time="0.113" /><testcase classname="tests.test_iter61_income_statement.TestOptionBIncomeStatement" name="test_summary_exposes_operating_and_financial_expenses" time="1.069" /><testcase classname="tests.test_iter61_income_statement.TestOptionBIncomeStatement" name="test_income_statement_math_holds" time="0.624" /><testcase classname="tests.test_iter61_income_statement.TestOptionBIncomeStatement" name="test_interest_expense_goes_to_financial_bucket" time="1.488" /><testcase classname="tests.test_iter61_income_statement.TestCapitalReminders" name="test_endpoint_exists_and_returns_summary" time="0.076" /><testcase classname="tests.test_iter61_income_statement.TestCapitalReminders" name="test_force_flag_scans_overdue_sources" time="0.146" /><testcase classname="tests.test_iter61_income_statement.TestCapitalReminders" name="test_capital_reminder_triggers_when_due_within_window" time="0.300" /><testcase classname="tests.test_iter62_repayment_history" name="test_list_repayments_backfills_split_fields" time="0.763" /><testcase classname="tests.test_iter62_repayment_history" name="test_delete_repayment_reverses_all_three_effects" time="2.210" /><testcase classname="tests.test_iter62_repayment_history" name="test_delete_nonexistent_repayment_returns_404" time="0.250" /><testcase classname="tests.test_iter63_capital_pdf" name="test_capital_pdf_endpoint_returns_valid_pdf" time="0.599" /><testcase classname="tests.test_iter63_capital_pdf" name="test_capital_pdf_contains_split_data" time="0.472" /><testcase classname="tests.test_iter64_frequency_wa_alerts.TestPaymentFrequency" name="test_monthly_walks_by_one_month" time="0.587" /><testcase classname="tests.test_iter64_frequency_wa_alerts.TestPaymentFrequency" name="test_quarterly_walks_by_three_months" time="0.223" /><testcase classname="tests.test_iter64_frequency_wa_alerts.TestPaymentFrequency" name="test_lump_sum_has_single_anchor_at_end" time="0.217" /><testcase classname="tests.test_iter64_frequency_wa_alerts.TestAdminAlertsPhone" name="test_setting_roundtrip" time="0.152" /><testcase classname="tests.test_iter64_frequency_wa_alerts.TestAdminAlertsPhone" name="test_setting_can_be_cleared" time="0.147" /><testcase classname="tests.test_iter65_amortization_pdf" name="test_endpoint_returns_valid_pdf" time="0.682" /><testcase classname="tests.test_iter65_amortization_pdf" name="test_endpoint_returns_404_for_unknown_source" time="0.078" /><testcase classname="tests.test_iter65_amortization_pdf" name="test_endpoint_requires_auth" time="0.126" /><testcase classname="tests.test_iter65_amortization_pdf" name="test_quarterly_produces_valid_pdf" time="0.307" /><testcase classname="tests.test_iter65_amortization_pdf" name="test_lump_sum_produces_valid_pdf" time="0.263" /><testcase classname="tests.test_iter66_schedule_ledger" name="test_returns_404_for_unknown_source" time="0.445" /><testcase classname="tests.test_iter66_schedule_ledger" name="test_requires_auth" time="0.130" /><testcase classname="tests.test_iter66_schedule_ledger" name="test_monthly_12mo_produces_12_installments" time="0.228" /><testcase classname="tests.test_iter66_schedule_ledger" name="test_quarterly_12mo_produces_4_installments" time="0.238" /><testcase classname="tests.test_iter66_schedule_ledger" name="test_lump_sum_produces_one_installment" time="0.254" /><testcase classname="tests.test_iter66_schedule_ledger" name="test_status_classification" time="0.543" /><testcase classname="tests.test_iter66_schedule_ledger" name="test_paid_status_after_repayment" time="0.303" /><testcase classname="tests.test_iter67_auction_split" name="test_response_exposes_auction_net_profit" time="1.001" /><testcase classname="tests.test_iter67_auction_split" name="test_auction_profit_no_longer_double_counts_interest" time="0.607" /><testcase classname="tests.test_iter67_auction_split" name="test_auction_net_profit_matches_realized_minus_loss" time="0.605" /><testcase classname="tests.test_iter67_auction_split" name="test_income_statement_identity_still_holds" time="0.618" /><testcase classname="tests.test_iter67_auction_split" name="test_capital_recovered_plus_realized_matches_sales" time="0.571" /><testcase classname="tests.test_iter68_auction_report" name="test_report_shape" time="0.556" /><testcase classname="tests.test_iter68_auction_report" name="test_totals_reconcile_with_summary" time="0.659" /><testcase classname="tests.test_iter68_auction_report" name="test_year_filter_narrows_dataset" time="0.074" /><testcase classname="tests.test_iter68_auction_report" name="test_top_gainers_sorted_desc" time="0.075" /><testcase classname="tests.test_iter68_auction_report" name="test_pdf_endpoint_returns_valid_pdf" time="0.109" /><testcase classname="tests.test_iter68_auction_report" name="test_pdf_month_year_filter_still_returns_valid_pdf" time="0.104" /><testcase classname="tests.test_iter68_auction_report" name="test_endpoint_requires_auth" time="0.395" /><testcase classname="tests.test_iter69_auction_backfill" name="test_endpoint_returns_summary_shape" time="0.527" /><testcase classname="tests.test_iter69_auction_backfill" name="test_dry_run_does_not_mutate_db" time="1.324" /><testcase classname="tests.test_iter69_auction_backfill" name="test_requires_admin" time="0.134" /><testcase classname="tests.test_iter69_auction_backfill" name="test_skipped_reasons_are_helpful" time="0.097" /><testcase classname="tests.test_iter70_wrapup" name="test_expense_categories_expose_financial_costs_group" time="0.535" /><testcase classname="tests.test_iter70_wrapup" name="test_pytest_rerunfailures_configured" time="0.001" /><testcase classname="tests.test_iter71_finance_pdf" name="test_finance_summary_pdf_returns_valid_pdf" time="1.011" /><testcase classname="tests.test_iter71_finance_pdf" name="test_finance_summary_pdf_contains_income_statement_section" time="0.736" /><testcase classname="tests.test_iter71_finance_pdf" name="test_finance_summary_pdf_has_new_kpi_rows" time="0.669" /><testcase classname="tests.test_iter71_finance_pdf" name="test_income_statement_math_reconciles" time="0.582" /><testcase classname="tests.test_iter72_penalty_reactivation" name="test_penalty_survives_reactivation" time="2.865" /><testcase classname="tests.test_iter72_penalty_reactivation" name="test_reactivation_does_not_add_new_penalty" time="1.854" /></testsuite></testsuites>