<?xml version="1.0" encoding="utf-8"?><testsuites name="pytest tests"><testsuite name="pytest" errors="0" failures="3" skipped="0" tests="22" time="5.452" timestamp="2026-06-22T12:12:34.506054+00:00" hostname="agent-env-61e970cc-6919-4f6c-9585-5f47bf2557b9"><testcase classname="backend.tests.test_iter2.TestSettings" name="test_get_defaults" time="0.563" /><testcase classname="backend.tests.test_iter2.TestSettings" name="test_put_updates_and_audit" time="0.209" /><testcase classname="backend.tests.test_iter2.TestSettings" name="test_settings_put_non_admin" time="0.716" /><testcase classname="backend.tests.test_iter2.TestContractDefaultRate" name="test_rate_honored_when_provided" time="0.292" /><testcase classname="backend.tests.test_iter2.TestContractDefaultRate" name="test_rate_omitted_uses_settings_default" time="0.199"><failure message="Failed: BUG: omitting interest_rate yields 422 — ContractIn marks it required; default-from-settings path is unreachable.">backend/tests/test_iter2.py:135: in test_rate_omitted_uses_settings_default
    pytest.fail("BUG: omitting interest_rate yields 422 — ContractIn marks it required; default-from-settings path is unreachable.")
E   Failed: BUG: omitting interest_rate yields 422 — ContractIn marks it required; default-from-settings path is unreachable.</failure></testcase><testcase classname="backend.tests.test_iter2.TestContractPdfRicher" name="test_pdf_more_than_3kb" time="0.340" /><testcase classname="backend.tests.test_iter2.TestPaymentDateValidation" name="test_payment_before_contract_date_rejected" time="0.423" /><testcase classname="backend.tests.test_iter2.TestUploadDownload" name="test_upload_and_download" time="0.524" /><testcase classname="backend.tests.test_iter2.TestDashboardTrends" name="test_trends_shape" time="0.045" /><testcase classname="backend.tests.test_iter2.TestWhatsApp" name="test_send_returns_mocked" time="0.208" /><testcase classname="backend.tests.test_iter2.TestWhatsApp" name="test_logs_contains_send" time="0.051" /><testcase classname="backend.tests.test_iter2.TestWhatsApp" name="test_reminders_run" time="0.205" /><testcase classname="backend.tests.test_iter2.TestAuditLog" name="test_admin_can_list" time="0.048" /><testcase classname="backend.tests.test_iter2.TestAuditLog" name="test_staff_forbidden" time="0.045" /><testcase classname="backend.tests.test_iter2.TestAuditLog" name="test_filter_by_resource" time="0.051" /><testcase classname="backend.tests.test_iter2.TestCashierRBAC" name="test_cashier_cannot_create_client" time="0.732"><failure message="AssertionError: Expected 403 but got 200: {&quot;full_name&quot;:&quot;TEST_CashierClient&quot;,&quot;id_type&quot;:&quot;BI&quot;,&quot;id_number&quot;:&quot;X&quot;,&quot;phone&quot;:&quot;+670 1&quot;,&quot;address&quot;:&quot;&quot;,&quot;municipality&quot;:&quot;Dili&quot;,&quot;posto&quot;:&quot;&quot;,&quot;suco&quot;:&quot;&quot;,&quot;aldeia&quot;:&quot;&quot;,&quot;notes&quot;:&quot;&quot;,&quot;id&quot;:&quot;05db3dca-bfc9-42b6-ac06-806bd798bfdf&quot;,&quot;created_at&quot;:&quot;2026-06-22T12:12:39.271543+00:00&quot;}&#10;assert 200 == 403&#10; +  where 200 = &lt;Response [200]&gt;.status_code">backend/tests/test_iter2.py:309: in test_cashier_cannot_create_client
    assert r.status_code == 403, f"Expected 403 but got {r.status_code}: {r.text}"
E   AssertionError: Expected 403 but got 200: {"full_name":"TEST_CashierClient","id_type":"BI","id_number":"X","phone":"+670 1","address":"","municipality":"Dili","posto":"","suco":"","aldeia":"","notes":"","id":"05db3dca-bfc9-42b6-ac06-806bd798bfdf","created_at":"2026-06-22T12:12:39.271543+00:00"}
E   assert 200 == 403
E    +  where 200 = &lt;Response [200]&gt;.status_code</failure></testcase><testcase classname="backend.tests.test_iter2.TestCashierRBAC" name="test_cashier_cannot_create_car_item" time="0.049"><failure message="AssertionError: Expected 403 but got 200: {&quot;brand&quot;:&quot;T&quot;,&quot;model&quot;:&quot;M&quot;,&quot;description&quot;:&quot;&quot;,&quot;plate&quot;:&quot;CASH-1&quot;,&quot;chassis&quot;:&quot;&quot;,&quot;fuel_percent&quot;:0,&quot;color&quot;:&quot;&quot;,&quot;year&quot;:null,&quot;photo_url&quot;:&quot;&quot;,&quot;document_url&quot;:&quot;&quot;,&quot;id&quot;:&quot;29325ee0-3158-40bc-8c9e-b3e2fe2de1a4&quot;,&quot;kind&quot;:&quot;car&quot;,&quot;status&quot;:&quot;in_stock&quot;,&quot;created_at&quot;:&quot;2026-06-22T12:12:39.334199+00:00&quot;}&#10;assert 200 == 403&#10; +  where 200 = &lt;Response [200]&gt;.status_code">backend/tests/test_iter2.py:313: in test_cashier_cannot_create_car_item
    assert r.status_code == 403, f"Expected 403 but got {r.status_code}: {r.text}"
E   AssertionError: Expected 403 but got 200: {"brand":"T","model":"M","description":"","plate":"CASH-1","chassis":"","fuel_percent":0,"color":"","year":null,"photo_url":"","document_url":"","id":"29325ee0-3158-40bc-8c9e-b3e2fe2de1a4","kind":"car","status":"in_stock","created_at":"2026-06-22T12:12:39.334199+00:00"}
E   assert 200 == 403
E    +  where 200 = &lt;Response [200]&gt;.status_code</failure></testcase><testcase classname="backend.tests.test_iter2.TestCashierRBAC" name="test_cashier_cannot_create_contract" time="0.224" /><testcase classname="backend.tests.test_iter2.TestCashierRBAC" name="test_cashier_can_create_payment" time="0.186" /><testcase classname="backend.tests.test_iter2.TestStaffRBAC" name="test_staff_cannot_list_users" time="0.043" /><testcase classname="backend.tests.test_iter2.TestStaffRBAC" name="test_staff_cannot_view_audit_log" time="0.044" /><testcase classname="backend.tests.test_iter2.TestStaffRBAC" name="test_staff_can_create_client" time="0.095" /></testsuite></testsuites>