<?xml version="1.0" encoding="utf-8"?><testsuites name="pytest tests"><testsuite name="pytest" errors="0" failures="0" skipped="0" tests="5" time="1.084" timestamp="2026-07-22T08:27:43.378607+00:00" hostname="agent-env-61e970cc-6919-4f6c-9585-5f47bf2557b9"><testcase classname="backend.tests.test_iter48_backlog_batch.TestSettingsDefaults" name="test_settings_motorcycle_now_10" time="0.455" /><testcase classname="backend.tests.test_iter48_backlog_batch.TestSettingsDefaults" name="test_existing_motorcycle_contracts_preserve_rate" time="0.402" /><testcase classname="backend.tests.test_iter48_backlog_batch.TestAuctionOrphanEnrichment" name="test_auctions_have_no_empty_client_name" time="0.059" /><testcase classname="backend.tests.test_iter48_backlog_batch.TestAuctionOrphanEnrichment" name="test_orphan_auctions_use_deleted_label" time="0.049" /><testcase classname="backend.tests.test_iter48_backlog_batch.TestAuctionOrphanEnrichment" name="test_deleted_label_matches_contract_number" time="0.051" /></testsuite></testsuites>