<?xml version="1.0" encoding="utf-8"?><testsuites name="pytest tests"><testsuite name="pytest" errors="0" failures="0" skipped="0" tests="61" time="40.741" timestamp="2026-08-06T02:32:04.048532+00:00" hostname="agent-env-61e970cc-6919-4f6c-9585-5f47bf2557b9"><testcase classname="tests.test_iter60_capital_split" name="test_capital_source_returns_seven_kpis" time="0.681" /><testcase classname="tests.test_iter60_capital_split" name="test_principal_repayment_reduces_outstanding_only" time="1.443" /><testcase classname="tests.test_iter60_capital_split" name="test_interest_repayment_books_expense_and_reduces_net_profit" time="1.452" /><testcase classname="tests.test_iter60_capital_split" name="test_mixed_repayment" time="1.428" /><testcase classname="tests.test_iter60_capital_split" name="test_legacy_amount_only_treated_as_principal" time="1.521" /><testcase classname="tests.test_iter60_capital_split" name="test_zero_repayment_rejected" time="0.248" /><testcase classname="tests.test_iter60_capital_split" name="test_interest_expense_category_available" time="0.081" /><testcase classname="tests.test_iter61_income_statement.TestOptionBIncomeStatement" name="test_summary_exposes_operating_and_financial_expenses" time="1.004" /><testcase classname="tests.test_iter61_income_statement.TestOptionBIncomeStatement" name="test_income_statement_math_holds" time="0.566" /><testcase classname="tests.test_iter61_income_statement.TestOptionBIncomeStatement" name="test_interest_expense_goes_to_financial_bucket" time="1.504" /><testcase classname="tests.test_iter61_income_statement.TestCapitalReminders" name="test_endpoint_exists_and_returns_summary" time="0.105" /><testcase classname="tests.test_iter61_income_statement.TestCapitalReminders" name="test_force_flag_scans_overdue_sources" time="0.187" /><testcase classname="tests.test_iter61_income_statement.TestCapitalReminders" name="test_capital_reminder_triggers_when_due_within_window" time="0.410" /><testcase classname="tests.test_iter62_repayment_history" name="test_list_repayments_backfills_split_fields" time="0.715" /><testcase classname="tests.test_iter62_repayment_history" name="test_delete_repayment_reverses_all_three_effects" time="2.208" /><testcase classname="tests.test_iter62_repayment_history" name="test_delete_nonexistent_repayment_returns_404" time="0.254" /><testcase classname="tests.test_iter63_capital_pdf" name="test_capital_pdf_endpoint_returns_valid_pdf" time="0.582" /><testcase classname="tests.test_iter63_capital_pdf" name="test_capital_pdf_contains_split_data" time="0.445" /><testcase classname="tests.test_iter64_frequency_wa_alerts.TestPaymentFrequency" name="test_monthly_walks_by_one_month" time="0.621" /><testcase classname="tests.test_iter64_frequency_wa_alerts.TestPaymentFrequency" name="test_quarterly_walks_by_three_months" time="0.247" /><testcase classname="tests.test_iter64_frequency_wa_alerts.TestPaymentFrequency" name="test_lump_sum_has_single_anchor_at_end" time="0.244" /><testcase classname="tests.test_iter64_frequency_wa_alerts.TestAdminAlertsPhone" name="test_setting_roundtrip" time="0.190" /><testcase classname="tests.test_iter64_frequency_wa_alerts.TestAdminAlertsPhone" name="test_setting_can_be_cleared" time="0.163" /><testcase classname="tests.test_iter65_amortization_pdf" name="test_endpoint_returns_valid_pdf" time="0.750" /><testcase classname="tests.test_iter65_amortization_pdf" name="test_endpoint_returns_404_for_unknown_source" time="0.228" /><testcase classname="tests.test_iter65_amortization_pdf" name="test_endpoint_requires_auth" time="0.212" /><testcase classname="tests.test_iter65_amortization_pdf" name="test_quarterly_produces_valid_pdf" time="0.276" /><testcase classname="tests.test_iter65_amortization_pdf" name="test_lump_sum_produces_valid_pdf" time="0.278" /><testcase classname="tests.test_iter66_schedule_ledger" name="test_returns_404_for_unknown_source" time="0.478" /><testcase classname="tests.test_iter66_schedule_ledger" name="test_requires_auth" time="0.157" /><testcase classname="tests.test_iter66_schedule_ledger" name="test_monthly_12mo_produces_12_installments" time="0.296" /><testcase classname="tests.test_iter66_schedule_ledger" name="test_quarterly_12mo_produces_4_installments" time="0.269" /><testcase classname="tests.test_iter66_schedule_ledger" name="test_lump_sum_produces_one_installment" time="0.250" /><testcase classname="tests.test_iter66_schedule_ledger" name="test_status_classification" time="0.246" /><testcase classname="tests.test_iter66_schedule_ledger" name="test_paid_status_after_repayment" time="0.339" /><testcase classname="tests.test_iter67_auction_split" name="test_response_exposes_auction_net_profit" time="1.034" /><testcase classname="tests.test_iter67_auction_split" name="test_auction_profit_no_longer_double_counts_interest" time="0.605" /><testcase classname="tests.test_iter67_auction_split" name="test_auction_net_profit_matches_realized_minus_loss" time="0.601" /><testcase classname="tests.test_iter67_auction_split" name="test_income_statement_identity_still_holds" time="0.579" /><testcase classname="tests.test_iter67_auction_split" name="test_capital_recovered_plus_realized_matches_sales" time="0.600" /><testcase classname="tests.test_iter68_auction_report" name="test_report_shape" time="0.484" /><testcase classname="tests.test_iter68_auction_report" name="test_totals_reconcile_with_summary" time="0.668" /><testcase classname="tests.test_iter68_auction_report" name="test_year_filter_narrows_dataset" time="0.083" /><testcase classname="tests.test_iter68_auction_report" name="test_top_gainers_sorted_desc" time="0.089" /><testcase classname="tests.test_iter68_auction_report" name="test_pdf_endpoint_returns_valid_pdf" time="0.139" /><testcase classname="tests.test_iter68_auction_report" name="test_pdf_month_year_filter_still_returns_valid_pdf" time="0.117" /><testcase classname="tests.test_iter68_auction_report" name="test_endpoint_requires_auth" time="0.337" /><testcase classname="tests.test_iter69_auction_backfill" name="test_endpoint_returns_summary_shape" time="0.495" /><testcase classname="tests.test_iter69_auction_backfill" name="test_dry_run_does_not_mutate_db" time="1.268" /><testcase classname="tests.test_iter69_auction_backfill" name="test_requires_admin" time="0.155" /><testcase classname="tests.test_iter69_auction_backfill" name="test_skipped_reasons_are_helpful" time="0.095" /><testcase classname="tests.test_iter70_wrapup" name="test_expense_categories_expose_financial_costs_group" time="0.472" /><testcase classname="tests.test_iter70_wrapup" name="test_pytest_rerunfailures_configured" time="0.001" /><testcase classname="tests.test_iter71_finance_pdf" name="test_finance_summary_pdf_returns_valid_pdf" time="1.047" /><testcase classname="tests.test_iter71_finance_pdf" name="test_finance_summary_pdf_contains_income_statement_section" time="0.784" /><testcase classname="tests.test_iter71_finance_pdf" name="test_finance_summary_pdf_has_new_kpi_rows" time="0.651" /><testcase classname="tests.test_iter71_finance_pdf" name="test_income_statement_math_reconciles" time="0.593" /><testcase classname="tests.test_iter72_penalty_reactivation" name="test_penalty_survives_reactivation" time="2.932" /><testcase classname="tests.test_iter72_penalty_reactivation" name="test_reactivation_does_not_add_new_penalty" time="4.863" /><testcase classname="tests.test_iter73_finance_pdf_auction_breakdown" name="test_summary_fields_unchanged" time="1.110" /><testcase classname="tests.test_iter73_finance_pdf_auction_breakdown" name="test_finance_pdf_contains_auction_breakdown" time="0.704" /></testsuite></testsuites>