<?xml version="1.0" encoding="utf-8"?><testsuites name="pytest tests"><testsuite name="pytest" errors="0" failures="0" skipped="0" tests="15" time="4.921" timestamp="2026-06-30T10:26:49.578955+00:00" hostname="agent-env-61e970cc-6919-4f6c-9585-5f47bf2557b9"><testcase classname="backend.tests.test_iter10_regression.TestItemsNameMachineNumber" name="test_car_name_and_machine_number_roundtrip" time="0.655" /><testcase classname="backend.tests.test_iter10_regression.TestItemsNameMachineNumber" name="test_motorcycle_name_and_machine_number_roundtrip" time="0.174" /><testcase classname="backend.tests.test_iter10_regression.TestItemsNameMachineNumber" name="test_pezadu_name_and_machine_number_roundtrip" time="0.132" /><testcase classname="backend.tests.test_iter10_regression.TestContractsOverdue" name="test_contract_has_days_overdue_and_penalty_paid_fields" time="0.391" /><testcase classname="backend.tests.test_iter10_regression.TestContractsOverdue" name="test_contract_auction_ready_after_10_days" time="0.297" /><testcase classname="backend.tests.test_iter10_regression.TestOverduePayments" name="test_overdue_penalty_only" time="0.355" /><testcase classname="backend.tests.test_iter10_regression.TestOverduePayments" name="test_overdue_interest_pen" time="0.421" /><testcase classname="backend.tests.test_iter10_regression.TestOverduePayments" name="test_overdue_full_closes_contract" time="0.347" /><testcase classname="backend.tests.test_iter10_regression.TestCapitalSource" name="test_capital_source_with_term_months" time="0.208" /><testcase classname="backend.tests.test_iter10_regression.TestAuctionSold" name="test_mark_sold_with_explicit_interest_fee" time="1.012" /><testcase classname="backend.tests.test_iter10_regression.TestAuctionSold" name="test_mark_sold_without_interest_fee_auto_computes" time="0.443" /><testcase classname="backend.tests.test_iter10_regression.TestRegression" name="test_dashboard_summary" time="0.085" /><testcase classname="backend.tests.test_iter10_regression.TestRegression" name="test_finance_summary_keys" time="0.107" /><testcase classname="backend.tests.test_iter10_regression.TestRegression" name="test_settings_still_loads" time="0.045" /><testcase classname="backend.tests.test_iter10_regression.TestRegression" name="test_backups_list" time="0.086" /></testsuite></testsuites>