<?xml version="1.0" encoding="utf-8"?><testsuites name="pytest tests"><testsuite name="pytest" errors="0" failures="0" skipped="0" tests="9" time="2.104" timestamp="2026-07-22T03:24:27.646285+00:00" hostname="agent-env-61e970cc-6919-4f6c-9585-5f47bf2557b9"><testcase classname="backend.tests.test_iter40_pawn_ui_changes.TestDashboardSummary" name="test_summary_includes_auction_ready" time="0.597" /><testcase classname="backend.tests.test_iter40_pawn_ui_changes.TestAuctionsListEnrichment" name="test_auctions_include_client_name" time="0.063" /><testcase classname="backend.tests.test_iter40_pawn_ui_changes.TestFinanceSummaryFormula" name="test_finance_summary_uses_auction_interest_profit" time="0.351" /><testcase classname="backend.tests.test_iter40_pawn_ui_changes.TestInvoiceDelete" name="test_delete_invoice_admin_and_cleanup" time="0.204" /><testcase classname="backend.tests.test_iter40_pawn_ui_changes.TestInvoiceDelete" name="test_delete_invoice_404_when_missing" time="0.046" /><testcase classname="backend.tests.test_iter40_pawn_ui_changes.TestInvoiceDeleteRBAC" name="test_unauthenticated_delete_invoice_forbidden" time="0.115" /><testcase classname="backend.tests.test_iter40_pawn_ui_changes.TestRegression" name="test_reports_v2_financial" time="0.544" /><testcase classname="backend.tests.test_iter40_pawn_ui_changes.TestRegression" name="test_auctions_list_still_works" time="0.050" /><testcase classname="backend.tests.test_iter40_pawn_ui_changes.TestRegression" name="test_dashboard_summary_still_works" time="0.048" /></testsuite></testsuites>