<?xml version="1.0" encoding="utf-8"?><testsuites name="pytest tests"><testsuite name="pytest" errors="0" failures="0" skipped="0" tests="49" time="14.666" timestamp="2026-06-25T10:49:29.030540+00:00" hostname="agent-env-61e970cc-6919-4f6c-9585-5f47bf2557b9"><testcase classname="backend.tests.test_iter9_regression.TestAuth" name="test_login_and_me" time="0.420" /><testcase classname="backend.tests.test_iter9_regression.TestAuth" name="test_unauth_me_returns_401" time="0.101" /><testcase classname="backend.tests.test_iter9_regression.TestAuth" name="test_login_bad_password" time="0.321" /><testcase classname="backend.tests.test_iter9_regression.TestAuth" name="test_logout_clears_session" time="0.428" /><testcase classname="backend.tests.test_iter9_regression.TestDashboard" name="test_dashboard_summary" time="0.043" /><testcase classname="backend.tests.test_iter9_regression.TestDashboard" name="test_dashboard_trends" time="0.045" /><testcase classname="backend.tests.test_iter9_regression.TestClients" name="test_list_clients" time="0.053" /><testcase classname="backend.tests.test_iter9_regression.TestClients" name="test_create_get_update_persisted" time="0.256" /><testcase classname="backend.tests.test_iter9_regression.TestItems" name="test_list_all_kinds" time="0.183" /><testcase classname="backend.tests.test_iter9_regression.TestItems" name="test_invalid_kind_400" time="0.040" /><testcase classname="backend.tests.test_iter9_regression.TestItems" name="test_pezadu_crud_full" time="0.705" /><testcase classname="backend.tests.test_iter9_regression.TestContracts" name="test_list_contracts" time="0.212" /><testcase classname="backend.tests.test_iter9_regression.TestContracts" name="test_contract_number_format" time="0.000" /><testcase classname="backend.tests.test_iter9_regression.TestContracts" name="test_contract_pdf_download" time="0.109" /><testcase classname="backend.tests.test_iter9_regression.TestPayments" name="test_partial_payment_with_penalty_or_interest" time="0.127" /><testcase classname="backend.tests.test_iter9_regression.TestAuctions" name="test_list_auctions" time="0.039" /><testcase classname="backend.tests.test_iter9_regression.TestFinance" name="test_finance_summary" time="0.100" /><testcase classname="backend.tests.test_iter9_regression.TestFinance" name="test_finance_summary_pdf" time="0.117" /><testcase classname="backend.tests.test_iter9_regression.TestFinance" name="test_expenses_list" time="0.038" /><testcase classname="backend.tests.test_iter9_regression.TestFinance" name="test_funding_sources_list" time="0.043" /><testcase classname="backend.tests.test_iter9_regression.TestReports" name="test_report_v2_loads[active-contracts]" time="0.116" /><testcase classname="backend.tests.test_iter9_regression.TestReports" name="test_report_v2_loads[payments]" time="0.086" /><testcase classname="backend.tests.test_iter9_regression.TestReports" name="test_report_v2_loads[overdue]" time="0.120" /><testcase classname="backend.tests.test_iter9_regression.TestReports" name="test_report_v2_loads[auction]" time="0.041" /><testcase classname="backend.tests.test_iter9_regression.TestReports" name="test_report_v2_loads[inventory]" time="0.057" /><testcase classname="backend.tests.test_iter9_regression.TestReports" name="test_report_v2_loads[financial]" time="0.177" /><testcase classname="backend.tests.test_iter9_regression.TestReports" name="test_report_v2_loads[treasury]" time="0.050" /><testcase classname="backend.tests.test_iter9_regression.TestReports" name="test_report_v2_export[active-contracts-xlsx]" time="0.487" /><testcase classname="backend.tests.test_iter9_regression.TestReports" name="test_report_v2_export[active-contracts-pdf]" time="0.134" /><testcase classname="backend.tests.test_iter9_regression.TestReports" name="test_report_v2_export[payments-xlsx]" time="0.094" /><testcase classname="backend.tests.test_iter9_regression.TestReports" name="test_report_v2_export[payments-pdf]" time="0.121" /><testcase classname="backend.tests.test_iter9_regression.TestReports" name="test_report_v2_export[financial-xlsx]" time="0.166" /><testcase classname="backend.tests.test_iter9_regression.TestReports" name="test_report_v2_export[financial-pdf]" time="0.182" /><testcase classname="backend.tests.test_iter9_regression.TestSettingsWhatsApp" name="test_save_dummy_whatsapp_and_token_masked" time="0.166" /><testcase classname="backend.tests.test_iter9_regression.TestSettingsWhatsApp" name="test_whatsapp_test_handles_meta_failure_gracefully" time="0.453" /><testcase classname="backend.tests.test_iter9_regression.TestSettingsWhatsApp" name="test_whatsapp_test_requires_configured" time="0.047" /><testcase classname="backend.tests.test_iter9_regression.TestWarehousePassword" name="test_set_warehouse_password" time="0.276" /><testcase classname="backend.tests.test_iter9_regression.TestWarehousePassword" name="test_public_warehouse_status" time="0.138" /><testcase classname="backend.tests.test_iter9_regression.TestWarehousePassword" name="test_public_warehouse_blocked_without_token" time="1.595" /><testcase classname="backend.tests.test_iter9_regression.TestWarehousePassword" name="test_public_warehouse_unlock_with_correct_password" time="0.422" /><testcase classname="backend.tests.test_iter9_regression.TestWarehousePassword" name="test_public_warehouse_unlock_wrong_password" time="0.312" /><testcase classname="backend.tests.test_iter9_regression.TestPublic" name="test_public_auction_items_open" time="0.111" /><testcase classname="backend.tests.test_iter9_regression.TestBackups" name="test_list_backups" time="0.039" /><testcase classname="backend.tests.test_iter9_regression.TestBackups" name="test_backup_schedule" time="0.082" /><testcase classname="backend.tests.test_iter9_regression.TestBackups" name="test_generate_backup_zip" time="3.961" /><testcase classname="backend.tests.test_iter9_regression.TestBackups" name="test_download_backup_zip" time="0.114" /><testcase classname="backend.tests.test_iter9_regression.TestBackups" name="test_generate_full_project_backup" time="0.748" /><testcase classname="backend.tests.test_iter9_regression.TestBackups" name="test_backup_filename_traversal_blocked" time="0.039" /><testcase classname="backend.tests.test_iter9_regression.TestUnauth" name="test_endpoints_require_auth" time="0.810" /></testsuite></testsuites>