<?xml version="1.0" encoding="utf-8"?><testsuites name="pytest tests"><testsuite name="pytest" errors="141" failures="35" skipped="1" tests="485" time="176.200" timestamp="2026-08-04T08:45:03.400995+00:00" hostname="agent-env-61e970cc-6919-4f6c-9585-5f47bf2557b9"><testcase classname="tests.backend_test" name="test_health_root" time="10.001"><failure message="Failed: Timeout (&gt;10.0s) from pytest-timeout.">E   Failed: Timeout (&gt;10.0s) from pytest-timeout.</failure></testcase><testcase classname="tests.backend_test.TestPublic" name="test_public_auction_items" time="10.000"><failure message="Failed: Timeout (&gt;10.0s) from pytest-timeout.">E   Failed: Timeout (&gt;10.0s) from pytest-timeout.</failure></testcase><testcase classname="tests.backend_test.TestPublic" name="test_public_warehouse" time="10.001"><failure message="Failed: Timeout (&gt;10.0s) from pytest-timeout.">E   Failed: Timeout (&gt;10.0s) from pytest-timeout.</failure></testcase><testcase classname="tests.backend_test.TestAuth" name="test_login_invalid" time="10.001"><failure message="Failed: Timeout (&gt;10.0s) from pytest-timeout.">E   Failed: Timeout (&gt;10.0s) from pytest-timeout.</failure></testcase><testcase classname="tests.test_iter17_reminders" name="test_refactor_get_endpoints_200[/items/motorcycle]" time="10.001"><error message="failed on setup with &quot;Failed: Timeout (&gt;10.0s) from pytest-timeout.&quot;">E   Failed: Timeout (&gt;10.0s) from pytest-timeout.</error></testcase><testcase classname="tests.test_iter13_module_access.TestAuthShape" name="test_auth_me_has_allowed_modules_cashier" time="10.001"><error message="failed on setup with &quot;Failed: Timeout (&gt;10.0s) from pytest-timeout.&quot;">E   Failed: Timeout (&gt;10.0s) from pytest-timeout.</error></testcase><testcase classname="tests.test_iter17_reminders" name="test_refactor_get_endpoints_200[/items/electronic]" time="0.000"><error message="failed on setup with &quot;Failed: Timeout (&gt;10.0s) from pytest-timeout.&quot;">E   Failed: Timeout (&gt;10.0s) from pytest-timeout.</error></testcase><testcase classname="tests.test_iter13_module_access.TestModuleGating" name="test_dashboard_allowed" time="0.000"><error message="failed on setup with &quot;Failed: Timeout (&gt;10.0s) from pytest-timeout.&quot;">E   Failed: Timeout (&gt;10.0s) from pytest-timeout.</error></testcase><testcase classname="tests.test_iter17_reminders" name="test_refactor_get_endpoints_200[/items/pezadu]" time="0.000"><error message="failed on setup with &quot;Failed: Timeout (&gt;10.0s) from pytest-timeout.&quot;">E   Failed: Timeout (&gt;10.0s) from pytest-timeout.</error></testcase><testcase classname="tests.test_iter17_reminders" name="test_refactor_get_endpoints_200[/users]" time="0.000"><error message="failed on setup with &quot;Failed: Timeout (&gt;10.0s) from pytest-timeout.&quot;">E   Failed: Timeout (&gt;10.0s) from pytest-timeout.</error></testcase><testcase classname="tests.test_iter17_reminders" name="test_refactor_get_endpoints_200[/users/modules]" time="0.000"><error message="failed on setup with &quot;Failed: Timeout (&gt;10.0s) from pytest-timeout.&quot;">E   Failed: Timeout (&gt;10.0s) from pytest-timeout.</error></testcase><testcase classname="tests.test_iter13_module_access.TestModuleGating" name="test_payments_allowed" time="0.000"><error message="failed on setup with &quot;Failed: Timeout (&gt;10.0s) from pytest-timeout.&quot;">E   Failed: Timeout (&gt;10.0s) from pytest-timeout.</error></testcase><testcase classname="tests.test_iter17_reminders" name="test_refactor_get_endpoints_200[/settings]" time="0.000"><error message="failed on setup with &quot;Failed: Timeout (&gt;10.0s) from pytest-timeout.&quot;">E   Failed: Timeout (&gt;10.0s) from pytest-timeout.</error></testcase><testcase classname="tests.test_iter13_module_access.TestModuleGating" name="test_clients_blocked" time="0.000"><error message="failed on setup with &quot;Failed: Timeout (&gt;10.0s) from pytest-timeout.&quot;">E   Failed: Timeout (&gt;10.0s) from pytest-timeout.</error></testcase><testcase classname="tests.test_iter13_module_access.TestModuleGating" name="test_finance_blocked" time="0.000"><error message="failed on setup with &quot;Failed: Timeout (&gt;10.0s) from pytest-timeout.&quot;">E   Failed: Timeout (&gt;10.0s) from pytest-timeout.</error></testcase><testcase classname="tests.test_iter13_module_access.TestModuleGating" name="test_items_car_blocked" time="0.000"><error message="failed on setup with &quot;Failed: Timeout (&gt;10.0s) from pytest-timeout.&quot;">E   Failed: Timeout (&gt;10.0s) from pytest-timeout.</error></testcase><testcase classname="tests.test_iter13_module_access.TestModuleGating" name="test_contracts_blocked" time="0.000"><error message="failed on setup with &quot;Failed: Timeout (&gt;10.0s) from pytest-timeout.&quot;">E   Failed: Timeout (&gt;10.0s) from pytest-timeout.</error></testcase><testcase classname="tests.test_iter17_reminders" name="test_refactor_get_endpoints_200[/dashboard/summary]" time="0.000"><error message="failed on setup with &quot;Failed: Timeout (&gt;10.0s) from pytest-timeout.&quot;">E   Failed: Timeout (&gt;10.0s) from pytest-timeout.</error></testcase><testcase classname="tests.test_iter17_reminders" name="test_refactor_get_endpoints_200[/finance/summary]" time="0.000"><error message="failed on setup with &quot;Failed: Timeout (&gt;10.0s) from pytest-timeout.&quot;">E   Failed: Timeout (&gt;10.0s) from pytest-timeout.</error></testcase><testcase classname="tests.test_iter13_module_access.TestModuleGating" name="test_auctions_blocked" time="0.000"><error message="failed on setup with &quot;Failed: Timeout (&gt;10.0s) from pytest-timeout.&quot;">E   Failed: Timeout (&gt;10.0s) from pytest-timeout.</error></testcase><testcase classname="tests.test_iter17_reminders" name="test_refactor_get_endpoints_200[/reports/v2/inventory]" time="0.000"><error message="failed on setup with &quot;Failed: Timeout (&gt;10.0s) from pytest-timeout.&quot;">E   Failed: Timeout (&gt;10.0s) from pytest-timeout.</error></testcase><testcase classname="tests.test_iter13_module_access.TestModuleGating" name="test_reports_blocked" time="0.000"><error message="failed on setup with &quot;Failed: Timeout (&gt;10.0s) from pytest-timeout.&quot;">E   Failed: Timeout (&gt;10.0s) from pytest-timeout.</error></testcase><testcase classname="tests.test_iter17_reminders" name="test_refactor_get_endpoints_200[/audit-log]" time="0.000"><error message="failed on setup with &quot;Failed: Timeout (&gt;10.0s) from pytest-timeout.&quot;">E   Failed: Timeout (&gt;10.0s) from pytest-timeout.</error></testcase><testcase classname="tests.test_iter13_module_access.TestModuleGating" name="test_add_clients_then_allowed" time="0.000"><error message="failed on setup with &quot;Failed: Timeout (&gt;10.0s) from pytest-timeout.&quot;">E   Failed: Timeout (&gt;10.0s) from pytest-timeout.</error></testcase><testcase classname="tests.test_iter17_reminders" name="test_admin_login_returns_allowed_modules" time="0.000"><error message="failed on setup with &quot;Failed: Timeout (&gt;10.0s) from pytest-timeout.&quot;">E   Failed: Timeout (&gt;10.0s) from pytest-timeout.</error></testcase><testcase classname="tests.test_iter13_module_access.TestAdminBypass" name="test_admin_can_hit_all_modules" time="0.000"><error message="failed on setup with &quot;Failed: Timeout (&gt;10.0s) from pytest-timeout.&quot;">E   Failed: Timeout (&gt;10.0s) from pytest-timeout.</error></testcase><testcase classname="tests.test_iter17_reminders" name="test_cashier_blocked_on_clients" time="0.000"><error message="failed on setup with &quot;Failed: Timeout (&gt;10.0s) from pytest-timeout.&quot;">E   Failed: Timeout (&gt;10.0s) from pytest-timeout.</error></testcase><testcase classname="tests.test_iter13_module_access.TestBackfill" name="test_all_existing_users_have_allowed_modules" time="0.000"><error message="failed on setup with &quot;Failed: Timeout (&gt;10.0s) from pytest-timeout.&quot;">E   Failed: Timeout (&gt;10.0s) from pytest-timeout.</error></testcase><testcase classname="tests.test_iter17_reminders" name="test_cashier_allowed_on_payments" time="0.000"><error message="failed on setup with &quot;Failed: Timeout (&gt;10.0s) from pytest-timeout.&quot;">E   Failed: Timeout (&gt;10.0s) from pytest-timeout.</error></testcase><testcase classname="tests.test_iter17_reminders" name="test_admin_bypasses_module_gate" time="0.000"><error message="failed on setup with &quot;Failed: Timeout (&gt;10.0s) from pytest-timeout.&quot;">E   Failed: Timeout (&gt;10.0s) from pytest-timeout.</error></testcase><testcase classname="tests.test_iter17_reminders" name="test_reminders_status_admin" time="0.000"><error message="failed on setup with &quot;Failed: Timeout (&gt;10.0s) from pytest-timeout.&quot;">E   Failed: Timeout (&gt;10.0s) from pytest-timeout.</error></testcase><testcase classname="tests.test_iter17_reminders" name="test_reminders_status_forbidden_for_cashier" time="0.000"><error message="failed on setup with &quot;Failed: Timeout (&gt;10.0s) from pytest-timeout.&quot;">E   Failed: Timeout (&gt;10.0s) from pytest-timeout.</error></testcase><testcase classname="tests.test_iter17_reminders" name="test_reminders_logs_forbidden_for_cashier" time="0.000"><error message="failed on setup with &quot;Failed: Timeout (&gt;10.0s) from pytest-timeout.&quot;">E   Failed: Timeout (&gt;10.0s) from pytest-timeout.</error></testcase><testcase classname="tests.test_iter17_reminders" name="test_reminders_run_returns_summary" time="0.000"><error message="failed on setup with &quot;Failed: Timeout (&gt;10.0s) from pytest-timeout.&quot;">E   Failed: Timeout (&gt;10.0s) from pytest-timeout.</error></testcase><testcase classname="tests.test_iter17_reminders" name="test_reminders_dedup_second_run" time="0.000"><error message="failed on setup with &quot;Failed: Timeout (&gt;10.0s) from pytest-timeout.&quot;">E   Failed: Timeout (&gt;10.0s) from pytest-timeout.</error></testcase><testcase classname="tests.test_iter17_reminders" name="test_reminders_logs_shape" time="0.000"><error message="failed on setup with &quot;Failed: Timeout (&gt;10.0s) from pytest-timeout.&quot;">E   Failed: Timeout (&gt;10.0s) from pytest-timeout.</error></testcase><testcase classname="tests.test_iter17_reminders" name="test_reminders_master_toggle_disables_run" time="0.000"><error message="failed on setup with &quot;Failed: Timeout (&gt;10.0s) from pytest-timeout.&quot;">E   Failed: Timeout (&gt;10.0s) from pytest-timeout.</error></testcase><testcase classname="tests.test_iter17_reminders" name="test_reminders_day_boundary_targets_7_and_9_only" time="0.000"><error message="failed on setup with &quot;Failed: Timeout (&gt;10.0s) from pytest-timeout.&quot;">E   Failed: Timeout (&gt;10.0s) from pytest-timeout.</error></testcase><testcase classname="tests.test_iter17_reminders" name="test_iter16_disbursement_still_autoinserted" time="0.000"><error message="failed on setup with &quot;Failed: Timeout (&gt;10.0s) from pytest-timeout.&quot;">E   Failed: Timeout (&gt;10.0s) from pytest-timeout.</error></testcase><testcase classname="tests.backend_test.TestAuth" name="test_me_unauthenticated" time="10.001"><failure message="Failed: Timeout (&gt;10.0s) from pytest-timeout.">E   Failed: Timeout (&gt;10.0s) from pytest-timeout.</failure></testcase><testcase classname="tests.backend_test.TestPublic" name="test_public_contact" time="10.001"><failure message="Failed: Timeout (&gt;10.0s) from pytest-timeout.">E   Failed: Timeout (&gt;10.0s) from pytest-timeout.</failure></testcase><testcase classname="tests.test_iter14_auction_gate.TestAuctionStatus" name="test_status_locked_when_password_set" time="10.001"><error message="failed on setup with &quot;Failed: Timeout (&gt;10.0s) from pytest-timeout.&quot;">E   Failed: Timeout (&gt;10.0s) from pytest-timeout.</error></testcase><testcase classname="tests.test_iter14_auction_gate.TestAuctionGate" name="test_no_token_returns_401" time="0.000"><error message="failed on setup with &quot;Failed: Timeout (&gt;10.0s) from pytest-timeout.&quot;">E   Failed: Timeout (&gt;10.0s) from pytest-timeout.</error></testcase><testcase classname="tests.test_iter14_auction_gate.TestAuctionGate" name="test_bad_token_returns_401" time="0.000"><error message="failed on setup with &quot;Failed: Timeout (&gt;10.0s) from pytest-timeout.&quot;">E   Failed: Timeout (&gt;10.0s) from pytest-timeout.</error></testcase><testcase classname="tests.test_iter14_auction_gate.TestAuctionGate" name="test_unlock_with_visitor_password" time="0.000"><error message="failed on setup with &quot;Failed: Timeout (&gt;10.0s) from pytest-timeout.&quot;">E   Failed: Timeout (&gt;10.0s) from pytest-timeout.</error></testcase><testcase classname="tests.test_iter14_auction_gate.TestAuctionGate" name="test_unlock_with_bad_password" time="0.000"><error message="failed on setup with &quot;Failed: Timeout (&gt;10.0s) from pytest-timeout.&quot;">E   Failed: Timeout (&gt;10.0s) from pytest-timeout.</error></testcase><testcase classname="tests.test_iter14_auction_gate.TestAuctionGate" name="test_token_unlocks_auction_items" time="0.000"><error message="failed on setup with &quot;Failed: Timeout (&gt;10.0s) from pytest-timeout.&quot;">E   Failed: Timeout (&gt;10.0s) from pytest-timeout.</error></testcase><testcase classname="tests.test_iter14_auction_gate.TestAuctionGate" name="test_same_token_unlocks_warehouse" time="0.000"><error message="failed on setup with &quot;Failed: Timeout (&gt;10.0s) from pytest-timeout.&quot;">E   Failed: Timeout (&gt;10.0s) from pytest-timeout.</error></testcase><testcase classname="tests.test_iter18_receipt_item.TestDisbursementReceiptPawnItem" name="test_disbursement_pdf_pawn_item_block" time="10.001"><error message="failed on setup with &quot;Failed: Timeout (&gt;10.0s) from pytest-timeout.&quot;">E   Failed: Timeout (&gt;10.0s) from pytest-timeout.</error></testcase><testcase classname="tests.test_iter18_receipt_item.TestDisbursementReceiptPawnItem" name="test_disbursement_pdf_signature_names" time="0.000"><error message="failed on setup with &quot;Failed: Timeout (&gt;10.0s) from pytest-timeout.&quot;">E   Failed: Timeout (&gt;10.0s) from pytest-timeout.</error></testcase><testcase classname="tests.test_iter18_receipt_item.TestDisbursementReceiptPawnItem" name="test_disbursement_pdf_has_description_freetext" time="0.000"><error message="failed on setup with &quot;Failed: Timeout (&gt;10.0s) from pytest-timeout.&quot;">E   Failed: Timeout (&gt;10.0s) from pytest-timeout.</error></testcase><testcase classname="tests.test_iter18_receipt_item.TestDisbursementReceiptPawnItem" name="test_iter16_regression_disbursement_title_and_box" time="0.000"><error message="failed on setup with &quot;Failed: Timeout (&gt;10.0s) from pytest-timeout.&quot;">E   Failed: Timeout (&gt;10.0s) from pytest-timeout.</error></testcase><testcase classname="tests.test_iter18_receipt_item.TestRegularPaymentReceipt" name="test_regular_payment_pdf_shows_item_block_and_repayment_box" time="0.000"><error message="failed on setup with &quot;Failed: Timeout (&gt;10.0s) from pytest-timeout.&quot;">E   Failed: Timeout (&gt;10.0s) from pytest-timeout.</error></testcase><testcase classname="tests.test_iter18_receipt_item.TestOrphanItemReceipt" name="test_pdf_ok_when_item_deleted" time="0.000"><error message="failed on setup with &quot;Failed: Timeout (&gt;10.0s) from pytest-timeout.&quot;">E   Failed: Timeout (&gt;10.0s) from pytest-timeout.</error></testcase><testcase classname="tests.test_iter18_receipt_item.TestIter17RemindersRegression" name="test_reminders_status_structure" time="0.000"><error message="failed on setup with &quot;Failed: Timeout (&gt;10.0s) from pytest-timeout.&quot;">E   Failed: Timeout (&gt;10.0s) from pytest-timeout.</error></testcase><testcase classname="tests.test_iter18_receipt_item.TestIter17RemindersRegression" name="test_reminders_run_works" time="0.000"><error message="failed on setup with &quot;Failed: Timeout (&gt;10.0s) from pytest-timeout.&quot;">E   Failed: Timeout (&gt;10.0s) from pytest-timeout.</error></testcase><testcase classname="tests.test_iter18_receipt_item.TestIter10Regression" name="test_car_name_and_machine_number_roundtrip" time="0.000"><error message="failed on setup with &quot;Failed: Timeout (&gt;10.0s) from pytest-timeout.&quot;">E   Failed: Timeout (&gt;10.0s) from pytest-timeout.</error></testcase><testcase classname="tests.test_iter16_disbursement.TestDisbursementAuto" name="test_contract_created_status_and_balances" time="10.001"><error message="failed on setup with &quot;Failed: Timeout (&gt;10.0s) from pytest-timeout.&quot;">E   Failed: Timeout (&gt;10.0s) from pytest-timeout.</error></testcase><testcase classname="tests.test_iter16_disbursement.TestDisbursementAuto" name="test_iter10_regression_fields_present" time="0.000"><error message="failed on setup with &quot;Failed: Timeout (&gt;10.0s) from pytest-timeout.&quot;">E   Failed: Timeout (&gt;10.0s) from pytest-timeout.</error></testcase><testcase classname="tests.test_iter16_disbursement.TestDisbursementAuto" name="test_disbursement_payment_auto_created" time="0.000"><error message="failed on setup with &quot;Failed: Timeout (&gt;10.0s) from pytest-timeout.&quot;">E   Failed: Timeout (&gt;10.0s) from pytest-timeout.</error></testcase><testcase classname="tests.test_iter16_disbursement.TestDisbursementAuto" name="test_disbursement_pdf_content" time="0.000"><error message="failed on setup with &quot;Failed: Timeout (&gt;10.0s) from pytest-timeout.&quot;">E   Failed: Timeout (&gt;10.0s) from pytest-timeout.</error></testcase><testcase classname="tests.test_iter16_disbursement.TestContractPdfArticle4" name="test_contract_pdf_has_new_article4_lines" time="0.000"><error message="failed on setup with &quot;Failed: Timeout (&gt;10.0s) from pytest-timeout.&quot;">E   Failed: Timeout (&gt;10.0s) from pytest-timeout.</error></testcase><testcase classname="tests.test_iter16_disbursement.TestFinanceSummary" name="test_finance_client_payments_excludes_disbursement" time="0.000"><error message="failed on setup with &quot;Failed: Timeout (&gt;10.0s) from pytest-timeout.&quot;">E   Failed: Timeout (&gt;10.0s) from pytest-timeout.</error></testcase><testcase classname="tests.test_iter16_disbursement.TestRepaymentRegression" name="test_partial_payment_updates_paid_amount" time="0.000"><error message="failed on setup with &quot;Failed: Timeout (&gt;10.0s) from pytest-timeout.&quot;">E   Failed: Timeout (&gt;10.0s) from pytest-timeout.</error></testcase><testcase classname="tests.test_iter2.TestSettings" name="test_get_defaults" time="10.001"><error message="failed on setup with &quot;Failed: Timeout (&gt;10.0s) from pytest-timeout.&quot;">E   Failed: Timeout (&gt;10.0s) from pytest-timeout.</error></testcase><testcase classname="tests.test_iter2.TestSettings" name="test_put_updates_and_audit" time="0.000"><error message="failed on setup with &quot;Failed: Timeout (&gt;10.0s) from pytest-timeout.&quot;">E   Failed: Timeout (&gt;10.0s) from pytest-timeout.</error></testcase><testcase classname="tests.test_iter2.TestSettings" name="test_settings_put_non_admin" time="0.000"><error message="failed on setup with &quot;Failed: Timeout (&gt;10.0s) from pytest-timeout.&quot;">E   Failed: Timeout (&gt;10.0s) from pytest-timeout.</error></testcase><testcase classname="tests.test_iter2.TestContractDefaultRate" name="test_rate_honored_when_provided" time="0.000"><error message="failed on setup with &quot;Failed: Timeout (&gt;10.0s) from pytest-timeout.&quot;">E   Failed: Timeout (&gt;10.0s) from pytest-timeout.</error></testcase><testcase classname="tests.test_iter2.TestContractDefaultRate" name="test_rate_omitted_uses_settings_default" time="0.000"><error message="failed on setup with &quot;Failed: Timeout (&gt;10.0s) from pytest-timeout.&quot;">E   Failed: Timeout (&gt;10.0s) from pytest-timeout.</error></testcase><testcase classname="tests.test_iter2.TestContractPdfRicher" name="test_pdf_more_than_3kb" time="0.000"><error message="failed on setup with &quot;Failed: Timeout (&gt;10.0s) from pytest-timeout.&quot;">E   Failed: Timeout (&gt;10.0s) from pytest-timeout.</error></testcase><testcase classname="tests.test_iter2.TestPaymentDateValidation" name="test_payment_before_contract_date_rejected" time="0.000"><error message="failed on setup with &quot;Failed: Timeout (&gt;10.0s) from pytest-timeout.&quot;">E   Failed: Timeout (&gt;10.0s) from pytest-timeout.</error></testcase><testcase classname="tests.test_iter2.TestUploadDownload" name="test_upload_and_download" time="0.000"><error message="failed on setup with &quot;Failed: Timeout (&gt;10.0s) from pytest-timeout.&quot;">E   Failed: Timeout (&gt;10.0s) from pytest-timeout.</error></testcase><testcase classname="tests.test_iter2.TestDashboardTrends" name="test_trends_shape" time="0.000"><error message="failed on setup with &quot;Failed: Timeout (&gt;10.0s) from pytest-timeout.&quot;">E   Failed: Timeout (&gt;10.0s) from pytest-timeout.</error></testcase><testcase classname="tests.test_iter2.TestWhatsApp" name="test_send_returns_mocked" time="0.000"><error message="failed on setup with &quot;Failed: Timeout (&gt;10.0s) from pytest-timeout.&quot;">E   Failed: Timeout (&gt;10.0s) from pytest-timeout.</error></testcase><testcase classname="tests.test_iter2.TestWhatsApp" name="test_logs_contains_send" time="0.000"><error message="failed on setup with &quot;Failed: Timeout (&gt;10.0s) from pytest-timeout.&quot;">E   Failed: Timeout (&gt;10.0s) from pytest-timeout.</error></testcase><testcase classname="tests.test_iter2.TestWhatsApp" name="test_reminders_run" time="0.000"><error message="failed on setup with &quot;Failed: Timeout (&gt;10.0s) from pytest-timeout.&quot;">E   Failed: Timeout (&gt;10.0s) from pytest-timeout.</error></testcase><testcase classname="tests.test_iter2.TestAuditLog" name="test_admin_can_list" time="0.000"><error message="failed on setup with &quot;Failed: Timeout (&gt;10.0s) from pytest-timeout.&quot;">E   Failed: Timeout (&gt;10.0s) from pytest-timeout.</error></testcase><testcase classname="tests.test_iter2.TestAuditLog" name="test_staff_forbidden" time="0.000"><error message="failed on setup with &quot;Failed: Timeout (&gt;10.0s) from pytest-timeout.&quot;">E   Failed: Timeout (&gt;10.0s) from pytest-timeout.</error></testcase><testcase classname="tests.test_iter2.TestAuditLog" name="test_filter_by_resource" time="0.000"><error message="failed on setup with &quot;Failed: Timeout (&gt;10.0s) from pytest-timeout.&quot;">E   Failed: Timeout (&gt;10.0s) from pytest-timeout.</error></testcase><testcase classname="tests.test_iter2.TestCashierRBAC" name="test_cashier_cannot_create_client" time="0.000"><error message="failed on setup with &quot;Failed: Timeout (&gt;10.0s) from pytest-timeout.&quot;">E   Failed: Timeout (&gt;10.0s) from pytest-timeout.</error></testcase><testcase classname="tests.test_iter2.TestCashierRBAC" name="test_cashier_cannot_create_car_item" time="0.000"><error message="failed on setup with &quot;Failed: Timeout (&gt;10.0s) from pytest-timeout.&quot;">E   Failed: Timeout (&gt;10.0s) from pytest-timeout.</error></testcase><testcase classname="tests.test_iter2.TestCashierRBAC" name="test_cashier_cannot_create_contract" time="0.000"><error message="failed on setup with &quot;Failed: Timeout (&gt;10.0s) from pytest-timeout.&quot;">E   Failed: Timeout (&gt;10.0s) from pytest-timeout.</error></testcase><testcase classname="tests.test_iter2.TestCashierRBAC" name="test_cashier_can_create_payment" time="0.000"><error message="failed on setup with &quot;Failed: Timeout (&gt;10.0s) from pytest-timeout.&quot;">E   Failed: Timeout (&gt;10.0s) from pytest-timeout.</error></testcase><testcase classname="tests.test_iter2.TestStaffRBAC" name="test_staff_cannot_list_users" time="0.000"><error message="failed on setup with &quot;Failed: Timeout (&gt;10.0s) from pytest-timeout.&quot;">E   Failed: Timeout (&gt;10.0s) from pytest-timeout.</error></testcase><testcase classname="tests.test_iter2.TestStaffRBAC" name="test_staff_cannot_view_audit_log" time="0.000"><error message="failed on setup with &quot;Failed: Timeout (&gt;10.0s) from pytest-timeout.&quot;">E   Failed: Timeout (&gt;10.0s) from pytest-timeout.</error></testcase><testcase classname="tests.test_iter2.TestStaffRBAC" name="test_staff_can_create_client" time="0.000"><error message="failed on setup with &quot;Failed: Timeout (&gt;10.0s) from pytest-timeout.&quot;">E   Failed: Timeout (&gt;10.0s) from pytest-timeout.</error></testcase><testcase classname="tests.backend_test.TestAuth" name="test_me_authenticated" time="10.001"><error message="failed on setup with &quot;Failed: Timeout (&gt;10.0s) from pytest-timeout.&quot;">E   Failed: Timeout (&gt;10.0s) from pytest-timeout.</error></testcase><testcase classname="tests.test_iter10_regression.TestItemsNameMachineNumber" name="test_car_name_and_machine_number_roundtrip" time="10.001"><error message="failed on setup with &quot;Failed: Timeout (&gt;10.0s) from pytest-timeout.&quot;">E   Failed: Timeout (&gt;10.0s) from pytest-timeout.</error></testcase><testcase classname="tests.backend_test.TestAuth" name="test_login_sets_httponly_cookie" time="7.647" /><testcase classname="tests.test_iter10_regression.TestItemsNameMachineNumber" name="test_motorcycle_name_and_machine_number_roundtrip" time="0.000"><error message="failed on setup with &quot;Failed: Timeout (&gt;10.0s) from pytest-timeout.&quot;">E   Failed: Timeout (&gt;10.0s) from pytest-timeout.</error></testcase><testcase classname="tests.test_iter10_regression.TestItemsNameMachineNumber" name="test_pezadu_name_and_machine_number_roundtrip" time="0.000"><error message="failed on setup with &quot;Failed: Timeout (&gt;10.0s) from pytest-timeout.&quot;">E   Failed: Timeout (&gt;10.0s) from pytest-timeout.</error></testcase><testcase classname="tests.test_iter10_regression.TestContractsOverdue" name="test_contract_has_days_overdue_and_penalty_paid_fields" time="0.000"><error message="failed on setup with &quot;Failed: Timeout (&gt;10.0s) from pytest-timeout.&quot;">E   Failed: Timeout (&gt;10.0s) from pytest-timeout.</error></testcase><testcase classname="tests.test_iter10_regression.TestContractsOverdue" name="test_contract_auction_ready_after_10_days" time="0.000"><error message="failed on setup with &quot;Failed: Timeout (&gt;10.0s) from pytest-timeout.&quot;">E   Failed: Timeout (&gt;10.0s) from pytest-timeout.</error></testcase><testcase classname="tests.test_iter10_regression.TestOverduePayments" name="test_overdue_penalty_only" time="0.000"><error message="failed on setup with &quot;Failed: Timeout (&gt;10.0s) from pytest-timeout.&quot;">E   Failed: Timeout (&gt;10.0s) from pytest-timeout.</error></testcase><testcase classname="tests.test_iter10_regression.TestOverduePayments" name="test_overdue_interest_pen" time="0.000"><error message="failed on setup with &quot;Failed: Timeout (&gt;10.0s) from pytest-timeout.&quot;">E   Failed: Timeout (&gt;10.0s) from pytest-timeout.</error></testcase><testcase classname="tests.test_iter10_regression.TestOverduePayments" name="test_overdue_full_closes_contract" time="0.000"><error message="failed on setup with &quot;Failed: Timeout (&gt;10.0s) from pytest-timeout.&quot;">E   Failed: Timeout (&gt;10.0s) from pytest-timeout.</error></testcase><testcase classname="tests.test_iter10_regression.TestCapitalSource" name="test_capital_source_with_term_months" time="0.000"><error message="failed on setup with &quot;Failed: Timeout (&gt;10.0s) from pytest-timeout.&quot;">E   Failed: Timeout (&gt;10.0s) from pytest-timeout.</error></testcase><testcase classname="tests.test_iter10_regression.TestAuctionSold" name="test_mark_sold_with_explicit_interest_fee" time="0.000"><error message="failed on setup with &quot;Failed: Timeout (&gt;10.0s) from pytest-timeout.&quot;">E   Failed: Timeout (&gt;10.0s) from pytest-timeout.</error></testcase><testcase classname="tests.test_iter10_regression.TestAuctionSold" name="test_mark_sold_without_interest_fee_auto_computes" time="0.000"><error message="failed on setup with &quot;Failed: Timeout (&gt;10.0s) from pytest-timeout.&quot;">E   Failed: Timeout (&gt;10.0s) from pytest-timeout.</error></testcase><testcase classname="tests.test_iter10_regression.TestRegression" name="test_dashboard_summary" time="0.000"><error message="failed on setup with &quot;Failed: Timeout (&gt;10.0s) from pytest-timeout.&quot;">E   Failed: Timeout (&gt;10.0s) from pytest-timeout.</error></testcase><testcase classname="tests.test_iter10_regression.TestRegression" name="test_finance_summary_keys" time="0.000"><error message="failed on setup with &quot;Failed: Timeout (&gt;10.0s) from pytest-timeout.&quot;">E   Failed: Timeout (&gt;10.0s) from pytest-timeout.</error></testcase><testcase classname="tests.test_iter10_regression.TestRegression" name="test_settings_still_loads" time="0.000"><error message="failed on setup with &quot;Failed: Timeout (&gt;10.0s) from pytest-timeout.&quot;">E   Failed: Timeout (&gt;10.0s) from pytest-timeout.</error></testcase><testcase classname="tests.test_iter10_regression.TestRegression" name="test_backups_list" time="0.000"><error message="failed on setup with &quot;Failed: Timeout (&gt;10.0s) from pytest-timeout.&quot;">E   Failed: Timeout (&gt;10.0s) from pytest-timeout.</error></testcase><testcase classname="tests.test_iter17_reminders" name="test_refactor_get_endpoints_200[/clients]" time="10.001"><error message="failed on setup with &quot;Failed: Timeout (&gt;10.0s) from pytest-timeout.&quot;">E   Failed: Timeout (&gt;10.0s) from pytest-timeout.</error></testcase><testcase classname="tests.test_iter17_reminders" name="test_refactor_get_endpoints_200[/contracts]" time="0.000"><error message="failed on setup with &quot;Failed: Timeout (&gt;10.0s) from pytest-timeout.&quot;">E   Failed: Timeout (&gt;10.0s) from pytest-timeout.</error></testcase><testcase classname="tests.test_iter17_reminders" name="test_refactor_get_endpoints_200[/payments]" time="0.000"><error message="failed on setup with &quot;Failed: Timeout (&gt;10.0s) from pytest-timeout.&quot;">E   Failed: Timeout (&gt;10.0s) from pytest-timeout.</error></testcase><testcase classname="tests.test_iter17_reminders" name="test_refactor_get_endpoints_200[/items/car]" time="0.000"><error message="failed on setup with &quot;Failed: Timeout (&gt;10.0s) from pytest-timeout.&quot;">E   Failed: Timeout (&gt;10.0s) from pytest-timeout.</error></testcase><testcase classname="tests.test_iter21_member_cards.TestMemberCardLifecycle" name="test_renew_reactivates" time="10.001"><error message="failed on setup with &quot;Failed: Timeout (&gt;10.0s) from pytest-timeout.&quot;">E   Failed: Timeout (&gt;10.0s) from pytest-timeout.</error></testcase><testcase classname="tests.test_iter21_member_cards.TestRBAC" name="test_cashier_cannot_issue" time="0.000"><error message="failed on setup with &quot;Failed: Timeout (&gt;10.0s) from pytest-timeout.&quot;">E   Failed: Timeout (&gt;10.0s) from pytest-timeout.</error></testcase><testcase classname="tests.test_iter21_member_cards.TestRBAC" name="test_cashier_cannot_revoke" time="0.000"><error message="failed on setup with &quot;Failed: Timeout (&gt;10.0s) from pytest-timeout.&quot;">E   Failed: Timeout (&gt;10.0s) from pytest-timeout.</error></testcase><testcase classname="tests.test_iter22_interest_rule.TestMonthsBilledRuleA" name="test_same_day" time="0.000" /><testcase classname="tests.test_iter22_interest_rule.TestMonthsBilledRuleA" name="test_within_first_month" time="0.000" /><testcase classname="tests.test_iter22_interest_rule.TestMonthsBilledRuleA" name="test_anniversary_is_still_same_month" time="0.000" /><testcase classname="tests.test_iter22_interest_rule.TestMonthsBilledRuleA" name="test_one_day_past_anniversary" time="0.000" /><testcase classname="tests.test_iter22_interest_rule.TestMonthsBilledRuleA" name="test_two_month_anniversary" time="0.000" /><testcase classname="tests.test_iter22_interest_rule.TestMonthsBilledRuleA" name="test_three_months_after_grace" time="0.000" /><testcase classname="tests.test_iter22_interest_rule.TestMonthsBilledRuleA" name="test_early_month_first_day" time="0.000" /><testcase classname="tests.test_iter22_interest_rule.TestMonthsBilledRuleA" name="test_end_of_month_start_31st_no_31st_in_next_month" time="0.000" /><testcase classname="tests.test_iter22_interest_rule.TestMonthsBilledRuleA" name="test_leap_year_boundary" time="0.000" /><testcase classname="tests.test_iter22_interest_rule.TestMonthsBilledRuleA" name="test_payment_before_start_returns_one" time="0.000" /><testcase classname="tests.test_iter22_interest_rule.TestMonthsBilledRuleA" name="test_scenarios_from_business_owner" time="0.000" /><testcase classname="tests.test_iter22_interest_rule.TestMonthsBilledRuleA" name="test_long_running_contract" time="0.002" /><testcase classname="tests.test_iter23_reminder_body.TestReminderBody" name="test_en_body_contains_math" time="0.001" /><testcase classname="tests.test_iter23_reminder_body.TestReminderBody" name="test_tet_body_contains_math_and_language" time="0.000" /><testcase classname="tests.test_iter23_reminder_body.TestReminderBody" name="test_body_within_whatsapp_limit" time="0.000" /><testcase classname="tests.test_iter23_reminder_body.TestReminderBody" name="test_short_contract_helper" time="0.000" /><testcase classname="tests.test_iter23_reminder_body.TestReminderBody" name="test_scenario_from_business_owner" time="0.001" /><testcase classname="tests.test_iter13_module_access.TestModulesCatalog" name="test_admin_gets_catalog" time="8.085"><failure message="AssertionError: assert {'auctions', ...finance', ...} == {'auctions', ...finance', ...}&#10;  &#10;  Extra items in the left set:&#10;  'warehouse'&#10;  Use -v to get more diff">E   AssertionError: assert {'auctions', ...finance', ...} == {'auctions', ...finance', ...}
      
      Extra items in the left set:
      'warehouse'
      Use -v to get more diff</failure></testcase><testcase classname="tests.backend_test.TestAuth" name="test_refresh" time="0.000"><error message="failed on setup with &quot;Failed: Timeout (&gt;10.0s) from pytest-timeout.&quot;">E   Failed: Timeout (&gt;10.0s) from pytest-timeout.</error></testcase><testcase classname="tests.backend_test.TestAuth" name="test_logout" time="1.018" /><testcase classname="tests.test_iter24_whatsapp_adhoc.TestWhatsAppPreview" name="test_preview_english" time="8.793" /><testcase classname="tests.backend_test.TestUsers" name="test_list_users_requires_admin" time="0.215" /><testcase classname="tests.test_iter13_module_access.TestModulesCatalog" name="test_cashier_gets_403" time="0.824" /><testcase classname="tests.backend_test.TestUsers" name="test_admin_list_users" time="0.000"><error message="failed on setup with &quot;Failed: Timeout (&gt;10.0s) from pytest-timeout.&quot;">E   Failed: Timeout (&gt;10.0s) from pytest-timeout.</error></testcase><testcase classname="tests.backend_test.TestUsers" name="test_admin_create_and_delete_user" time="0.000"><error message="failed on setup with &quot;Failed: Timeout (&gt;10.0s) from pytest-timeout.&quot;">E   Failed: Timeout (&gt;10.0s) from pytest-timeout.</error></testcase><testcase classname="tests.backend_test.TestUsers" name="test_self_delete_blocked" time="0.000"><error message="failed on setup with &quot;Failed: Timeout (&gt;10.0s) from pytest-timeout.&quot;">E   Failed: Timeout (&gt;10.0s) from pytest-timeout.</error></testcase><testcase classname="tests.backend_test.TestUsers" name="test_staff_cannot_list_users" time="0.000"><error message="failed on setup with &quot;Failed: Timeout (&gt;10.0s) from pytest-timeout.&quot;">E   Failed: Timeout (&gt;10.0s) from pytest-timeout.</error></testcase><testcase classname="tests.backend_test.TestClients" name="test_create_list_update_delete" time="0.000"><error message="failed on setup with &quot;Failed: Timeout (&gt;10.0s) from pytest-timeout.&quot;">E   Failed: Timeout (&gt;10.0s) from pytest-timeout.</error></testcase><testcase classname="tests.backend_test.TestClients" name="test_staff_cannot_delete_client" time="0.000"><error message="failed on setup with &quot;Failed: Timeout (&gt;10.0s) from pytest-timeout.&quot;">E   Failed: Timeout (&gt;10.0s) from pytest-timeout.</error></testcase><testcase classname="tests.backend_test.TestItems" name="test_car_crud" time="0.000"><error message="failed on setup with &quot;Failed: Timeout (&gt;10.0s) from pytest-timeout.&quot;">E   Failed: Timeout (&gt;10.0s) from pytest-timeout.</error></testcase><testcase classname="tests.backend_test.TestItems" name="test_motorcycle_create" time="0.000"><error message="failed on setup with &quot;Failed: Timeout (&gt;10.0s) from pytest-timeout.&quot;">E   Failed: Timeout (&gt;10.0s) from pytest-timeout.</error></testcase><testcase classname="tests.backend_test.TestItems" name="test_electronic_create" time="0.000"><error message="failed on setup with &quot;Failed: Timeout (&gt;10.0s) from pytest-timeout.&quot;">E   Failed: Timeout (&gt;10.0s) from pytest-timeout.</error></testcase><testcase classname="tests.backend_test.TestItems" name="test_invalid_kind" time="0.000"><error message="failed on setup with &quot;Failed: Timeout (&gt;10.0s) from pytest-timeout.&quot;">E   Failed: Timeout (&gt;10.0s) from pytest-timeout.</error></testcase><testcase classname="tests.backend_test.TestContractFlow" name="test_create_contract_generates_number" time="0.000"><error message="failed on setup with &quot;Failed: Timeout (&gt;10.0s) from pytest-timeout.&quot;">E   Failed: Timeout (&gt;10.0s) from pytest-timeout.</error></testcase><testcase classname="tests.backend_test.TestContractFlow" name="test_contract_pdf" time="0.000"><error message="failed on setup with &quot;Failed: Timeout (&gt;10.0s) from pytest-timeout.&quot;">E   Failed: Timeout (&gt;10.0s) from pytest-timeout.</error></testcase><testcase classname="tests.backend_test.TestContractFlow" name="test_partial_payment_then_full" time="0.000"><error message="failed on setup with &quot;Failed: Timeout (&gt;10.0s) from pytest-timeout.&quot;">E   Failed: Timeout (&gt;10.0s) from pytest-timeout.</error></testcase><testcase classname="tests.backend_test.TestAuctionFlow" name="test_overdue_to_auction_sold" time="0.000"><error message="failed on setup with &quot;Failed: Timeout (&gt;10.0s) from pytest-timeout.&quot;">E   Failed: Timeout (&gt;10.0s) from pytest-timeout.</error></testcase><testcase classname="tests.backend_test.TestReports" name="test_report_returns_list[loans]" time="0.000"><error message="failed on setup with &quot;Failed: Timeout (&gt;10.0s) from pytest-timeout.&quot;">E   Failed: Timeout (&gt;10.0s) from pytest-timeout.</error></testcase><testcase classname="tests.backend_test.TestReports" name="test_report_returns_list[payments]" time="0.000"><error message="failed on setup with &quot;Failed: Timeout (&gt;10.0s) from pytest-timeout.&quot;">E   Failed: Timeout (&gt;10.0s) from pytest-timeout.</error></testcase><testcase classname="tests.backend_test.TestReports" name="test_report_returns_list[profit]" time="0.000"><error message="failed on setup with &quot;Failed: Timeout (&gt;10.0s) from pytest-timeout.&quot;">E   Failed: Timeout (&gt;10.0s) from pytest-timeout.</error></testcase><testcase classname="tests.backend_test.TestReports" name="test_report_returns_list[overdue]" time="0.000"><error message="failed on setup with &quot;Failed: Timeout (&gt;10.0s) from pytest-timeout.&quot;">E   Failed: Timeout (&gt;10.0s) from pytest-timeout.</error></testcase><testcase classname="tests.backend_test.TestReports" name="test_report_returns_list[clients]" time="0.000"><error message="failed on setup with &quot;Failed: Timeout (&gt;10.0s) from pytest-timeout.&quot;">E   Failed: Timeout (&gt;10.0s) from pytest-timeout.</error></testcase><testcase classname="tests.backend_test.TestReports" name="test_report_returns_list[contracts]" time="0.000"><error message="failed on setup with &quot;Failed: Timeout (&gt;10.0s) from pytest-timeout.&quot;">E   Failed: Timeout (&gt;10.0s) from pytest-timeout.</error></testcase><testcase classname="tests.test_iter13_module_access.TestUserCreate" name="test_custom_modules_persisted" time="0.083" /><testcase classname="tests.backend_test.TestReports" name="test_report_invalid" time="0.000"><error message="failed on setup with &quot;Failed: Timeout (&gt;10.0s) from pytest-timeout.&quot;">E   Failed: Timeout (&gt;10.0s) from pytest-timeout.</error></testcase><testcase classname="tests.backend_test.TestReports" name="test_dashboard_summary" time="0.000"><error message="failed on setup with &quot;Failed: Timeout (&gt;10.0s) from pytest-timeout.&quot;">E   Failed: Timeout (&gt;10.0s) from pytest-timeout.</error></testcase><testcase classname="tests.test_iter13_module_access.TestUserCreate" name="test_role_defaults_when_modules_omitted" time="0.949"><failure message="AssertionError: assert {'auctions', ...ayments', ...} == {'auctions', ...ayments', ...}&#10;  &#10;  Extra items in the left set:&#10;  'warehouse'&#10;  Use -v to get more diff">E   AssertionError: assert {'auctions', ...ayments', ...} == {'auctions', ...ayments', ...}
      
      Extra items in the left set:
      'warehouse'
      Use -v to get more diff</failure></testcase><testcase classname="tests.test_iter29_rule_a_integration.TestRuleAContractComputation" name="test_contract_one_day_past_anniversary" time="1.630" /><testcase classname="tests.test_iter27_photo_url.TestPhotoUrlShapes" name="test_api_path_shape" time="1.603" /><testcase classname="tests.test_iter13_module_access.TestUserCreate" name="test_admin_role_forces_all_modules" time="0.512"><failure message="AssertionError: assert {'auctions', ...finance', ...} == {'auctions', ...finance', ...}&#10;  &#10;  Extra items in the left set:&#10;  'warehouse'&#10;  Use -v to get more diff">E   AssertionError: assert {'auctions', ...finance', ...} == {'auctions', ...finance', ...}
      
      Extra items in the left set:
      'warehouse'
      Use -v to get more diff</failure></testcase><testcase classname="tests.test_iter20_monthly_interest.TestContractNewFields" name="test_all_contracts_expose_new_fields" time="10.001"><error message="failed on setup with &quot;Failed: Timeout (&gt;10.0s) from pytest-timeout.&quot;">E   Failed: Timeout (&gt;10.0s) from pytest-timeout.</error></testcase><testcase classname="tests.test_iter20_monthly_interest.TestContractNewFields" name="test_months_elapsed_is_positive_int" time="0.000"><error message="failed on setup with &quot;Failed: Timeout (&gt;10.0s) from pytest-timeout.&quot;">E   Failed: Timeout (&gt;10.0s) from pytest-timeout.</error></testcase><testcase classname="tests.test_iter20_monthly_interest.TestContractNewFields" name="test_per_month_interest_matches_loan_times_rate" time="0.000"><error message="failed on setup with &quot;Failed: Timeout (&gt;10.0s) from pytest-timeout.&quot;">E   Failed: Timeout (&gt;10.0s) from pytest-timeout.</error></testcase><testcase classname="tests.test_iter20_monthly_interest.TestContractNewFields" name="test_interest_amount_equals_per_month_times_months" time="0.000"><error message="failed on setup with &quot;Failed: Timeout (&gt;10.0s) from pytest-timeout.&quot;">E   Failed: Timeout (&gt;10.0s) from pytest-timeout.</error></testcase><testcase classname="tests.test_iter20_monthly_interest.TestArticle4MonthsElapsed" name="test_fresh_contract_months_is_one" time="0.000"><error message="failed on setup with &quot;Failed: Timeout (&gt;10.0s) from pytest-timeout.&quot;">E   Failed: Timeout (&gt;10.0s) from pytest-timeout.</error></testcase><testcase classname="tests.test_iter20_monthly_interest.TestArticle4MonthsElapsed" name="test_all_contracts_match_article4_formula" time="0.000"><error message="failed on setup with &quot;Failed: Timeout (&gt;10.0s) from pytest-timeout.&quot;">E   Failed: Timeout (&gt;10.0s) from pytest-timeout.</error></testcase><testcase classname="tests.test_iter20_monthly_interest.TestArticle4MonthsElapsed" name="test_ctr_2026_0115_matches_expected_months" time="0.000"><error message="failed on setup with &quot;Failed: Timeout (&gt;10.0s) from pytest-timeout.&quot;">E   Failed: Timeout (&gt;10.0s) from pytest-timeout.</error></testcase><testcase classname="tests.test_iter20_monthly_interest.TestNextInterestDate" name="test_next_date_strictly_future" time="0.000"><error message="failed on setup with &quot;Failed: Timeout (&gt;10.0s) from pytest-timeout.&quot;">E   Failed: Timeout (&gt;10.0s) from pytest-timeout.</error></testcase><testcase classname="tests.test_iter20_monthly_interest.TestNextInterestDate" name="test_next_date_aligned_to_monthly_anniversary" time="0.000"><error message="failed on setup with &quot;Failed: Timeout (&gt;10.0s) from pytest-timeout.&quot;">E   Failed: Timeout (&gt;10.0s) from pytest-timeout.</error></testcase><testcase classname="tests.test_iter20_monthly_interest.TestIdempotencyAndPenalty" name="test_recompute_is_idempotent_via_repeated_get" time="0.000"><error message="failed on setup with &quot;Failed: Timeout (&gt;10.0s) from pytest-timeout.&quot;">E   Failed: Timeout (&gt;10.0s) from pytest-timeout.</error></testcase><testcase classname="tests.test_iter20_monthly_interest.TestIdempotencyAndPenalty" name="test_penalty_full_is_loan_times_ten_percent_on_overdue" time="0.000"><error message="failed on setup with &quot;Failed: Timeout (&gt;10.0s) from pytest-timeout.&quot;">E   Failed: Timeout (&gt;10.0s) from pytest-timeout.</error></testcase><testcase classname="tests.test_iter20_monthly_interest.TestReceiptPDFNextPaymentBlock" name="test_repayment_pdf_contains_next_payment_block" time="0.000"><error message="failed on setup with &quot;Failed: Timeout (&gt;10.0s) from pytest-timeout.&quot;">E   Failed: Timeout (&gt;10.0s) from pytest-timeout.</error></testcase><testcase classname="tests.test_iter20_monthly_interest.TestReceiptPDFNextPaymentBlock" name="test_disbursement_pdf_omits_next_payment_block" time="0.000"><error message="failed on setup with &quot;Failed: Timeout (&gt;10.0s) from pytest-timeout.&quot;">E   Failed: Timeout (&gt;10.0s) from pytest-timeout.</error></testcase><testcase classname="tests.test_iter20_monthly_interest.TestReceiptPDFNextPaymentBlock" name="test_fully_paid_receipt_omits_next_payment_block" time="0.000"><error message="failed on setup with &quot;Failed: Timeout (&gt;10.0s) from pytest-timeout.&quot;">E   Failed: Timeout (&gt;10.0s) from pytest-timeout.</error></testcase><testcase classname="tests.test_iter20_monthly_interest.TestRegressionPawnItemAndSignature" name="test_receipt_pdf_has_item_and_signature" time="0.000"><error message="failed on setup with &quot;Failed: Timeout (&gt;10.0s) from pytest-timeout.&quot;">E   Failed: Timeout (&gt;10.0s) from pytest-timeout.</error></testcase><testcase classname="tests.test_iter27_photo_url.TestPhotoUrlShapes" name="test_absolute_url_shape" time="0.292" /><testcase classname="tests.test_iter13_module_access.TestUserCreate" name="test_bad_module_names_filtered" time="0.342" /><testcase classname="tests.test_iter21_member_cards.TestMemberCardLifecycle" name="test_issue_card" time="0.752" /><testcase classname="tests.test_iter29_rule_a_integration.TestRuleAContractComputation" name="test_next_interest_date_is_future" time="0.374" /><testcase classname="tests.test_iter27_photo_url.TestCardPdfPhotoNormalisation" name="test_pdf_with_storage_key" time="0.695" /><testcase classname="tests.test_iter21_member_cards.TestMemberCardLifecycle" name="test_reissue_idempotent" time="0.045" /><testcase classname="tests.test_iter13_module_access.TestUserPatch" name="test_patch_name_only" time="0.111" /><testcase classname="tests.test_iter21_member_cards.TestMemberCardLifecycle" name="test_card_pdf_generation" time="0.279" /><testcase classname="tests.test_iter13_module_access.TestUserPatch" name="test_patch_modules_with_invalid_filtered" time="0.190" /><testcase classname="tests.test_iter29_rule_a_integration.TestRuleAContractComputation" name="test_recompute_idempotent" time="0.506" /><testcase classname="tests.test_iter13_module_access.TestUserPatch" name="test_patch_to_admin_locks_full_modules" time="0.385"><failure message="AssertionError: assert {'auctions', ...finance', ...} == {'auctions', ...finance', ...}&#10;  &#10;  Extra items in the left set:&#10;  'warehouse'&#10;  Use -v to get more diff">E   AssertionError: assert {'auctions', ...finance', ...} == {'auctions', ...finance', ...}
      
      Extra items in the left set:
      'warehouse'
      Use -v to get more diff</failure></testcase><testcase classname="tests.test_iter21_member_cards.TestMemberCardLifecycle" name="test_public_verify_active" time="0.259" /><testcase classname="tests.test_iter21_member_cards.TestMemberCardLifecycle" name="test_public_verify_bad_token" time="0.094" /><testcase classname="tests.test_iter29_rule_a_integration.TestRuleAContractComputation" name="test_two_month_anniversary" time="0.393" /><testcase classname="tests.test_iter27_photo_url.TestCardPdfPhotoNormalisation" name="test_pdf_with_api_path" time="1.821" /><testcase classname="tests.test_iter21_member_cards.TestMemberCardLifecycle" name="test_public_verify_too_short" time="0.290" /><testcase classname="tests.test_iter13_module_access.TestUserPatch" name="test_patch_password" time="1.804" /><testcase classname="tests.test_iter21_member_cards.TestMemberCardLifecycle" name="test_revoke_and_verify" time="0.851" /><testcase classname="tests.test_iter30_reminders_integration.TestReminderRun" name="test_run_reminders_endpoint_returns_summary" time="0.863" /><testcase classname="tests.test_iter30_reminders_integration.TestReminderRun" name="test_run_reminders_forbidden_without_admin" time="0.261" /><testcase classname="tests.test_iter32_report_views" name="test_delete_missing_returns_404" time="0.627" /><testcase classname="tests.test_iter30_reminders_integration.TestRuleAMathE2E" name="test_contract_shows_rule_a_math_at_32_days" time="0.516" /><testcase classname="tests.test_iter32_report_views" name="test_invalid_sort_direction_rejected" time="0.125" /><testcase classname="tests.test_iter27_photo_url.TestCardPdfPhotoNormalisation" name="test_pdf_with_absolute_url_unreachable" time="0.995" /><testcase classname="tests.test_iter13_module_access.TestAuthShape" name="test_auth_me_has_allowed_modules_admin" time="0.095" /><testcase classname="tests.test_iter32_report_views" name="test_pin_toggle" time="1.024" /><testcase classname="tests.test_iter13_module_access.TestAuthShape" name="test_auth_login_returns_allowed_modules" time="0.380" /><testcase classname="tests.test_iter31_monthend_bundle" name="test_generate_bundle_returns_zip" time="8.431" /><testcase classname="tests.test_iter27_photo_url.TestCardPdfPhotoNormalisation" name="test_pdf_with_no_photo" time="0.268" /><testcase classname="tests.test_iter24_whatsapp_adhoc.TestWhatsAppPreview" name="test_preview_tetum" time="0.681" /><testcase classname="tests.test_iter32_report_views" name="test_upsert_preserves_pinned_state" time="0.280" /><testcase classname="tests.test_iter24_whatsapp_adhoc.TestWhatsAppPreview" name="test_preview_unknown_contract_404" time="0.047" /><testcase classname="tests.test_iter24_whatsapp_adhoc.TestWhatsAppPreview" name="test_preview_requires_auth" time="0.124" /><testcase classname="tests.test_iter27_photo_url.TestPublicVerifyPhoto" name="test_verify_returns_public_photo_url" time="0.334" /><testcase classname="tests.test_iter24_whatsapp_adhoc.TestWhatsAppAdhocSend" name="test_adhoc_send_returns_mocked_when_not_configured" time="0.172" /><testcase classname="tests.test_iter32_report_views" name="test_alert_threshold_set_and_clear" time="1.012" /><testcase classname="tests.test_iter24_whatsapp_adhoc.TestWhatsAppAdhocSend" name="test_adhoc_send_empty_body_rejected" time="0.067" /><testcase classname="tests.test_iter27_photo_url.TestPublicVerifyPhotoEndpoint" name="test_photo_bytes_returned_for_storage_key" time="0.815" /><testcase classname="tests.test_iter25_auth_extras_and_audit.TestRememberMe" name="test_remember_true_extends_refresh_cookie" time="0.337" /><testcase classname="tests.test_iter25_auth_extras_and_audit.TestRememberMe" name="test_default_is_7_days" time="0.403" /><testcase classname="tests.test_iter25_auth_extras_and_audit.TestForgotResetFlow" name="test_full_reset_cycle" time="2.506" /><testcase classname="tests.test_iter32_report_views" name="test_upsert_preserves_threshold" time="0.614" /><testcase classname="tests.test_iter27_photo_url.TestPublicVerifyPhotoEndpoint" name="test_photo_redirect_for_absolute_url" time="0.573" /><testcase classname="tests.test_iter27_photo_url.TestPublicVerifyPhotoEndpoint" name="test_photo_404_for_unknown_token" time="0.094" /><testcase classname="tests.test_iter33_alert_digest" name="test_preview_requires_auth" time="0.131" /><testcase classname="tests.test_iter27_photo_url.TestPublicVerifyPhotoEndpoint" name="test_photo_404_for_short_token" time="0.177" /><testcase classname="tests.test_iter27_photo_url.TestPhotoEmbeddedInPdf" name="test_pdf_photo_larger_than_initials_only" time="1.623" /><testcase classname="tests.test_iter33_alert_digest" name="test_preview_returns_breaches" time="4.920" /><testcase classname="tests.test_iter27_rule_m1.TestRuleM1PaymentAllocation" name="test_example_1_partial_1000" time="0.014" /><testcase classname="tests.test_iter27_rule_m1.TestRuleM1PaymentAllocation" name="test_example_2_interest_only_300" time="0.045" /><testcase classname="tests.test_iter27_rule_m1.TestRuleM1PaymentAllocation" name="test_no_compounding_on_delinquency" time="0.008" /><testcase classname="tests.test_iter27_rule_m1.TestRuleM1PaymentAllocation" name="test_legacy_m2_rule_unchanged" time="0.008" /><testcase classname="tests.test_iter27_rule_m1.TestRuleM1PaymentAllocation" name="test_two_partials_stack_correctly_under_m1" time="0.011" /><testcase classname="tests.test_iter25_auth_extras_and_audit.TestAdminManualReset" name="test_admin_can_reset_user_password" time="2.092" /><testcase classname="tests.test_iter29_rule_a_integration.TestRuleAContractComputation" name="test_contract_anniversary_same_month" time="1.309" /><testcase classname="tests.test_iter25_auth_extras_and_audit.TestAuditLogExports" name="test_filter_by_action" time="0.051" /><testcase classname="tests.test_iter25_auth_extras_and_audit.TestAuditLogExports" name="test_filter_by_actor_email_partial" time="0.061" /><testcase classname="tests.test_iter33_month_cap_and_vehicle_fields.TestArticle4Cap" name="test_interest_charged_capped" time="0.823" /><testcase classname="tests.test_iter25_auth_extras_and_audit.TestAuditLogExports" name="test_csv_export" time="0.049" /><testcase classname="tests.test_iter33_month_cap_and_vehicle_fields.TestArticle4Cap" name="test_per_month_billed_has_exactly_2_entries" time="0.205" /><testcase classname="tests.test_iter25_auth_extras_and_audit.TestAuditLogExports" name="test_pdf_export" time="0.080" /><testcase classname="tests.test_iter26_rule_b_hybrid.TestRuleBHybridInterest" name="test_no_partial_matches_rule_a" time="0.009" /><testcase classname="tests.test_iter26_rule_b_hybrid.TestRuleBHybridInterest" name="test_partial_before_month_2_reduces_month_2" time="0.008" /><testcase classname="tests.test_iter26_rule_b_hybrid.TestRuleBHybridInterest" name="test_partial_after_month_2_anchor_does_not_reduce_month_2" time="0.007" /><testcase classname="tests.test_iter26_rule_b_hybrid.TestRuleBHybridInterest" name="test_per_month_interest_shows_current_month_rate" time="0.026" /><testcase classname="tests.test_iter26_rule_b_hybrid.TestRuleBHybridInterest" name="test_per_month_interest_next_predicts_next_month" time="0.008" /><testcase classname="tests.test_iter26_rule_b_hybrid.TestRuleBHybridInterest" name="test_multiple_partials_stack" time="0.008" /><testcase classname="tests.test_iter33_month_cap_and_vehicle_fields.TestContractPdfArticle2Wording" name="test_pdf_contains_new_wording_no_fulan_tolu" time="2.550" /><testcase classname="tests.test_iter27_photo_url.TestPhotoUrlShapes" name="test_storage_key_shape" time="0.735" /><testcase classname="tests.test_iter33_alert_digest" name="test_no_breach_when_threshold_above_count" time="2.328" /><testcase classname="tests.test_iter36_payments_exclude_disbursement" name="test_payments_report_excludes_disbursement_rows" time="2.785" /><testcase classname="tests.test_iter31_monthend_bundle" name="test_archive_listed_and_downloadable" time="0.111" /><testcase classname="tests.test_iter31_monthend_bundle" name="test_invalid_month_rejected" time="0.238" /><testcase classname="tests.test_iter31_monthend_bundle" name="test_filename_traversal_blocked" time="0.104" /><testcase classname="tests.test_iter31_monthend_bundle" name="test_requires_admin_auth" time="0.206" /><testcase classname="tests.test_iter31_monthend_bundle" name="test_scheduler_exposes_monthend_next_run" time="0.071" /><testcase classname="tests.test_iter32_report_views" name="test_requires_auth" time="0.689" /><testcase classname="tests.test_iter33_month_cap_and_vehicle_fields.TestRegression" name="test_financial_report" time="1.950" /><testcase classname="tests.test_iter32_report_views" name="test_create_list_delete_view" time="0.236" /><testcase classname="tests.test_iter32_report_views" name="test_upsert_by_case_insensitive_name" time="0.318" /><testcase classname="tests.test_iter33_alert_digest" name="test_run_now_admin_only" time="1.921" /><testcase classname="tests.test_iter32_report_views" name="test_sort_optional_can_be_null" time="0.140" /><testcase classname="tests.test_iter36_payments_exclude_disbursement" name="test_payments_report_total_matches_row_sum" time="1.784" /><testcase classname="tests.test_iter33_month_cap_and_vehicle_fields.TestRegression" name="test_finance_summary" time="0.974" /><testcase classname="tests.test_iter39_pdf_header_overlap.TestPdfHeaderOverlapFix" name="test_ctr_0003_header_value_readable" time="1.572" /><testcase classname="tests.test_iter39_pdf_header_overlap.TestPdfHeaderOverlapFix" name="test_ctr_0005_header_arrow_value" time="0.137" /><testcase classname="tests.test_iter33_alert_digest" name="test_history_records_only_breaches" time="1.705" /><testcase classname="tests.test_iter39_pdf_header_overlap.TestPdfHeaderOverlapFix" name="test_ctr_0005_article8_penalty_uses_current_principal" time="0.143" /><testcase classname="tests.test_iter36_payments_exclude_disbursement" name="test_financial_report_total_payment_excludes_disbursement" time="3.999"><failure message="AssertionError: Financial total_payment (48340.0) should equal Payments total_payments (46940.0)&#10;assert 48340.0 == 46940.0">E   AssertionError: Financial total_payment (48340.0) should equal Payments total_payments (46940.0)
    assert 48340.0 == 46940.0</failure></testcase><testcase classname="tests.test_iter39_pdf_header_overlap.TestPdfHeaderOverlapFix" name="test_ctr_0005_article2_shows_both_amounts" time="0.156" /><testcase classname="tests.test_iter33_month_cap_and_vehicle_fields.TestRegression" name="test_dashboard_summary" time="0.296" /><testcase classname="tests.test_iter4.TestClientsIter4" name="test_drivers_license_accepted" time="0.427" /><testcase classname="tests.test_iter33_month_cap_and_vehicle_fields.TestRegression" name="test_contracts_list_health" time="0.880" /><testcase classname="tests.test_iter4.TestClientsIter4" name="test_invalid_id_type_422" time="0.046" /><testcase classname="tests.test_iter4.TestClientsIter4" name="test_client_contracts_and_payments_endpoints" time="0.320" /><testcase classname="tests.test_iter4.TestItemsIter4" name="test_car_manufacture_year_and_market_value" time="0.047" /><testcase classname="tests.test_iter4.TestItemsIter4" name="test_car_ignores_legacy_year" time="0.045" /><testcase classname="tests.test_iter4.TestItemsIter4" name="test_motorcycle_supports_new_fields" time="0.048" /><testcase classname="tests.test_iter4.TestItemsIter4" name="test_electronic_supports_new_fields" time="0.045" /><testcase classname="tests.test_iter4.TestContractValidation" name="test_due_before_contract_date_422" time="0.176" /><testcase classname="tests.test_iter4.TestContractValidation" name="test_over_62_days_422" time="0.175" /><testcase classname="tests.test_iter33_alert_digest" name="test_scheduler_exposes_next_alert_run" time="0.259" /><testcase classname="tests.test_iter4.TestContractValidation" name="test_62_days_exact_ok" time="0.790" /><testcase classname="tests.test_iter34_photo_thumbnail" name="test_upload_image_returns_thumbnail" time="1.047" /><testcase classname="tests.test_iter33_month_cap_and_vehicle_fields.TestVehicleFields" name="test_car_engine_cc_transmission" time="0.961" /><testcase classname="tests.test_iter4.TestPaymentMath" name="test_partial_reduces_principal" time="0.680" /><testcase classname="tests.test_iter34_photo_thumbnail" name="test_upload_non_image_has_no_thumbnail" time="0.202" /><testcase classname="tests.test_iter34_photo_thumbnail" name="test_create_client_with_photo_auto_issues_token" time="0.819" /><testcase classname="tests.test_iter33_month_cap_and_vehicle_fields.TestVehicleFields" name="test_motorcycle_engine_cc_transmission" time="0.473" /><testcase classname="tests.test_iter4.TestPaymentMath" name="test_interest_only_then_partial" time="0.427" /><testcase classname="tests.test_iter33_month_cap_and_vehicle_fields.TestVehicleFields" name="test_backward_compat_no_new_fields" time="0.341" /><testcase classname="tests.test_iter4.TestPenaltyAndReactivate" name="test_overdue_applies_penalty" time="0.443"><failure message="AssertionError: assert 'grace_period' == 'overdue'&#10;  &#10;  - overdue&#10;  + grace_period">E   AssertionError: assert 'grace_period' == 'overdue'
      
      - overdue
      + grace_period</failure></testcase><testcase classname="tests.test_iter34_photo_thumbnail" name="test_create_client_without_photo_does_not_issue_token" time="0.483" /><testcase classname="tests.test_iter4.TestPenaltyAndReactivate" name="test_reactivate_clears_penalty_and_flips_to_active" time="0.730" /><testcase classname="tests.test_iter33_month_cap_and_vehicle_fields.TestArticle4Cap" name="test_months_elapsed_capped_at_2" time="1.041" /><testcase classname="tests.test_iter34_photo_thumbnail" name="test_put_adds_photo_and_auto_issues_token" time="1.191" /><testcase classname="tests.test_iter37_contracts_reports_overhaul" name="test_active_report_total_loan_uses_current_principal" time="2.795" /><testcase classname="tests.test_iter4.TestPenaltyAndReactivate" name="test_reactivate_past_date_422" time="0.951" /><testcase classname="tests.test_iter40_pawn_ui_changes.TestRegression" name="test_reports_v2_financial" time="3.567" /><testcase classname="tests.test_iter34_photo_thumbnail" name="test_put_does_not_overwrite_existing_token" time="1.278" /><testcase classname="tests.test_iter4.TestPenaltyAndReactivate" name="test_reactivate_today_422" time="0.421" /><testcase classname="tests.test_iter4.TestPenaltyAndReactivate" name="test_reactivate_over_62_days_422" time="0.416" /><testcase classname="tests.test_iter4.TestContractPDF" name="test_pdf_returned" time="0.820" /><testcase classname="tests.test_iter37_contracts_reports_overhaul" name="test_financial_report_profit_excludes_unpaid_penalty" time="3.187" /><testcase classname="tests.test_iter35_item_thumbnail" name="test_item_persists_thumbnail_url[car-extra0]" time="1.612" /><testcase classname="tests.test_iter4.TestRBAC" name="test_cashier_cannot_create_client" time="0.884" /><testcase classname="tests.test_iter35_item_thumbnail" name="test_item_persists_thumbnail_url[motorcycle-extra1]" time="0.700" /><testcase classname="tests.test_iter4.TestRBAC" name="test_cashier_cannot_create_item" time="0.095" /><testcase classname="tests.test_iter40_pawn_ui_changes.TestRegression" name="test_auctions_list_still_works" time="0.064" /><testcase classname="tests.test_iter40_pawn_ui_changes.TestRegression" name="test_dashboard_summary_still_works" time="0.097" /><testcase classname="tests.test_iter4.TestRBAC" name="test_cashier_cannot_create_contract" time="0.318" /><testcase classname="tests.test_iter4.TestRBAC" name="test_cashier_cannot_reactivate" time="0.459" /><testcase classname="tests.test_iter48_backlog_batch.TestSettingsDefaults" name="test_settings_motorcycle_now_10" time="0.536"><failure message="AssertionError: motorcycle rate wrong: 15&#10;assert 15 == 10&#10; +  where 15 = &lt;built-in method get of dict object at 0xf996f149c080&gt;('interest_rate_motorcycle')&#10; +    where &lt;built-in method get of dict object at 0xf996f149c080&gt; = {'id': 'singleton', 'interest_rate_car': 10, 'interest_rate_motorcycle': 15, 'interest_rate_electronic': 15, ...}.get">E   AssertionError: motorcycle rate wrong: 15
    assert 15 == 10
     +  where 15 = &lt;built-in method get of dict object at 0xf996f149c080&gt;('interest_rate_motorcycle')
     +    where &lt;built-in method get of dict object at 0xf996f149c080&gt; = {'id': 'singleton', 'interest_rate_car': 10, 'interest_rate_motorcycle': 15, 'interest_rate_electronic': 15, ...}.get</failure></testcase><testcase classname="tests.test_iter35_item_thumbnail" name="test_item_persists_thumbnail_url[electronic-extra2]" time="0.677" /><testcase classname="tests.test_iter48_backlog_batch.TestSettingsDefaults" name="test_existing_motorcycle_contracts_preserve_rate" time="2.061" /><testcase classname="tests.test_iter40_pawn_ui_changes.TestDashboardSummary" name="test_summary_includes_auction_ready" time="0.496" /><testcase classname="tests.test_iter35_item_thumbnail" name="test_item_persists_thumbnail_url[pezadu-extra3]" time="0.555" /><testcase classname="tests.test_iter40_pawn_ui_changes.TestAuctionsListEnrichment" name="test_auctions_include_client_name" time="0.068" /><testcase classname="tests.test_iter40_pawn_ui_changes.TestFinanceSummaryFormula" name="test_finance_summary_uses_auction_interest_profit" time="1.779" /><testcase classname="tests.test_iter35_item_thumbnail" name="test_item_put_updates_thumbnail_when_photo_changes" time="0.878" /><testcase classname="tests.test_iter37_contracts_reports_overhaul" name="test_payments_total_penalty_is_penalty_paid" time="3.777" /><testcase classname="tests.test_iter35_item_thumbnail" name="test_item_without_photo_has_empty_thumbnail" time="0.452" /><testcase classname="tests.test_iter48_backlog_batch.TestAuctionOrphanEnrichment" name="test_auctions_have_no_empty_client_name" time="0.054" /><testcase classname="tests.test_iter48_backlog_batch.TestAuctionOrphanEnrichment" name="test_orphan_auctions_use_deleted_label" time="0.063" /><testcase classname="tests.test_iter48_backlog_batch.TestAuctionOrphanEnrichment" name="test_deleted_label_matches_contract_number" time="0.273" /><testcase classname="tests.test_iter35_item_thumbnail" name="test_item_kind_validation_still_enforced" time="0.085" /><testcase classname="tests.test_iter40_pawn_ui_changes.TestInvoiceDelete" name="test_delete_invoice_admin_and_cleanup" time="0.659" /><testcase classname="tests.test_iter49_business_dashboard.TestBusinessMetrics" name="test_status_ok" time="1.453" /><testcase classname="tests.test_iter58_items_whatsapp.TestSettingsWhatsAppFields" name="test_verify_token_and_app_secret_roundtrip" time="0.635" /><testcase classname="tests.test_iter40_pawn_ui_changes.TestInvoiceDelete" name="test_delete_invoice_404_when_missing" time="0.045" /><testcase classname="tests.test_iter40_pawn_ui_changes.TestInvoiceDeleteRBAC" name="test_unauthenticated_delete_invoice_forbidden" time="0.094" /><testcase classname="tests.test_iter58_items_whatsapp.TestSettingsWhatsAppFields" name="test_existing_whatsapp_token_flow_still_works" time="0.051" /><testcase classname="tests.test_iter58_items_whatsapp.TestWhatsAppWebhookVerify" name="test_get_verify_matches" time="0.369" /><testcase classname="tests.test_iter49_business_dashboard.TestDashboardRegression" name="test_dashboard_summary" time="0.385" /><testcase classname="tests.test_iter58_items_whatsapp.TestWhatsAppWebhookVerify" name="test_get_verify_mismatch" time="0.175" /><testcase classname="tests.test_iter49_business_dashboard.TestDashboardRegression" name="test_dashboard_trends" time="0.057" /><testcase classname="tests.test_iter49_business_dashboard.TestDashboardRegression" name="test_dashboard_snapshot_pdf" time="0.133" /><testcase classname="tests.test_iter58_items_whatsapp.TestWhatsAppWebhookVerify" name="test_get_verify_when_unconfigured" time="0.149" /><testcase classname="tests.test_iter49_business_dashboard.TestBusinessAuth" name="test_metrics_requires_auth" time="0.097" /><testcase classname="tests.test_iter49_business_dashboard.TestBusinessMetrics" name="test_shape_and_types" time="0.864" /><testcase classname="tests.test_iter58_items_whatsapp.TestWhatsAppWebhookPost" name="test_post_orphan_status_recorded" time="2.271" /><testcase classname="tests.test_iter49_business_dashboard.TestBusinessAuth" name="test_cashflow_requires_auth" time="0.135" /><testcase classname="tests.test_iter58_items_whatsapp.TestItemsRouteSplit" name="test_list_all_kinds_return_200" time="0.557" /><testcase classname="tests.test_iter58_items_whatsapp.TestItemsRouteSplit" name="test_invalid_kind_returns_400" time="0.044" /><testcase classname="tests.test_iter58_items_whatsapp.TestItemsRouteSplit" name="test_unauthenticated_rejected" time="0.148" /><testcase classname="tests.test_iter49_business_dashboard.TestBusinessMetrics" name="test_per_loan_row_shape" time="0.560" /><testcase classname="tests.test_iter58_items_whatsapp.TestItemsRouteSplit" name="test_crud_car_lifecycle" time="0.299" /><testcase classname="tests.test_iter37_contracts_reports_overhaul" name="test_contracts_expose_normalized_fields" time="0.703" /><testcase classname="tests.test_iter58_items_whatsapp.TestPhotoPatch" name="test_patch_photo_updates_only_photo_fields" time="0.092" /><testcase classname="tests.test_iter58_items_whatsapp.TestPhotoPatch" name="test_patch_photo_idempotent" time="0.128" /><testcase classname="tests.test_iter49_business_dashboard.TestBusinessMetrics" name="test_grace_count_matches_overdue_contracts" time="1.784"><failure message="AssertionError: grace_period_count=37 vs overdue contracts=0&#10;assert 37 == 0&#10; +  where 0 = len([])">E   AssertionError: grace_period_count=37 vs overdue contracts=0
    assert 37 == 0
     +  where 0 = len([])</failure></testcase><testcase classname="tests.test_iter58_items_whatsapp.TestPhotoPatch" name="test_patch_photo_bad_kind" time="0.042" /><testcase classname="tests.test_iter58_items_whatsapp.TestPhotoPatch" name="test_patch_photo_unknown_iid" time="0.089" /><testcase classname="tests.test_iter37_contracts_reports_overhaul" name="test_penalty_scales_with_current_principal" time="0.983"><failure message="AssertionError: grace_period&#10;assert 'grace_period' in ('overdue', 'auction_ready')">E   AssertionError: grace_period
    assert 'grace_period' in ('overdue', 'auction_ready')</failure></testcase><testcase classname="tests.test_iter58_items_whatsapp.TestWhatsAppWebhookPost" name="test_post_invalid_signature_when_secret_configured" time="0.299" /><testcase classname="tests.test_iter5_reports.TestLocation" name="test_car_location_persists" time="0.995" /><testcase classname="tests.test_iter5_reports.TestLocation" name="test_motorcycle_location_persists" time="0.085" /><testcase classname="tests.test_iter58_items_whatsapp.TestWhatsAppWebhookPost" name="test_post_valid_signature_accepted" time="0.203" /><testcase classname="tests.test_iter5_reports.TestLocation" name="test_electronic_location_persists" time="0.047" /><testcase classname="tests.test_iter37_contracts_reports_overhaul" name="test_finance_summary_exposes_auction_split" time="0.993" /><testcase classname="tests.test_iter5_reports.TestReportsV2" name="test_active_contracts" time="1.186" /><testcase classname="tests.test_iter58_items_whatsapp.TestWhatsAppWebhookPost" name="test_post_missing_signature_when_secret_configured" time="0.229" /><testcase classname="tests.test_iter58_items_whatsapp.TestWhatsAppStatusEndpoints" name="test_status_unknown_contract" time="0.051" /><testcase classname="tests.test_iter58_items_whatsapp.TestWhatsAppStatusEndpoints" name="test_status_requires_auth" time="0.090" /><testcase classname="tests.test_iter58_items_whatsapp.TestWhatsAppStatusEndpoints" name="test_status_bulk_empty" time="0.060" /><testcase classname="tests.test_iter49_business_dashboard.TestBusinessMetrics" name="test_auction_ready_count_matches_contracts" time="2.487" /><testcase classname="tests.test_iter58_items_whatsapp.TestWhatsAppStatusEndpoints" name="test_status_bulk_with_ids" time="1.342" /><testcase classname="tests.test_iter38_migration_audit" name="test_requires_admin_auth" time="0.205" /><testcase classname="tests.test_iter5_reports.TestReportsV2" name="test_payments" time="2.086" /><testcase classname="tests.test_iter38_migration_audit" name="test_json_shape" time="1.509" /><testcase classname="tests.test_iter58_items_whatsapp.TestWhatsAppStatusEndpoints" name="test_webhook_config_requires_admin" time="0.101" /><testcase classname="tests.test_iter58_items_whatsapp.TestWhatsAppStatusEndpoints" name="test_webhook_config_admin_ok" time="0.062" /><testcase classname="tests.test_iter6_branding.TestBrandedPDFs" name="test_receipt_pdf_with_logo" time="0.705" /><testcase classname="tests.test_iter38_migration_audit" name="test_row_math_is_consistent" time="1.092" /><testcase classname="tests.test_iter6_branding.TestBrandedPDFs" name="test_report_financial_pdf" time="2.025" /><testcase classname="tests.test_iter49_business_dashboard.TestBusinessMetrics" name="test_totals_consistency" time="1.040" /><testcase classname="tests.test_iter5_reports.TestReportsV2" name="test_overdue" time="1.662"><failure message="AssertionError: assert 'auction_ready' == 'overdue'&#10;  &#10;  - overdue&#10;  + auction_ready">E   AssertionError: assert 'auction_ready' == 'overdue'
      
      - overdue
      + auction_ready</failure></testcase><testcase classname="tests.test_iter38_migration_audit" name="test_only_overdue_contracts_with_principal_paid" time="1.332"><failure message="AssertionError: assert 'grace_period' in ('overdue', 'auction_ready')">E   AssertionError: assert 'grace_period' in ('overdue', 'auction_ready')</failure></testcase><testcase classname="tests.test_iter49_business_dashboard.TestCashflowForecast" name="test_status_ok" time="1.346" /><testcase classname="tests.test_iter6_branding.TestBrandedPDFs" name="test_report_active_contracts_pdf" time="1.536" /><testcase classname="tests.test_iter5_reports.TestReportsV2" name="test_auction" time="0.067" /><testcase classname="tests.test_iter5_reports.TestReportsV2" name="test_inventory" time="0.077" /><testcase classname="tests.test_iter5_reports.TestReportsV2" name="test_financial" time="2.094" /><testcase classname="tests.test_iter38_migration_audit" name="test_pdf_download" time="1.317" /><testcase classname="tests.test_iter49_business_dashboard.TestCashflowForecast" name="test_30_consecutive_days_starting_today" time="1.529"><failure message="AssertionError: expected 30 days, got 60&#10;assert 60 == 30&#10; +  where 60 = len([{'date': '2026-07-05', 'actual_in': 15470.0, 'expected_in': 0.0, 'contract_count': 0}, {'date': '2026-07-06', 'actual...in': 0.0, 'contract_count': 0}, {'date': '2026-07-10', 'actual_in': 0.0, 'expected_in': 0.0, 'contract_count': 0}, ...])">E   AssertionError: expected 30 days, got 60
    assert 60 == 30
     +  where 60 = len([{'date': '2026-07-05', 'actual_in': 15470.0, 'expected_in': 0.0, 'contract_count': 0}, {'date': '2026-07-06', 'actual...in': 0.0, 'contract_count': 0}, {'date': '2026-07-10', 'actual_in': 0.0, 'expected_in': 0.0, 'contract_count': 0}, ...])</failure></testcase><testcase classname="tests.test_iter6_branding.TestExcelExport" name="test_financial_xlsx" time="2.098" /><testcase classname="tests.test_iter49_business_dashboard.TestCashflowForecast" name="test_expected_in_non_negative" time="1.053" /><testcase classname="tests.test_iter5_reports.TestReportsV2" name="test_unknown_report_400" time="0.086" /><testcase classname="tests.test_iter5_reports.TestReportsV2" name="test_filter_year_narrows" time="3.402" /><testcase classname="tests.test_iter39_pdf_header_overlap.TestPdfHeaderOverlapFix" name="test_ctr_0003_header_uses_new_label" time="1.539" /><testcase classname="tests.test_iter49_business_dashboard.TestCashflowForecast" name="test_total_matches_day_sum" time="1.715" /><testcase classname="tests.test_iter7_finance.TestFundingSources" name="test_list_includes_source" time="0.415"><failure message="AssertionError: assert None in ['57d507d1-75b9-403e-9bd1-271ca9e761da', '345fa91d-75a5-473a-bb2c-810d0a855e4d']&#10; +  where None = TestFundingSources.src_id">E   AssertionError: assert None in ['57d507d1-75b9-403e-9bd1-271ca9e761da', '345fa91d-75a5-473a-bb2c-810d0a855e4d']
     +  where None = TestFundingSources.src_id</failure></testcase><testcase classname="tests.test_iter6_branding.TestPublicSmoke" name="test_public_warehouse" time="0.094"><failure message="assert 422 == 200&#10; +  where 422 = &lt;Response [422]&gt;.status_code">E   assert 422 == 200
     +  where 422 = &lt;Response [422]&gt;.status_code</failure></testcase><testcase classname="tests.test_iter7_finance.TestFundingSources" name="test_update_source" time="0.047"><failure message="assert 404 == 200&#10; +  where 404 = &lt;Response [404]&gt;.status_code">E   assert 404 == 200
     +  where 404 = &lt;Response [404]&gt;.status_code</failure></testcase><testcase classname="tests.test_iter7_finance.TestFundingSources" name="test_repayment_decreases_outstanding" time="0.087"><failure message="AssertionError: {&quot;detail&quot;:[{&quot;type&quot;:&quot;string_type&quot;,&quot;loc&quot;:[&quot;body&quot;,&quot;source_id&quot;],&quot;msg&quot;:&quot;Input should be a valid string&quot;,&quot;input&quot;:null,&quot;url&quot;:&quot;https://errors.pydantic.dev/2.13/v/string_type&quot;}]}&#10;assert 422 in (200, 201)&#10; +  where 422 = &lt;Response [422]&gt;.status_code">E   AssertionError: {"detail":[{"type":"string_type","loc":["body","source_id"],"msg":"Input should be a valid string","input":null,"url":"https://errors.pydantic.dev/2.13/v/string_type"}]}
    assert 422 in (200, 201)
     +  where 422 = &lt;Response [422]&gt;.status_code</failure></testcase><testcase classname="tests.test_iter7_finance.TestExpenses" name="test_create_expense_admin" time="0.043" /><testcase classname="tests.test_iter7_finance.TestExpenseCategories" name="test_list_categories" time="0.577" /><testcase classname="tests.test_iter7_finance.TestFundingSources" name="test_create_source" time="0.068" /><testcase classname="tests.test_iter7_finance.TestFinanceSummary" name="test_expenses_by_category_shape" time="1.286" /><testcase classname="tests.test_iter7_finance.TestExpenses" name="test_cashier_forbidden_on_create" time="0.885" /><testcase classname="tests.test_iter7_finance.TestExpenses" name="test_list_filters" time="0.062" /><testcase classname="tests.test_iter7_finance.TestExpenses" name="test_update_expense_admin" time="0.047" /><testcase classname="tests.test_iter7_finance.TestExpenses" name="test_delete_expense_admin_at_end" time="0.137" /><testcase classname="tests.test_iter49_business_dashboard.TestReminderDays" name="test_reminder_days_include_day_1" time="0.001" /><testcase classname="tests.test_iter7_finance.TestFinanceSummary" name="test_summary_has_numeric_keys" time="1.220" /><testcase classname="tests.test_iter8_finance_pdf.TestExpensesPdf" name="test_expenses_pdf_with_month_year" time="0.599" /><testcase classname="tests.test_iter8_finance_pdf.TestInvoicesPdf" name="test_invoices_list_endpoint" time="0.057" /><testcase classname="tests.test_iter8_finance_pdf.TestInvoicesPdf" name="test_invoices_list_pdf" time="0.142" /><testcase classname="tests.test_iter7_finance.TestTreasuryReport" name="test_treasury_json" time="0.052" /><testcase classname="tests.test_iter8_finance_pdf.TestInvoicesPdf" name="test_invoice_route_ordering" time="0.187" /><testcase classname="tests.test_iter7_finance.TestTreasuryReport" name="test_treasury_xlsx" time="0.067" /><testcase classname="tests.test_iter7_finance.TestTreasuryReport" name="test_treasury_pdf_branded" time="0.106" /><testcase classname="tests.test_iter8_finance_pdf.TestInvoicesPdf" name="test_single_invoice_pdf_if_any" time="0.165" /><testcase classname="tests.test_iter7_finance.TestWhatsAppBrandingPDF" name="test_report_pdf_has_whatsapp" time="2.486" /><testcase classname="tests.test_iter5_reports.TestReportsV2" name="test_filter_category_inventory" time="0.081" /><testcase classname="tests.test_iter5_reports.TestExports" name="test_financial_xlsx" time="2.092" /><testcase classname="tests.test_iter7_finance.TestFinanceSummary" name="test_summary_reflects_capital_and_repayment" time="1.022"><failure message="assert 0 &gt;= 5000">E   assert 0 &gt;= 5000</failure></testcase><testcase classname="tests.test_iter8_finance_pdf.TestSoldAuctionInvoiceFlow" name="test_invoice_appears_in_list" time="0.324" /><testcase classname="tests.test_iter8_finance_pdf.TestSoldAuctionInvoiceFlow" name="test_single_invoice_pdf" time="0.114" /><testcase classname="tests.test_iter8_finance_pdf.TestSoldAuctionInvoiceFlow" name="test_auction_has_invoice_id" time="0.062" /><testcase classname="tests.test_iter8_finance_pdf.TestPdfAuth" name="test_unauth_summary_pdf" time="0.117" /><testcase classname="tests.test_iter8_finance_pdf.TestPdfAuth" name="test_unauth_invoices_list_pdf" time="0.097" /><testcase classname="tests.test_iter8_finance_pdf.TestRegression" name="test_endpoint_ok[/api/clients]" time="0.093" /><testcase classname="tests.test_iter8_finance_pdf.TestRegression" name="test_endpoint_ok[/api/contracts]" time="1.759" /><testcase classname="tests.test_iter8_finance_pdf.TestFinanceSummaryPdf" name="test_summary_includes_invoice_keys" time="1.880" /><testcase classname="tests.test_iter5_reports.TestExports" name="test_active_pdf" time="2.065" /><testcase classname="tests.test_iter7_finance.TestWhatsAppBrandingPDF" name="test_treasury_pdf_has_whatsapp" time="0.133" /><testcase classname="tests.test_iter7_finance.TestZCleanup" name="test_delete_funding_source" time="0.134" /><testcase classname="tests.test_iter8_finance_pdf.TestRegression" name="test_endpoint_ok[/api/payments]" time="0.069" /><testcase classname="tests.test_iter7_finance.TestZCleanup" name="test_delete_expense" time="0.000"><skipped type="pytest.skip" message="no expense">/app/backend/tests/test_iter7_finance.py:293: no expense</skipped></testcase><testcase classname="tests.test_iter8_finance_pdf.TestRegression" name="test_endpoint_ok[/api/funding-sources]" time="0.312" /><testcase classname="tests.test_iter9_regression.TestAuth" name="test_login_and_me" time="0.422" /><testcase classname="tests.test_iter8_finance_pdf.TestRegression" name="test_endpoint_ok[/api/expenses]" time="0.047" /><testcase classname="tests.test_iter8_finance_pdf.TestRegression" name="test_endpoint_ok[/api/auctions]" time="0.056" /><testcase classname="tests.test_iter9_regression.TestAuth" name="test_unauth_me_returns_401" time="0.089" /><testcase classname="tests.test_iter8_finance_pdf.TestFinanceSummaryPdf" name="test_summary_pdf_default" time="1.632" /><testcase classname="tests.test_iter8_finance_pdf.TestRegression" name="test_endpoint_ok[/api/finance/summary]" time="1.598" /><testcase classname="tests.test_iter9_regression.TestAuth" name="test_login_bad_password" time="0.316" /><testcase classname="tests.test_iter9_regression.TestAuth" name="test_logout_clears_session" time="0.677" /><testcase classname="tests.test_iter9_regression.TestDashboard" name="test_dashboard_summary" time="0.056" /><testcase classname="tests.test_iter5_reports.TestExports" name="test_payments_csv" time="1.462" /><testcase classname="tests.test_iter9_regression.TestItems" name="test_invalid_kind_400" time="0.046" /><testcase classname="tests.test_iter9_regression.TestItems" name="test_pezadu_crud_full" time="0.864" /><testcase classname="tests.test_iter8_finance_pdf.TestFinanceSummaryPdf" name="test_summary_pdf_with_month_year" time="1.239" /><testcase classname="tests.test_iter9_regression.TestDashboard" name="test_dashboard_trends" time="0.421" /><testcase classname="tests.test_iter9_regression.TestClients" name="test_list_clients" time="0.107" /><testcase classname="tests.test_iter9_regression.TestContracts" name="test_list_contracts" time="1.251" /><testcase classname="tests.test_iter9_regression.TestClients" name="test_create_get_update_persisted" time="0.286" /><testcase classname="tests.test_iter9_regression.TestItems" name="test_list_all_kinds" time="0.468" /><testcase classname="tests.test_iter8_finance_pdf.TestCapitalSourcesPdf" name="test_capital_pdf" time="0.130" /><testcase classname="tests.test_iter9_regression.TestContracts" name="test_contract_pdf_download" time="0.365" /><testcase classname="tests.test_iter6_branding.TestBrandedPDFs" name="test_contract_pdf_with_logo" time="0.740" /><testcase classname="tests.test_iter8_finance_pdf.TestExpensesPdf" name="test_expenses_pdf_no_filter" time="0.288" /><testcase classname="tests.test_iter9_regression.TestPayments" name="test_partial_payment_with_penalty_or_interest" time="0.664" /><testcase classname="tests.test_iter9_regression.TestContracts" name="test_contract_number_format" time="0.000" /><testcase classname="tests.test_iter8_finance_pdf.TestExpensesPdf" name="test_expenses_pdf_with_category" time="0.115" /><testcase classname="tests.test_iter9_regression.TestFinance" name="test_funding_sources_list" time="0.067" /><testcase classname="tests.test_iter9_regression.TestReports" name="test_report_v2_loads[active-contracts]" time="1.745" /><testcase classname="tests.test_iter9_regression.TestFinance" name="test_finance_summary" time="1.551" /><testcase classname="tests.test_iter9_regression.TestReports" name="test_report_v2_loads[payments]" time="2.053" /><testcase classname="tests.test_iter9_regression.TestAuctions" name="test_list_auctions" time="0.066" /><testcase classname="tests.test_iter9_regression.TestReports" name="test_report_v2_loads[financial]" time="1.718" /><testcase classname="tests.test_iter9_regression.TestFinance" name="test_finance_summary_pdf" time="1.151" /><testcase classname="tests.test_iter9_regression.TestReports" name="test_report_v2_loads[auction]" time="0.050" /><testcase classname="tests.test_iter9_regression.TestReports" name="test_report_v2_loads[inventory]" time="0.079" /><testcase classname="tests.test_iter9_regression.TestReports" name="test_report_v2_export[active-contracts-xlsx]" time="1.294" /><testcase classname="tests.test_iter9_regression.TestReports" name="test_report_v2_loads[overdue]" time="1.365" /><testcase classname="tests.test_iter9_regression.TestReports" name="test_report_v2_loads[treasury]" time="0.062" /><testcase classname="tests.test_iter9_regression.TestReports" name="test_report_v2_export[payments-pdf]" time="1.805" /><testcase classname="tests.test_iter9_regression.TestFinance" name="test_expenses_list" time="0.046" /><testcase classname="tests.test_iter9_regression.TestReports" name="test_report_v2_export[financial-pdf]" time="2.185" /><testcase classname="tests.test_iter9_regression.TestReports" name="test_report_v2_export[active-contracts-pdf]" time="2.006" /><testcase classname="tests.test_iter9_regression.TestReports" name="test_report_v2_export[payments-xlsx]" time="10.005"><failure message="Failed: Timeout (&gt;10.0s) from pytest-timeout.">E   Failed: Timeout (&gt;10.0s) from pytest-timeout.</failure></testcase><testcase classname="tests.test_iter9_regression.TestReports" name="test_report_v2_export[financial-xlsx]" time="10.001"><failure message="Failed: Timeout (&gt;10.0s) from pytest-timeout.">E   Failed: Timeout (&gt;10.0s) from pytest-timeout.</failure></testcase><testcase classname="tests.test_iter9_regression.TestSettingsWhatsApp" name="test_save_dummy_whatsapp_and_token_masked" time="0.328" /><testcase classname="tests.test_iter9_regression.TestSettingsWhatsApp" name="test_whatsapp_test_handles_meta_failure_gracefully" time="0.151" /><testcase classname="tests.test_iter9_regression.TestWarehousePassword" name="test_public_warehouse_status" time="0.108" /><testcase classname="tests.test_iter9_regression.TestWarehousePassword" name="test_public_warehouse_unlock_with_correct_password" time="0.419" /><testcase classname="tests.test_iter9_regression.TestWarehousePassword" name="test_public_warehouse_blocked_without_token" time="0.282" /><testcase classname="tests.test_iter9_regression.TestPublic" name="test_public_auction_items_open" time="0.096"><failure message="assert 401 == 200&#10; +  where 401 = &lt;Response [401]&gt;.status_code">E   assert 401 == 200
     +  where 401 = &lt;Response [401]&gt;.status_code</failure></testcase><testcase classname="tests.test_iter9_regression.TestWarehousePassword" name="test_public_warehouse_unlock_wrong_password" time="10.001"><failure message="Failed: Timeout (&gt;10.0s) from pytest-timeout.">E   Failed: Timeout (&gt;10.0s) from pytest-timeout.</failure></testcase><testcase classname="tests.test_iter9_regression.TestBackups" name="test_list_backups" time="0.044" /><testcase classname="tests.test_iter9_regression.TestBackups" name="test_generate_backup_zip" time="10.001"><failure message="Failed: Timeout (&gt;10.0s) from pytest-timeout.">E   Failed: Timeout (&gt;10.0s) from pytest-timeout.</failure></testcase><testcase classname="tests.test_iter9_regression.TestSettingsWhatsApp" name="test_whatsapp_test_requires_configured" time="10.001"><failure message="Failed: Timeout (&gt;10.0s) from pytest-timeout.">E   Failed: Timeout (&gt;10.0s) from pytest-timeout.</failure></testcase><testcase classname="tests.test_iter9_regression.TestWarehousePassword" name="test_set_warehouse_password" time="10.001"><failure message="Failed: Timeout (&gt;10.0s) from pytest-timeout.">E   Failed: Timeout (&gt;10.0s) from pytest-timeout.</failure></testcase><testcase classname="tests.test_iter9_regression.TestBackups" name="test_backup_schedule" time="10.001"><failure message="Failed: Timeout (&gt;10.0s) from pytest-timeout.">E   Failed: Timeout (&gt;10.0s) from pytest-timeout.</failure></testcase><testcase classname="tests.test_iter9_regression.TestBackups" name="test_download_backup_zip" time="59.586"><failure message="Failed: Timeout (&gt;10.0s) from pytest-timeout.">E   Failed: Timeout (&gt;10.0s) from pytest-timeout.</failure></testcase><testcase classname="tests.test_iter9_regression.TestBackups" name="test_generate_full_project_backup" time="15.007"><failure message="Failed: Timeout (&gt;10.0s) from pytest-timeout.">E   Failed: Timeout (&gt;10.0s) from pytest-timeout.</failure></testcase><testcase classname="tests.test_iter9_regression.TestBackups" name="test_backup_filename_traversal_blocked" time="51.049"><failure message="Failed: Timeout (&gt;10.0s) from pytest-timeout.">E   Failed: Timeout (&gt;10.0s) from pytest-timeout.</failure></testcase><testcase classname="tests.test_iter9_regression.TestUnauth" name="test_endpoints_require_auth" time="10.002"><failure message="Failed: Timeout (&gt;10.0s) from pytest-timeout.">E   Failed: Timeout (&gt;10.0s) from pytest-timeout.</failure></testcase></testsuite></testsuites>