<?xml version="1.0" encoding="utf-8"?><testsuites name="pytest tests"><testsuite name="pytest" errors="0" failures="0" skipped="0" tests="27" time="4.352" timestamp="2026-07-01T05:45:20.145429+00:00" hostname="agent-env-61e970cc-6919-4f6c-9585-5f47bf2557b9"><testcase classname="backend.tests.test_iter17_reminders" name="test_refactor_get_endpoints_200[/clients]" time="0.421" /><testcase classname="backend.tests.test_iter17_reminders" name="test_refactor_get_endpoints_200[/contracts]" time="0.091" /><testcase classname="backend.tests.test_iter17_reminders" name="test_refactor_get_endpoints_200[/payments]" time="0.050" /><testcase classname="backend.tests.test_iter17_reminders" name="test_refactor_get_endpoints_200[/items/car]" time="0.049" /><testcase classname="backend.tests.test_iter17_reminders" name="test_refactor_get_endpoints_200[/items/motorcycle]" time="0.047" /><testcase classname="backend.tests.test_iter17_reminders" name="test_refactor_get_endpoints_200[/items/electronic]" time="0.048" /><testcase classname="backend.tests.test_iter17_reminders" name="test_refactor_get_endpoints_200[/items/pezadu]" time="0.048" /><testcase classname="backend.tests.test_iter17_reminders" name="test_refactor_get_endpoints_200[/users]" time="0.047" /><testcase classname="backend.tests.test_iter17_reminders" name="test_refactor_get_endpoints_200[/users/modules]" time="0.046" /><testcase classname="backend.tests.test_iter17_reminders" name="test_refactor_get_endpoints_200[/settings]" time="0.045" /><testcase classname="backend.tests.test_iter17_reminders" name="test_refactor_get_endpoints_200[/dashboard/summary]" time="0.054" /><testcase classname="backend.tests.test_iter17_reminders" name="test_refactor_get_endpoints_200[/finance/summary]" time="0.094" /><testcase classname="backend.tests.test_iter17_reminders" name="test_refactor_get_endpoints_200[/reports/v2/inventory]" time="0.056" /><testcase classname="backend.tests.test_iter17_reminders" name="test_refactor_get_endpoints_200[/audit-log]" time="0.055" /><testcase classname="backend.tests.test_iter17_reminders" name="test_admin_login_returns_allowed_modules" time="0.047" /><testcase classname="backend.tests.test_iter17_reminders" name="test_cashier_blocked_on_clients" time="0.475" /><testcase classname="backend.tests.test_iter17_reminders" name="test_cashier_allowed_on_payments" time="0.044" /><testcase classname="backend.tests.test_iter17_reminders" name="test_admin_bypasses_module_gate" time="0.162" /><testcase classname="backend.tests.test_iter17_reminders" name="test_reminders_status_admin" time="0.047" /><testcase classname="backend.tests.test_iter17_reminders" name="test_reminders_status_forbidden_for_cashier" time="0.046" /><testcase classname="backend.tests.test_iter17_reminders" name="test_reminders_logs_forbidden_for_cashier" time="0.043" /><testcase classname="backend.tests.test_iter17_reminders" name="test_reminders_run_returns_summary" time="0.045" /><testcase classname="backend.tests.test_iter17_reminders" name="test_reminders_dedup_second_run" time="0.598" /><testcase classname="backend.tests.test_iter17_reminders" name="test_reminders_logs_shape" time="0.044" /><testcase classname="backend.tests.test_iter17_reminders" name="test_reminders_master_toggle_disables_run" time="0.352" /><testcase classname="backend.tests.test_iter17_reminders" name="test_reminders_day_boundary_targets_7_and_9_only" time="0.988" /><testcase classname="backend.tests.test_iter17_reminders" name="test_iter16_disbursement_still_autoinserted" time="0.238" /></testsuite></testsuites>