<?xml version="1.0" encoding="utf-8"?><testsuites name="pytest tests"><testsuite name="pytest" errors="0" failures="1" skipped="0" tests="9" time="2.786" timestamp="2026-07-05T06:10:06.493929+00:00" hostname="agent-env-61e970cc-6919-4f6c-9585-5f47bf2557b9"><testcase classname="backend.tests.test_iter27_photo_url.TestPhotoUrlShapes" name="test_storage_key_shape" time="0.792" /><testcase classname="backend.tests.test_iter27_photo_url.TestPhotoUrlShapes" name="test_api_path_shape" time="0.124" /><testcase classname="backend.tests.test_iter27_photo_url.TestPhotoUrlShapes" name="test_absolute_url_shape" time="0.121" /><testcase classname="backend.tests.test_iter27_photo_url.TestCardPdfPhotoNormalisation" name="test_pdf_with_storage_key" time="0.291" /><testcase classname="backend.tests.test_iter27_photo_url.TestCardPdfPhotoNormalisation" name="test_pdf_with_api_path" time="0.237" /><testcase classname="backend.tests.test_iter27_photo_url.TestCardPdfPhotoNormalisation" name="test_pdf_with_absolute_url_unreachable" time="0.262" /><testcase classname="backend.tests.test_iter27_photo_url.TestCardPdfPhotoNormalisation" name="test_pdf_with_no_photo" time="0.157" /><testcase classname="backend.tests.test_iter27_photo_url.TestPublicVerifyPhoto" name="test_verify_returns_stored_photo_url" time="0.220" /><testcase classname="backend.tests.test_iter27_photo_url.TestPhotoEmbeddedInPdf" name="test_pdf_photo_larger_than_initials_only" time="0.453"><failure message="AssertionError: PDF with storage-key photo_url (52380B) is not meaningfully larger than PDF with no photo (52486B) — delta=-106B. This means ReportLab could NOT fetch the photo (likely 401 from protected /api/files endpoint). The 'photo in PDF' fix is incomplete — need to make file endpoint public for known clients OR pass an ?auth=&lt;token&gt; query param when normalising URL.&#10;assert -106 &gt; 200">backend/tests/test_iter27_photo_url.py:178: in test_pdf_photo_larger_than_initials_only
    assert delta &gt; 200, (
E   AssertionError: PDF with storage-key photo_url (52380B) is not meaningfully larger than PDF with no photo (52486B) — delta=-106B. This means ReportLab could NOT fetch the photo (likely 401 from protected /api/files endpoint). The 'photo in PDF' fix is incomplete — need to make file endpoint public for known clients OR pass an ?auth=&lt;token&gt; query param when normalising URL.
E   assert -106 &gt; 200</failure></testcase></testsuite></testsuites>