<?xml version="1.0" encoding="utf-8"?><testsuites name="pytest tests"><testsuite name="pytest" errors="2" failures="10" skipped="0" tests="56" time="10.636" timestamp="2026-06-22T15:10:37.270214+00:00" hostname="agent-env-61e970cc-6919-4f6c-9585-5f47bf2557b9"><testcase classname="backend.tests.backend_test" name="test_health_root" time="0.180" /><testcase classname="backend.tests.backend_test.TestAuth" name="test_login_invalid" time="0.365" /><testcase classname="backend.tests.backend_test.TestAuth" name="test_me_unauthenticated" time="0.098" /><testcase classname="backend.tests.backend_test.TestAuth" name="test_me_authenticated" time="0.423" /><testcase classname="backend.tests.backend_test.TestAuth" name="test_login_sets_httponly_cookie" time="0.367" /><testcase classname="backend.tests.backend_test.TestAuth" name="test_refresh" time="0.059" /><testcase classname="backend.tests.backend_test.TestAuth" name="test_logout" time="0.439" /><testcase classname="backend.tests.backend_test.TestUsers" name="test_list_users_requires_admin" time="0.108" /><testcase classname="backend.tests.backend_test.TestUsers" name="test_admin_list_users" time="0.053" /><testcase classname="backend.tests.backend_test.TestUsers" name="test_admin_create_and_delete_user" time="0.331" /><testcase classname="backend.tests.backend_test.TestUsers" name="test_self_delete_blocked" time="0.106" /><testcase classname="backend.tests.backend_test.TestUsers" name="test_staff_cannot_list_users" time="0.737" /><testcase classname="backend.tests.backend_test.TestClients" name="test_create_list_update_delete" time="0.488" /><testcase classname="backend.tests.backend_test.TestClients" name="test_staff_cannot_delete_client" time="0.182" /><testcase classname="backend.tests.backend_test.TestItems" name="test_car_crud" time="0.180" /><testcase classname="backend.tests.backend_test.TestItems" name="test_motorcycle_create" time="0.134" /><testcase classname="backend.tests.backend_test.TestItems" name="test_electronic_create" time="0.124" /><testcase classname="backend.tests.backend_test.TestItems" name="test_invalid_kind" time="0.060" /><testcase classname="backend.tests.backend_test.TestContractFlow" name="test_create_contract_generates_number" time="0.179"><failure message="AssertionError: {&quot;detail&quot;:&quot;Contract term cannot exceed 2 months&quot;}&#10;assert 422 == 200&#10; +  where 422 = &lt;Response [422]&gt;.status_code">E   AssertionError: {"detail":"Contract term cannot exceed 2 months"}
    assert 422 == 200
     +  where 422 = &lt;Response [422]&gt;.status_code</failure></testcase><testcase classname="backend.tests.backend_test.TestContractFlow" name="test_contract_pdf" time="0.000"><failure message="KeyError: 'contract'">E   KeyError: 'contract'</failure></testcase><testcase classname="backend.tests.backend_test.TestContractFlow" name="test_partial_payment_then_full" time="0.117"><failure message="KeyError: 'contract'">E   KeyError: 'contract'</failure></testcase><testcase classname="backend.tests.backend_test.TestAuctionFlow" name="test_overdue_to_auction_sold" time="0.769" /><testcase classname="backend.tests.backend_test.TestReports" name="test_report_returns_list[loans]" time="0.075" /><testcase classname="backend.tests.backend_test.TestReports" name="test_report_returns_list[payments]" time="0.052" /><testcase classname="backend.tests.backend_test.TestReports" name="test_report_returns_list[profit]" time="0.059" /><testcase classname="backend.tests.backend_test.TestReports" name="test_report_returns_list[overdue]" time="0.056" /><testcase classname="backend.tests.backend_test.TestReports" name="test_report_returns_list[clients]" time="0.055" /><testcase classname="backend.tests.backend_test.TestReports" name="test_report_returns_list[contracts]" time="0.056" /><testcase classname="backend.tests.backend_test.TestReports" name="test_report_invalid" time="0.056" /><testcase classname="backend.tests.backend_test.TestReports" name="test_dashboard_summary" time="0.059" /><testcase classname="backend.tests.backend_test.TestPublic" name="test_public_auction_items" time="0.163" /><testcase classname="backend.tests.backend_test.TestPublic" name="test_public_warehouse" time="0.106" /><testcase classname="backend.tests.backend_test.TestPublic" name="test_public_contact" time="0.099" /><testcase classname="backend.tests.test_iter2.TestSettings" name="test_get_defaults" time="0.379" /><testcase classname="backend.tests.test_iter2.TestSettings" name="test_put_updates_and_audit" time="0.237" /><testcase classname="backend.tests.test_iter2.TestSettings" name="test_settings_put_non_admin" time="0.662" /><testcase classname="backend.tests.test_iter2.TestContractDefaultRate" name="test_rate_honored_when_provided" time="0.217"><failure message="AssertionError: {&quot;detail&quot;:&quot;Contract term cannot exceed 2 months&quot;}&#10;assert 422 == 200&#10; +  where 422 = &lt;Response [422]&gt;.status_code">E   AssertionError: {"detail":"Contract term cannot exceed 2 months"}
    assert 422 == 200
     +  where 422 = &lt;Response [422]&gt;.status_code</failure></testcase><testcase classname="backend.tests.test_iter2.TestContractDefaultRate" name="test_rate_omitted_uses_settings_default" time="0.208"><failure message="Failed: BUG: omitting interest_rate yields 422 — ContractIn marks it required; default-from-settings path is unreachable.">E   Failed: BUG: omitting interest_rate yields 422 — ContractIn marks it required; default-from-settings path is unreachable.</failure></testcase><testcase classname="backend.tests.test_iter2.TestContractPdfRicher" name="test_pdf_more_than_3kb" time="0.162"><failure message="KeyError: 'id'">E   KeyError: 'id'</failure></testcase><testcase classname="backend.tests.test_iter2.TestPaymentDateValidation" name="test_payment_before_contract_date_rejected" time="0.163"><failure message="KeyError: 'id'">E   KeyError: 'id'</failure></testcase><testcase classname="backend.tests.test_iter2.TestUploadDownload" name="test_upload_and_download" time="0.545" /><testcase classname="backend.tests.test_iter2.TestDashboardTrends" name="test_trends_shape" time="0.065" /><testcase classname="backend.tests.test_iter2.TestWhatsApp" name="test_send_returns_mocked" time="0.156"><failure message="KeyError: 'id'">E   KeyError: 'id'</failure></testcase><testcase classname="backend.tests.test_iter2.TestWhatsApp" name="test_logs_contains_send" time="0.051"><failure message="KeyError: 'id'">E   KeyError: 'id'</failure></testcase><testcase classname="backend.tests.test_iter2.TestWhatsApp" name="test_reminders_run" time="0.066"><error message="failed on teardown with &quot;KeyError: 'id'&quot;">E   KeyError: 'id'</error></testcase><testcase classname="backend.tests.test_iter2.TestAuditLog" name="test_admin_can_list" time="0.070" /><testcase classname="backend.tests.test_iter2.TestAuditLog" name="test_staff_forbidden" time="0.049" /><testcase classname="backend.tests.test_iter2.TestAuditLog" name="test_filter_by_resource" time="0.049" /><testcase classname="backend.tests.test_iter2.TestCashierRBAC" name="test_cashier_cannot_create_client" time="0.664" /><testcase classname="backend.tests.test_iter2.TestCashierRBAC" name="test_cashier_cannot_create_car_item" time="0.047" /><testcase classname="backend.tests.test_iter2.TestCashierRBAC" name="test_cashier_cannot_create_contract" time="0.250" /><testcase classname="backend.tests.test_iter2.TestCashierRBAC" name="test_cashier_can_create_payment" time="0.000"><failure message="KeyError: 'id'">E   KeyError: 'id'</failure></testcase><testcase classname="backend.tests.test_iter2.TestCashierRBAC" name="test_cashier_can_create_payment" time="0.000"><error message="failed on teardown with &quot;KeyError: 'id'&quot;">E   KeyError: 'id'</error></testcase><testcase classname="backend.tests.test_iter2.TestStaffRBAC" name="test_staff_cannot_list_users" time="0.047" /><testcase classname="backend.tests.test_iter2.TestStaffRBAC" name="test_staff_cannot_view_audit_log" time="0.047" /><testcase classname="backend.tests.test_iter2.TestStaffRBAC" name="test_staff_can_create_client" time="0.051" /></testsuite></testsuites>