<?xml version="1.0" encoding="utf-8"?><testsuites name="pytest tests"><testsuite name="pytest" errors="0" failures="0" skipped="0" tests="6" time="1.404" timestamp="2026-06-22T16:18:21.853793+00:00" hostname="agent-env-61e970cc-6919-4f6c-9585-5f47bf2557b9"><testcase classname="test_iter6_branding.TestBrandedPDFs" name="test_contract_pdf_with_logo" time="0.604" /><testcase classname="test_iter6_branding.TestBrandedPDFs" name="test_receipt_pdf_with_logo" time="0.112" /><testcase classname="test_iter6_branding.TestBrandedPDFs" name="test_report_financial_pdf" time="0.131" /><testcase classname="test_iter6_branding.TestBrandedPDFs" name="test_report_active_contracts_pdf" time="0.108" /><testcase classname="test_iter6_branding.TestExcelExport" name="test_financial_xlsx" time="0.277" /><testcase classname="test_iter6_branding.TestPublicSmoke" name="test_public_warehouse" time="0.107" /></testsuite></testsuites>