<?xml version="1.0" encoding="utf-8"?><testsuites name="pytest tests"><testsuite name="pytest" errors="0" failures="1" skipped="0" tests="30" time="5.297" timestamp="2026-07-22T08:27:51.338279+00:00" hostname="agent-env-61e970cc-6919-4f6c-9585-5f47bf2557b9"><testcase classname="backend.tests.backend_test" name="test_health_root" time="0.112" /><testcase classname="backend.tests.backend_test.TestAuth" name="test_login_invalid" time="0.352" /><testcase classname="backend.tests.backend_test.TestAuth" name="test_me_unauthenticated" time="0.131" /><testcase classname="backend.tests.backend_test.TestAuth" name="test_me_authenticated" time="0.366" /><testcase classname="backend.tests.backend_test.TestAuth" name="test_login_sets_httponly_cookie" time="0.319" /><testcase classname="backend.tests.backend_test.TestAuth" name="test_refresh" time="0.074" /><testcase classname="backend.tests.backend_test.TestAuth" name="test_logout" time="0.410" /><testcase classname="backend.tests.backend_test.TestUsers" name="test_list_users_requires_admin" time="0.093" /><testcase classname="backend.tests.backend_test.TestUsers" name="test_admin_list_users" time="0.051" /><testcase classname="backend.tests.backend_test.TestUsers" name="test_admin_create_and_delete_user" time="0.350" /><testcase classname="backend.tests.backend_test.TestUsers" name="test_self_delete_blocked" time="0.087" /><testcase classname="backend.tests.backend_test.TestUsers" name="test_staff_cannot_list_users" time="0.638" /><testcase classname="backend.tests.backend_test.TestClients" name="test_create_list_update_delete" time="0.409" /><testcase classname="backend.tests.backend_test.TestClients" name="test_staff_cannot_delete_client" time="0.153" /><testcase classname="backend.tests.backend_test.TestItems" name="test_car_crud" time="0.165" /><testcase classname="backend.tests.backend_test.TestItems" name="test_motorcycle_create" time="0.097" /><testcase classname="backend.tests.backend_test.TestItems" name="test_electronic_create" time="0.093" /><testcase classname="backend.tests.backend_test.TestItems" name="test_invalid_kind" time="0.040" /><testcase classname="backend.tests.backend_test.TestContractFlow" name="test_create_contract_generates_number" time="0.195" /><testcase classname="backend.tests.backend_test.TestContractFlow" name="test_contract_pdf" time="0.087" /><testcase classname="backend.tests.backend_test.TestContractFlow" name="test_partial_payment_then_full" time="0.345" /><testcase classname="backend.tests.backend_test.TestReports" name="test_report_returns_list[loans]" time="0.084" /><testcase classname="backend.tests.backend_test.TestReports" name="test_report_returns_list[payments]" time="0.057" /><testcase classname="backend.tests.backend_test.TestReports" name="test_report_returns_list[profit]" time="0.052" /><testcase classname="backend.tests.backend_test.TestReports" name="test_report_returns_list[overdue]" time="0.050" /><testcase classname="backend.tests.backend_test.TestReports" name="test_report_returns_list[clients]" time="0.064" /><testcase classname="backend.tests.backend_test.TestReports" name="test_report_returns_list[contracts]" time="0.063" /><testcase classname="backend.tests.backend_test.TestReports" name="test_report_invalid" time="0.046" /><testcase classname="backend.tests.backend_test.TestReports" name="test_dashboard_summary" time="0.047" /><testcase classname="backend.tests.backend_test.TestPublic" name="test_public_auction_items" time="0.162"><failure message="assert 401 == 200&#10; +  where 401 = &lt;Response [401]&gt;.status_code">backend/tests/backend_test.py:344: in test_public_auction_items
    assert r.status_code == 200
E   assert 401 == 200
E    +  where 401 = &lt;Response [401]&gt;.status_code</failure></testcase></testsuite></testsuites>