<?xml version="1.0" encoding="utf-8"?><testsuites name="pytest tests"><testsuite name="pytest" errors="0" failures="0" skipped="0" tests="22" time="4.721" timestamp="2026-06-22T15:10:27.419190+00:00" hostname="agent-env-61e970cc-6919-4f6c-9585-5f47bf2557b9"><testcase classname="backend.tests.test_iter4.TestClientsIter4" name="test_drivers_license_accepted" time="0.644" /><testcase classname="backend.tests.test_iter4.TestClientsIter4" name="test_invalid_id_type_422" time="0.045" /><testcase classname="backend.tests.test_iter4.TestClientsIter4" name="test_client_contracts_and_payments_endpoints" time="0.309" /><testcase classname="backend.tests.test_iter4.TestItemsIter4" name="test_car_manufacture_year_and_market_value" time="0.049" /><testcase classname="backend.tests.test_iter4.TestItemsIter4" name="test_car_ignores_legacy_year" time="0.052" /><testcase classname="backend.tests.test_iter4.TestItemsIter4" name="test_motorcycle_supports_new_fields" time="0.054" /><testcase classname="backend.tests.test_iter4.TestItemsIter4" name="test_electronic_supports_new_fields" time="0.050" /><testcase classname="backend.tests.test_iter4.TestContractValidation" name="test_due_before_contract_date_422" time="0.147" /><testcase classname="backend.tests.test_iter4.TestContractValidation" name="test_over_62_days_422" time="0.146" /><testcase classname="backend.tests.test_iter4.TestContractValidation" name="test_62_days_exact_ok" time="0.148" /><testcase classname="backend.tests.test_iter4.TestPaymentMath" name="test_partial_reduces_principal" time="0.200" /><testcase classname="backend.tests.test_iter4.TestPaymentMath" name="test_interest_only_then_partial" time="0.202" /><testcase classname="backend.tests.test_iter4.TestPenaltyAndReactivate" name="test_overdue_applies_penalty" time="0.199" /><testcase classname="backend.tests.test_iter4.TestPenaltyAndReactivate" name="test_reactivate_clears_penalty_and_flips_to_active" time="0.287" /><testcase classname="backend.tests.test_iter4.TestPenaltyAndReactivate" name="test_reactivate_past_date_422" time="0.250" /><testcase classname="backend.tests.test_iter4.TestPenaltyAndReactivate" name="test_reactivate_today_422" time="0.207" /><testcase classname="backend.tests.test_iter4.TestPenaltyAndReactivate" name="test_reactivate_over_62_days_422" time="0.237" /><testcase classname="backend.tests.test_iter4.TestContractPDF" name="test_pdf_returned" time="0.217" /><testcase classname="backend.tests.test_iter4.TestRBAC" name="test_cashier_cannot_create_client" time="0.712" /><testcase classname="backend.tests.test_iter4.TestRBAC" name="test_cashier_cannot_create_item" time="0.049" /><testcase classname="backend.tests.test_iter4.TestRBAC" name="test_cashier_cannot_create_contract" time="0.156" /><testcase classname="backend.tests.test_iter4.TestRBAC" name="test_cashier_cannot_reactivate" time="0.279" /></testsuite></testsuites>