<?xml version="1.0" encoding="utf-8"?><testsuites name="pytest tests"><testsuite name="pytest" errors="0" failures="0" skipped="0" tests="12" time="0.486" timestamp="2026-07-05T08:00:44.127066+00:00" hostname="agent-env-61e970cc-6919-4f6c-9585-5f47bf2557b9"><testcase classname="tests.test_iter22_interest_rule.TestMonthsBilledRuleA" name="test_same_day" time="0.000" /><testcase classname="tests.test_iter22_interest_rule.TestMonthsBilledRuleA" name="test_within_first_month" time="0.000" /><testcase classname="tests.test_iter22_interest_rule.TestMonthsBilledRuleA" name="test_anniversary_is_still_same_month" time="0.000" /><testcase classname="tests.test_iter22_interest_rule.TestMonthsBilledRuleA" name="test_one_day_past_anniversary" time="0.000" /><testcase classname="tests.test_iter22_interest_rule.TestMonthsBilledRuleA" name="test_two_month_anniversary" time="0.000" /><testcase classname="tests.test_iter22_interest_rule.TestMonthsBilledRuleA" name="test_three_months_after_grace" time="0.000" /><testcase classname="tests.test_iter22_interest_rule.TestMonthsBilledRuleA" name="test_early_month_first_day" time="0.000" /><testcase classname="tests.test_iter22_interest_rule.TestMonthsBilledRuleA" name="test_end_of_month_start_31st_no_31st_in_next_month" time="0.000" /><testcase classname="tests.test_iter22_interest_rule.TestMonthsBilledRuleA" name="test_leap_year_boundary" time="0.000" /><testcase classname="tests.test_iter22_interest_rule.TestMonthsBilledRuleA" name="test_payment_before_start_returns_one" time="0.000" /><testcase classname="tests.test_iter22_interest_rule.TestMonthsBilledRuleA" name="test_scenarios_from_business_owner" time="0.000" /><testcase classname="tests.test_iter22_interest_rule.TestMonthsBilledRuleA" name="test_long_running_contract" time="0.000" /></testsuite></testsuites>