<?xml version="1.0" encoding="utf-8"?><testsuites name="pytest tests"><testsuite name="pytest" errors="0" failures="0" skipped="0" tests="11" time="3.185" timestamp="2026-07-22T05:58:40.306701+00:00" hostname="agent-env-61e970cc-6919-4f6c-9585-5f47bf2557b9"><testcase classname="backend.tests.test_iter33_month_cap_and_vehicle_fields.TestVehicleFields" name="test_car_engine_cc_transmission" time="0.704" /><testcase classname="backend.tests.test_iter33_month_cap_and_vehicle_fields.TestVehicleFields" name="test_motorcycle_engine_cc_transmission" time="0.191" /><testcase classname="backend.tests.test_iter33_month_cap_and_vehicle_fields.TestVehicleFields" name="test_backward_compat_no_new_fields" time="0.094" /><testcase classname="backend.tests.test_iter33_month_cap_and_vehicle_fields.TestArticle4Cap" name="test_months_elapsed_capped_at_2" time="0.196" /><testcase classname="backend.tests.test_iter33_month_cap_and_vehicle_fields.TestArticle4Cap" name="test_interest_charged_capped" time="0.046" /><testcase classname="backend.tests.test_iter33_month_cap_and_vehicle_fields.TestArticle4Cap" name="test_per_month_billed_has_exactly_2_entries" time="0.188" /><testcase classname="backend.tests.test_iter33_month_cap_and_vehicle_fields.TestContractPdfArticle2Wording" name="test_pdf_contains_new_wording_no_fulan_tolu" time="0.459" /><testcase classname="backend.tests.test_iter33_month_cap_and_vehicle_fields.TestRegression" name="test_financial_report" time="0.490" /><testcase classname="backend.tests.test_iter33_month_cap_and_vehicle_fields.TestRegression" name="test_finance_summary" time="0.334" /><testcase classname="backend.tests.test_iter33_month_cap_and_vehicle_fields.TestRegression" name="test_dashboard_summary" time="0.052" /><testcase classname="backend.tests.test_iter33_month_cap_and_vehicle_fields.TestRegression" name="test_contracts_list_health" time="0.357" /></testsuite></testsuites>