<?xml version="1.0" encoding="utf-8"?><testsuites name="pytest tests"><testsuite name="pytest" errors="0" failures="0" skipped="0" tests="32" time="2.242" timestamp="2026-07-05T09:15:04.599439+00:00" hostname="agent-env-61e970cc-6919-4f6c-9585-5f47bf2557b9"><testcase classname="tests.test_iter23_reminder_body.TestReminderBody" name="test_en_body_contains_math" time="0.000" /><testcase classname="tests.test_iter23_reminder_body.TestReminderBody" name="test_tet_body_contains_math_and_language" time="0.000" /><testcase classname="tests.test_iter23_reminder_body.TestReminderBody" name="test_body_within_whatsapp_limit" time="0.000" /><testcase classname="tests.test_iter23_reminder_body.TestReminderBody" name="test_short_contract_helper" time="0.000" /><testcase classname="tests.test_iter23_reminder_body.TestReminderBody" name="test_scenario_from_business_owner" time="0.000" /><testcase classname="tests.test_iter22_interest_rule.TestMonthsBilledRuleA" name="test_same_day" time="0.000" /><testcase classname="tests.test_iter22_interest_rule.TestMonthsBilledRuleA" name="test_within_first_month" time="0.000" /><testcase classname="tests.test_iter22_interest_rule.TestMonthsBilledRuleA" name="test_anniversary_is_still_same_month" time="0.000" /><testcase classname="tests.test_iter22_interest_rule.TestMonthsBilledRuleA" name="test_one_day_past_anniversary" time="0.000" /><testcase classname="tests.test_iter22_interest_rule.TestMonthsBilledRuleA" name="test_two_month_anniversary" time="0.000" /><testcase classname="tests.test_iter22_interest_rule.TestMonthsBilledRuleA" name="test_three_months_after_grace" time="0.000" /><testcase classname="tests.test_iter22_interest_rule.TestMonthsBilledRuleA" name="test_early_month_first_day" time="0.000" /><testcase classname="tests.test_iter22_interest_rule.TestMonthsBilledRuleA" name="test_end_of_month_start_31st_no_31st_in_next_month" time="0.000" /><testcase classname="tests.test_iter22_interest_rule.TestMonthsBilledRuleA" name="test_leap_year_boundary" time="0.000" /><testcase classname="tests.test_iter22_interest_rule.TestMonthsBilledRuleA" name="test_payment_before_start_returns_one" time="0.000" /><testcase classname="tests.test_iter22_interest_rule.TestMonthsBilledRuleA" name="test_scenarios_from_business_owner" time="0.000" /><testcase classname="tests.test_iter22_interest_rule.TestMonthsBilledRuleA" name="test_long_running_contract" time="0.000" /><testcase classname="tests.test_iter20_monthly_interest.TestContractNewFields" name="test_all_contracts_expose_new_fields" time="0.472" /><testcase classname="tests.test_iter20_monthly_interest.TestContractNewFields" name="test_months_elapsed_is_positive_int" time="0.000" /><testcase classname="tests.test_iter20_monthly_interest.TestContractNewFields" name="test_per_month_interest_matches_loan_times_rate" time="0.000" /><testcase classname="tests.test_iter20_monthly_interest.TestContractNewFields" name="test_interest_amount_equals_per_month_times_months" time="0.000" /><testcase classname="tests.test_iter20_monthly_interest.TestArticle4MonthsElapsed" name="test_fresh_contract_months_is_one" time="0.011" /><testcase classname="tests.test_iter20_monthly_interest.TestArticle4MonthsElapsed" name="test_all_contracts_match_article4_formula" time="0.011" /><testcase classname="tests.test_iter20_monthly_interest.TestArticle4MonthsElapsed" name="test_ctr_2026_0115_matches_expected_months" time="0.000" /><testcase classname="tests.test_iter20_monthly_interest.TestNextInterestDate" name="test_next_date_strictly_future" time="0.000" /><testcase classname="tests.test_iter20_monthly_interest.TestNextInterestDate" name="test_next_date_aligned_to_monthly_anniversary" time="0.001" /><testcase classname="tests.test_iter20_monthly_interest.TestIdempotencyAndPenalty" name="test_recompute_is_idempotent_via_repeated_get" time="0.093" /><testcase classname="tests.test_iter20_monthly_interest.TestIdempotencyAndPenalty" name="test_penalty_full_is_loan_times_ten_percent_on_overdue" time="0.000" /><testcase classname="tests.test_iter20_monthly_interest.TestReceiptPDFNextPaymentBlock" name="test_repayment_pdf_contains_next_payment_block" time="0.718" /><testcase classname="tests.test_iter20_monthly_interest.TestReceiptPDFNextPaymentBlock" name="test_disbursement_pdf_omits_next_payment_block" time="0.121" /><testcase classname="tests.test_iter20_monthly_interest.TestReceiptPDFNextPaymentBlock" name="test_fully_paid_receipt_omits_next_payment_block" time="0.124" /><testcase classname="tests.test_iter20_monthly_interest.TestRegressionPawnItemAndSignature" name="test_receipt_pdf_has_item_and_signature" time="0.169" /></testsuite></testsuites>