<?xml version="1.0" encoding="utf-8"?><testsuites name="pytest tests"><testsuite name="pytest" errors="0" failures="0" skipped="0" tests="77" time="15.683" timestamp="2026-06-22T15:12:23.089628+00:00" hostname="agent-env-61e970cc-6919-4f6c-9585-5f47bf2557b9"><testcase classname="backend.tests.backend_test" name="test_health_root" time="0.183" /><testcase classname="backend.tests.backend_test.TestAuth" name="test_login_invalid" time="0.340" /><testcase classname="backend.tests.backend_test.TestAuth" name="test_me_unauthenticated" time="0.116" /><testcase classname="backend.tests.backend_test.TestAuth" name="test_me_authenticated" time="0.377" /><testcase classname="backend.tests.backend_test.TestAuth" name="test_login_sets_httponly_cookie" time="0.326" /><testcase classname="backend.tests.backend_test.TestAuth" name="test_refresh" time="0.042" /><testcase classname="backend.tests.backend_test.TestAuth" name="test_logout" time="0.450" /><testcase classname="backend.tests.backend_test.TestUsers" name="test_list_users_requires_admin" time="0.105" /><testcase classname="backend.tests.backend_test.TestUsers" name="test_admin_list_users" time="0.052" /><testcase classname="backend.tests.backend_test.TestUsers" name="test_admin_create_and_delete_user" time="0.319" /><testcase classname="backend.tests.backend_test.TestUsers" name="test_self_delete_blocked" time="0.119" /><testcase classname="backend.tests.backend_test.TestUsers" name="test_staff_cannot_list_users" time="0.656" /><testcase classname="backend.tests.backend_test.TestClients" name="test_create_list_update_delete" time="0.315" /><testcase classname="backend.tests.backend_test.TestClients" name="test_staff_cannot_delete_client" time="0.145" /><testcase classname="backend.tests.backend_test.TestItems" name="test_car_crud" time="0.147" /><testcase classname="backend.tests.backend_test.TestItems" name="test_motorcycle_create" time="0.116" /><testcase classname="backend.tests.backend_test.TestItems" name="test_electronic_create" time="0.159" /><testcase classname="backend.tests.backend_test.TestItems" name="test_invalid_kind" time="0.043" /><testcase classname="backend.tests.backend_test.TestContractFlow" name="test_create_contract_generates_number" time="0.189" /><testcase classname="backend.tests.backend_test.TestContractFlow" name="test_contract_pdf" time="0.065" /><testcase classname="backend.tests.backend_test.TestContractFlow" name="test_partial_payment_then_full" time="0.283" /><testcase classname="backend.tests.backend_test.TestAuctionFlow" name="test_overdue_to_auction_sold" time="0.579" /><testcase classname="backend.tests.backend_test.TestReports" name="test_report_returns_list[loans]" time="0.050" /><testcase classname="backend.tests.backend_test.TestReports" name="test_report_returns_list[payments]" time="0.047" /><testcase classname="backend.tests.backend_test.TestReports" name="test_report_returns_list[profit]" time="0.058" /><testcase classname="backend.tests.backend_test.TestReports" name="test_report_returns_list[overdue]" time="0.052" /><testcase classname="backend.tests.backend_test.TestReports" name="test_report_returns_list[clients]" time="0.047" /><testcase classname="backend.tests.backend_test.TestReports" name="test_report_returns_list[contracts]" time="0.051" /><testcase classname="backend.tests.backend_test.TestReports" name="test_report_invalid" time="0.055" /><testcase classname="backend.tests.backend_test.TestReports" name="test_dashboard_summary" time="0.050" /><testcase classname="backend.tests.backend_test.TestPublic" name="test_public_auction_items" time="0.116" /><testcase classname="backend.tests.backend_test.TestPublic" name="test_public_warehouse" time="0.100" /><testcase classname="backend.tests.backend_test.TestPublic" name="test_public_contact" time="0.128" /><testcase classname="backend.tests.test_iter2.TestSettings" name="test_get_defaults" time="0.378" /><testcase classname="backend.tests.test_iter2.TestSettings" name="test_put_updates_and_audit" time="0.203" /><testcase classname="backend.tests.test_iter2.TestSettings" name="test_settings_put_non_admin" time="0.647" /><testcase classname="backend.tests.test_iter2.TestContractDefaultRate" name="test_rate_honored_when_provided" time="0.330" /><testcase classname="backend.tests.test_iter2.TestContractDefaultRate" name="test_rate_omitted_uses_settings_default" time="0.298" /><testcase classname="backend.tests.test_iter2.TestContractPdfRicher" name="test_pdf_more_than_3kb" time="0.360" /><testcase classname="backend.tests.test_iter2.TestPaymentDateValidation" name="test_payment_before_contract_date_rejected" time="0.364" /><testcase classname="backend.tests.test_iter2.TestUploadDownload" name="test_upload_and_download" time="0.488" /><testcase classname="backend.tests.test_iter2.TestDashboardTrends" name="test_trends_shape" time="0.052" /><testcase classname="backend.tests.test_iter2.TestWhatsApp" name="test_send_returns_mocked" time="0.214" /><testcase classname="backend.tests.test_iter2.TestWhatsApp" name="test_logs_contains_send" time="0.055" /><testcase classname="backend.tests.test_iter2.TestWhatsApp" name="test_reminders_run" time="0.235" /><testcase classname="backend.tests.test_iter2.TestAuditLog" name="test_admin_can_list" time="0.075" /><testcase classname="backend.tests.test_iter2.TestAuditLog" name="test_staff_forbidden" time="0.049" /><testcase classname="backend.tests.test_iter2.TestAuditLog" name="test_filter_by_resource" time="0.057" /><testcase classname="backend.tests.test_iter2.TestCashierRBAC" name="test_cashier_cannot_create_client" time="0.660" /><testcase classname="backend.tests.test_iter2.TestCashierRBAC" name="test_cashier_cannot_create_car_item" time="0.153" /><testcase classname="backend.tests.test_iter2.TestCashierRBAC" name="test_cashier_cannot_create_contract" time="0.206" /><testcase classname="backend.tests.test_iter2.TestCashierRBAC" name="test_cashier_can_create_payment" time="0.223" /><testcase classname="backend.tests.test_iter2.TestStaffRBAC" name="test_staff_cannot_list_users" time="0.042" /><testcase classname="backend.tests.test_iter2.TestStaffRBAC" name="test_staff_cannot_view_audit_log" time="0.041" /><testcase classname="backend.tests.test_iter2.TestStaffRBAC" name="test_staff_can_create_client" time="0.060" /><testcase classname="backend.tests.test_iter4.TestClientsIter4" name="test_drivers_license_accepted" time="0.529" /><testcase classname="backend.tests.test_iter4.TestClientsIter4" name="test_invalid_id_type_422" time="0.059" /><testcase classname="backend.tests.test_iter4.TestClientsIter4" name="test_client_contracts_and_payments_endpoints" time="0.370" /><testcase classname="backend.tests.test_iter4.TestItemsIter4" name="test_car_manufacture_year_and_market_value" time="0.051" /><testcase classname="backend.tests.test_iter4.TestItemsIter4" name="test_car_ignores_legacy_year" time="0.052" /><testcase classname="backend.tests.test_iter4.TestItemsIter4" name="test_motorcycle_supports_new_fields" time="0.053" /><testcase classname="backend.tests.test_iter4.TestItemsIter4" name="test_electronic_supports_new_fields" time="0.050" /><testcase classname="backend.tests.test_iter4.TestContractValidation" name="test_due_before_contract_date_422" time="0.191" /><testcase classname="backend.tests.test_iter4.TestContractValidation" name="test_over_62_days_422" time="0.157" /><testcase classname="backend.tests.test_iter4.TestContractValidation" name="test_62_days_exact_ok" time="0.151" /><testcase classname="backend.tests.test_iter4.TestPaymentMath" name="test_partial_reduces_principal" time="0.189" /><testcase classname="backend.tests.test_iter4.TestPaymentMath" name="test_interest_only_then_partial" time="0.204" /><testcase classname="backend.tests.test_iter4.TestPenaltyAndReactivate" name="test_overdue_applies_penalty" time="0.197" /><testcase classname="backend.tests.test_iter4.TestPenaltyAndReactivate" name="test_reactivate_clears_penalty_and_flips_to_active" time="0.265" /><testcase classname="backend.tests.test_iter4.TestPenaltyAndReactivate" name="test_reactivate_past_date_422" time="0.194" /><testcase classname="backend.tests.test_iter4.TestPenaltyAndReactivate" name="test_reactivate_today_422" time="0.203" /><testcase classname="backend.tests.test_iter4.TestPenaltyAndReactivate" name="test_reactivate_over_62_days_422" time="0.231" /><testcase classname="backend.tests.test_iter4.TestContractPDF" name="test_pdf_returned" time="0.224" /><testcase classname="backend.tests.test_iter4.TestRBAC" name="test_cashier_cannot_create_client" time="0.671" /><testcase classname="backend.tests.test_iter4.TestRBAC" name="test_cashier_cannot_create_item" time="0.051" /><testcase classname="backend.tests.test_iter4.TestRBAC" name="test_cashier_cannot_create_contract" time="0.153" /><testcase classname="backend.tests.test_iter4.TestRBAC" name="test_cashier_cannot_reactivate" time="0.213" /></testsuite></testsuites>