<?xml version="1.0" encoding="utf-8"?><testsuites name="pytest tests"><testsuite name="pytest" errors="0" failures="0" skipped="0" tests="9" time="2.287" timestamp="2026-07-01T06:19:54.961758+00:00" hostname="agent-env-61e970cc-6919-4f6c-9585-5f47bf2557b9"><testcase classname="backend.tests.test_iter18_receipt_item.TestDisbursementReceiptPawnItem" name="test_disbursement_pdf_pawn_item_block" time="0.869" /><testcase classname="backend.tests.test_iter18_receipt_item.TestDisbursementReceiptPawnItem" name="test_disbursement_pdf_signature_names" time="0.159" /><testcase classname="backend.tests.test_iter18_receipt_item.TestDisbursementReceiptPawnItem" name="test_disbursement_pdf_has_description_freetext" time="0.125" /><testcase classname="backend.tests.test_iter18_receipt_item.TestDisbursementReceiptPawnItem" name="test_iter16_regression_disbursement_title_and_box" time="0.119" /><testcase classname="backend.tests.test_iter18_receipt_item.TestRegularPaymentReceipt" name="test_regular_payment_pdf_shows_item_block_and_repayment_box" time="0.123" /><testcase classname="backend.tests.test_iter18_receipt_item.TestOrphanItemReceipt" name="test_pdf_ok_when_item_deleted" time="0.449" /><testcase classname="backend.tests.test_iter18_receipt_item.TestIter17RemindersRegression" name="test_reminders_status_structure" time="0.047" /><testcase classname="backend.tests.test_iter18_receipt_item.TestIter17RemindersRegression" name="test_reminders_run_works" time="0.049" /><testcase classname="backend.tests.test_iter18_receipt_item.TestIter10Regression" name="test_car_name_and_machine_number_roundtrip" time="0.200" /></testsuite></testsuites>