<?xml version="1.0" encoding="utf-8"?><testsuites name="pytest tests"><testsuite name="pytest" errors="0" failures="0" skipped="0" tests="7" time="2.380" timestamp="2026-07-01T04:57:57.185698+00:00" hostname="agent-env-61e970cc-6919-4f6c-9585-5f47bf2557b9"><testcase classname="backend.tests.test_iter16_disbursement.TestDisbursementAuto" name="test_contract_created_status_and_balances" time="0.736" /><testcase classname="backend.tests.test_iter16_disbursement.TestDisbursementAuto" name="test_iter10_regression_fields_present" time="0.000" /><testcase classname="backend.tests.test_iter16_disbursement.TestDisbursementAuto" name="test_disbursement_payment_auto_created" time="0.043" /><testcase classname="backend.tests.test_iter16_disbursement.TestDisbursementAuto" name="test_disbursement_pdf_content" time="0.208" /><testcase classname="backend.tests.test_iter16_disbursement.TestContractPdfArticle4" name="test_contract_pdf_has_new_article4_lines" time="0.312" /><testcase classname="backend.tests.test_iter16_disbursement.TestFinanceSummary" name="test_finance_client_payments_excludes_disbursement" time="0.471" /><testcase classname="backend.tests.test_iter16_disbursement.TestRepaymentRegression" name="test_partial_payment_updates_paid_amount" time="0.395" /></testsuite></testsuites>