<?xml version="1.0" encoding="utf-8"?><testsuites name="pytest tests"><testsuite name="pytest" errors="0" failures="0" skipped="0" tests="15" time="1.487" timestamp="2026-07-04T08:52:19.345896+00:00" hostname="agent-env-61e970cc-6919-4f6c-9585-5f47bf2557b9"><testcase classname="backend.tests.test_iter20_monthly_interest.TestContractNewFields" name="test_all_contracts_expose_new_fields" time="0.597" /><testcase classname="backend.tests.test_iter20_monthly_interest.TestContractNewFields" name="test_months_elapsed_is_positive_int" time="0.000" /><testcase classname="backend.tests.test_iter20_monthly_interest.TestContractNewFields" name="test_per_month_interest_matches_loan_times_rate" time="0.000" /><testcase classname="backend.tests.test_iter20_monthly_interest.TestContractNewFields" name="test_interest_amount_equals_per_month_times_months" time="0.000" /><testcase classname="backend.tests.test_iter20_monthly_interest.TestArticle4MonthsElapsed" name="test_fresh_contract_months_is_one" time="0.000" /><testcase classname="backend.tests.test_iter20_monthly_interest.TestArticle4MonthsElapsed" name="test_all_contracts_match_article4_formula" time="0.000" /><testcase classname="backend.tests.test_iter20_monthly_interest.TestArticle4MonthsElapsed" name="test_ctr_2026_0115_matches_expected_31_months" time="0.000" /><testcase classname="backend.tests.test_iter20_monthly_interest.TestNextInterestDate" name="test_next_date_strictly_future" time="0.000" /><testcase classname="backend.tests.test_iter20_monthly_interest.TestNextInterestDate" name="test_next_date_multiple_of_30_from_contract_start" time="0.000" /><testcase classname="backend.tests.test_iter20_monthly_interest.TestIdempotencyAndPenalty" name="test_recompute_is_idempotent_via_repeated_get" time="0.092" /><testcase classname="backend.tests.test_iter20_monthly_interest.TestIdempotencyAndPenalty" name="test_penalty_full_is_loan_times_ten_percent_on_overdue" time="0.000" /><testcase classname="backend.tests.test_iter20_monthly_interest.TestReceiptPDFNextPaymentBlock" name="test_repayment_pdf_contains_next_payment_block" time="0.247" /><testcase classname="backend.tests.test_iter20_monthly_interest.TestReceiptPDFNextPaymentBlock" name="test_disbursement_pdf_omits_next_payment_block" time="0.126" /><testcase classname="backend.tests.test_iter20_monthly_interest.TestReceiptPDFNextPaymentBlock" name="test_fully_paid_receipt_omits_next_payment_block" time="0.126" /><testcase classname="backend.tests.test_iter20_monthly_interest.TestRegressionPawnItemAndSignature" name="test_receipt_pdf_has_item_and_signature" time="0.167" /></testsuite></testsuites>