<?xml version="1.0" encoding="utf-8"?><testsuites name="pytest tests"><testsuite name="pytest" errors="0" failures="0" skipped="0" tests="13" time="3.986" timestamp="2026-07-05T06:20:26.889241+00:00" hostname="agent-env-61e970cc-6919-4f6c-9585-5f47bf2557b9"><testcase classname="backend.tests.test_iter27_photo_url.TestPhotoUrlShapes" name="test_storage_key_shape" time="0.777" /><testcase classname="backend.tests.test_iter27_photo_url.TestPhotoUrlShapes" name="test_api_path_shape" time="0.096" /><testcase classname="backend.tests.test_iter27_photo_url.TestPhotoUrlShapes" name="test_absolute_url_shape" time="0.091" /><testcase classname="backend.tests.test_iter27_photo_url.TestCardPdfPhotoNormalisation" name="test_pdf_with_storage_key" time="0.385" /><testcase classname="backend.tests.test_iter27_photo_url.TestCardPdfPhotoNormalisation" name="test_pdf_with_api_path" time="0.363" /><testcase classname="backend.tests.test_iter27_photo_url.TestCardPdfPhotoNormalisation" name="test_pdf_with_absolute_url_unreachable" time="0.269" /><testcase classname="backend.tests.test_iter27_photo_url.TestCardPdfPhotoNormalisation" name="test_pdf_with_no_photo" time="0.216" /><testcase classname="backend.tests.test_iter27_photo_url.TestPublicVerifyPhoto" name="test_verify_returns_public_photo_url" time="0.195" /><testcase classname="backend.tests.test_iter27_photo_url.TestPublicVerifyPhotoEndpoint" name="test_photo_bytes_returned_for_storage_key" time="0.343" /><testcase classname="backend.tests.test_iter27_photo_url.TestPublicVerifyPhotoEndpoint" name="test_photo_redirect_for_absolute_url" time="0.196" /><testcase classname="backend.tests.test_iter27_photo_url.TestPublicVerifyPhotoEndpoint" name="test_photo_404_for_unknown_token" time="0.158" /><testcase classname="backend.tests.test_iter27_photo_url.TestPublicVerifyPhotoEndpoint" name="test_photo_404_for_short_token" time="0.150" /><testcase classname="backend.tests.test_iter27_photo_url.TestPhotoEmbeddedInPdf" name="test_pdf_photo_larger_than_initials_only" time="0.567" /></testsuite></testsuites>