<?xml version="1.0" encoding="utf-8"?><testsuites name="pytest tests"><testsuite name="pytest" errors="0" failures="0" skipped="0" tests="23" time="7.553" timestamp="2026-07-22T17:14:10.302083+00:00" hostname="agent-env-61e970cc-6919-4f6c-9585-5f47bf2557b9"><testcase classname="tests.test_iter58_items_whatsapp.TestItemsRouteSplit" name="test_list_all_kinds_return_200" time="1.025" /><testcase classname="tests.test_iter58_items_whatsapp.TestItemsRouteSplit" name="test_invalid_kind_returns_400" time="0.074" /><testcase classname="tests.test_iter58_items_whatsapp.TestItemsRouteSplit" name="test_unauthenticated_rejected" time="0.113" /><testcase classname="tests.test_iter58_items_whatsapp.TestItemsRouteSplit" name="test_crud_car_lifecycle" time="0.387" /><testcase classname="tests.test_iter58_items_whatsapp.TestPhotoPatch" name="test_patch_photo_updates_only_photo_fields" time="0.156" /><testcase classname="tests.test_iter58_items_whatsapp.TestPhotoPatch" name="test_patch_photo_idempotent" time="0.145" /><testcase classname="tests.test_iter58_items_whatsapp.TestPhotoPatch" name="test_patch_photo_bad_kind" time="0.082" /><testcase classname="tests.test_iter58_items_whatsapp.TestPhotoPatch" name="test_patch_photo_unknown_iid" time="0.163" /><testcase classname="tests.test_iter58_items_whatsapp.TestSettingsWhatsAppFields" name="test_verify_token_and_app_secret_roundtrip" time="0.217" /><testcase classname="tests.test_iter58_items_whatsapp.TestSettingsWhatsAppFields" name="test_existing_whatsapp_token_flow_still_works" time="0.072" /><testcase classname="tests.test_iter58_items_whatsapp.TestWhatsAppWebhookVerify" name="test_get_verify_matches" time="0.173" /><testcase classname="tests.test_iter58_items_whatsapp.TestWhatsAppWebhookVerify" name="test_get_verify_mismatch" time="0.203" /><testcase classname="tests.test_iter58_items_whatsapp.TestWhatsAppWebhookVerify" name="test_get_verify_when_unconfigured" time="0.195" /><testcase classname="tests.test_iter58_items_whatsapp.TestWhatsAppWebhookPost" name="test_post_orphan_status_recorded" time="2.330" /><testcase classname="tests.test_iter58_items_whatsapp.TestWhatsAppWebhookPost" name="test_post_invalid_signature_when_secret_configured" time="0.315" /><testcase classname="tests.test_iter58_items_whatsapp.TestWhatsAppWebhookPost" name="test_post_valid_signature_accepted" time="0.288" /><testcase classname="tests.test_iter58_items_whatsapp.TestWhatsAppWebhookPost" name="test_post_missing_signature_when_secret_configured" time="0.272" /><testcase classname="tests.test_iter58_items_whatsapp.TestWhatsAppStatusEndpoints" name="test_status_unknown_contract" time="0.074" /><testcase classname="tests.test_iter58_items_whatsapp.TestWhatsAppStatusEndpoints" name="test_status_requires_auth" time="0.130" /><testcase classname="tests.test_iter58_items_whatsapp.TestWhatsAppStatusEndpoints" name="test_status_bulk_empty" time="0.084" /><testcase classname="tests.test_iter58_items_whatsapp.TestWhatsAppStatusEndpoints" name="test_status_bulk_with_ids" time="0.675" /><testcase classname="tests.test_iter58_items_whatsapp.TestWhatsAppStatusEndpoints" name="test_webhook_config_requires_admin" time="0.109" /><testcase classname="tests.test_iter58_items_whatsapp.TestWhatsAppStatusEndpoints" name="test_webhook_config_admin_ok" time="0.155" /></testsuite></testsuites>