<?xml version="1.0" encoding="utf-8"?><testsuites name="pytest tests"><testsuite name="pytest" errors="0" failures="0" skipped="0" tests="23" time="2.488" timestamp="2026-06-22T17:18:07.718375+00:00" hostname="agent-env-61e970cc-6919-4f6c-9585-5f47bf2557b9"><testcase classname="backend.tests.test_iter8_finance_pdf.TestFinanceSummaryPdf" name="test_summary_includes_invoice_keys" time="0.470" /><testcase classname="backend.tests.test_iter8_finance_pdf.TestFinanceSummaryPdf" name="test_summary_pdf_default" time="0.128" /><testcase classname="backend.tests.test_iter8_finance_pdf.TestFinanceSummaryPdf" name="test_summary_pdf_with_month_year" time="0.104" /><testcase classname="backend.tests.test_iter8_finance_pdf.TestCapitalSourcesPdf" name="test_capital_pdf" time="0.074" /><testcase classname="backend.tests.test_iter8_finance_pdf.TestExpensesPdf" name="test_expenses_pdf_no_filter" time="0.193" /><testcase classname="backend.tests.test_iter8_finance_pdf.TestExpensesPdf" name="test_expenses_pdf_with_category" time="0.070" /><testcase classname="backend.tests.test_iter8_finance_pdf.TestExpensesPdf" name="test_expenses_pdf_with_month_year" time="0.070" /><testcase classname="backend.tests.test_iter8_finance_pdf.TestInvoicesPdf" name="test_invoices_list_endpoint" time="0.042" /><testcase classname="backend.tests.test_iter8_finance_pdf.TestInvoicesPdf" name="test_invoices_list_pdf" time="0.078" /><testcase classname="backend.tests.test_iter8_finance_pdf.TestInvoicesPdf" name="test_invoice_route_ordering" time="0.070" /><testcase classname="backend.tests.test_iter8_finance_pdf.TestInvoicesPdf" name="test_single_invoice_pdf_if_any" time="0.122" /><testcase classname="backend.tests.test_iter8_finance_pdf.TestSoldAuctionInvoiceFlow" name="test_invoice_appears_in_list" time="0.284" /><testcase classname="backend.tests.test_iter8_finance_pdf.TestSoldAuctionInvoiceFlow" name="test_single_invoice_pdf" time="0.067" /><testcase classname="backend.tests.test_iter8_finance_pdf.TestSoldAuctionInvoiceFlow" name="test_auction_has_invoice_id" time="0.042" /><testcase classname="backend.tests.test_iter8_finance_pdf.TestPdfAuth" name="test_unauth_summary_pdf" time="0.098" /><testcase classname="backend.tests.test_iter8_finance_pdf.TestPdfAuth" name="test_unauth_invoices_list_pdf" time="0.107" /><testcase classname="backend.tests.test_iter8_finance_pdf.TestRegression" name="test_endpoint_ok[/api/clients]" time="0.049" /><testcase classname="backend.tests.test_iter8_finance_pdf.TestRegression" name="test_endpoint_ok[/api/contracts]" time="0.094" /><testcase classname="backend.tests.test_iter8_finance_pdf.TestRegression" name="test_endpoint_ok[/api/payments]" time="0.045" /><testcase classname="backend.tests.test_iter8_finance_pdf.TestRegression" name="test_endpoint_ok[/api/funding-sources]" time="0.046" /><testcase classname="backend.tests.test_iter8_finance_pdf.TestRegression" name="test_endpoint_ok[/api/expenses]" time="0.045" /><testcase classname="backend.tests.test_iter8_finance_pdf.TestRegression" name="test_endpoint_ok[/api/auctions]" time="0.042" /><testcase classname="backend.tests.test_iter8_finance_pdf.TestRegression" name="test_endpoint_ok[/api/finance/summary]" time="0.079" /></testsuite></testsuites>