<?xml version="1.0" encoding="utf-8"?><testsuites name="pytest tests"><testsuite name="pytest" errors="0" failures="0" skipped="0" tests="20" time="3.041" timestamp="2026-06-22T16:47:30.535629+00:00" hostname="agent-env-61e970cc-6919-4f6c-9585-5f47bf2557b9"><testcase classname="backend.tests.test_iter7_finance.TestExpenseCategories" name="test_list_categories" time="0.454" /><testcase classname="backend.tests.test_iter7_finance.TestFundingSources" name="test_create_source" time="0.057" /><testcase classname="backend.tests.test_iter7_finance.TestFundingSources" name="test_list_includes_source" time="0.054" /><testcase classname="backend.tests.test_iter7_finance.TestFundingSources" name="test_update_source" time="0.056" /><testcase classname="backend.tests.test_iter7_finance.TestFundingSources" name="test_repayment_decreases_outstanding" time="0.127" /><testcase classname="backend.tests.test_iter7_finance.TestExpenses" name="test_create_expense_admin" time="0.056" /><testcase classname="backend.tests.test_iter7_finance.TestExpenses" name="test_cashier_forbidden_on_create" time="0.696" /><testcase classname="backend.tests.test_iter7_finance.TestExpenses" name="test_list_filters" time="0.063" /><testcase classname="backend.tests.test_iter7_finance.TestExpenses" name="test_update_expense_admin" time="0.057" /><testcase classname="backend.tests.test_iter7_finance.TestExpenses" name="test_delete_expense_admin_at_end" time="0.114" /><testcase classname="backend.tests.test_iter7_finance.TestFinanceSummary" name="test_summary_has_numeric_keys" time="0.076" /><testcase classname="backend.tests.test_iter7_finance.TestFinanceSummary" name="test_summary_reflects_capital_and_repayment" time="0.102" /><testcase classname="backend.tests.test_iter7_finance.TestFinanceSummary" name="test_expenses_by_category_shape" time="0.080" /><testcase classname="backend.tests.test_iter7_finance.TestTreasuryReport" name="test_treasury_json" time="0.058" /><testcase classname="backend.tests.test_iter7_finance.TestTreasuryReport" name="test_treasury_xlsx" time="0.264" /><testcase classname="backend.tests.test_iter7_finance.TestTreasuryReport" name="test_treasury_pdf_branded" time="0.099" /><testcase classname="backend.tests.test_iter7_finance.TestWhatsAppBrandingPDF" name="test_report_pdf_has_whatsapp" time="0.243" /><testcase classname="backend.tests.test_iter7_finance.TestWhatsAppBrandingPDF" name="test_treasury_pdf_has_whatsapp" time="0.104" /><testcase classname="backend.tests.test_iter7_finance.TestZCleanup" name="test_delete_funding_source" time="0.126" /><testcase classname="backend.tests.test_iter7_finance.TestZCleanup" name="test_delete_expense" time="0.064" /></testsuite></testsuites>