<?xml version="1.0" encoding="utf-8"?><testsuites name="pytest tests"><testsuite name="pytest" errors="0" failures="0" skipped="0" tests="98" time="21.848" timestamp="2026-06-22T16:47:39.509156+00:00" hostname="agent-env-61e970cc-6919-4f6c-9585-5f47bf2557b9"><testcase classname="backend.tests.backend_test" name="test_health_root" time="0.184" /><testcase classname="backend.tests.backend_test.TestAuth" name="test_login_invalid" time="0.353" /><testcase classname="backend.tests.backend_test.TestAuth" name="test_me_unauthenticated" time="0.120" /><testcase classname="backend.tests.backend_test.TestAuth" name="test_me_authenticated" time="0.454" /><testcase classname="backend.tests.backend_test.TestAuth" name="test_login_sets_httponly_cookie" time="0.327" /><testcase classname="backend.tests.backend_test.TestAuth" name="test_refresh" time="0.066" /><testcase classname="backend.tests.backend_test.TestAuth" name="test_logout" time="0.756" /><testcase classname="backend.tests.backend_test.TestUsers" name="test_list_users_requires_admin" time="0.098" /><testcase classname="backend.tests.backend_test.TestUsers" name="test_admin_list_users" time="0.050" /><testcase classname="backend.tests.backend_test.TestUsers" name="test_admin_create_and_delete_user" time="0.337" /><testcase classname="backend.tests.backend_test.TestUsers" name="test_self_delete_blocked" time="0.100" /><testcase classname="backend.tests.backend_test.TestUsers" name="test_staff_cannot_list_users" time="0.635" /><testcase classname="backend.tests.backend_test.TestClients" name="test_create_list_update_delete" time="0.458" /><testcase classname="backend.tests.backend_test.TestClients" name="test_staff_cannot_delete_client" time="0.167" /><testcase classname="backend.tests.backend_test.TestItems" name="test_car_crud" time="0.440" /><testcase classname="backend.tests.backend_test.TestItems" name="test_motorcycle_create" time="0.112" /><testcase classname="backend.tests.backend_test.TestItems" name="test_electronic_create" time="0.129" /><testcase classname="backend.tests.backend_test.TestItems" name="test_invalid_kind" time="0.054" /><testcase classname="backend.tests.backend_test.TestContractFlow" name="test_create_contract_generates_number" time="0.228" /><testcase classname="backend.tests.backend_test.TestContractFlow" name="test_contract_pdf" time="0.122" /><testcase classname="backend.tests.backend_test.TestContractFlow" name="test_partial_payment_then_full" time="0.829" /><testcase classname="backend.tests.backend_test.TestAuctionFlow" name="test_overdue_to_auction_sold" time="0.889" /><testcase classname="backend.tests.backend_test.TestReports" name="test_report_returns_list[loans]" time="0.057" /><testcase classname="backend.tests.backend_test.TestReports" name="test_report_returns_list[payments]" time="0.061" /><testcase classname="backend.tests.backend_test.TestReports" name="test_report_returns_list[profit]" time="0.051" /><testcase classname="backend.tests.backend_test.TestReports" name="test_report_returns_list[overdue]" time="0.053" /><testcase classname="backend.tests.backend_test.TestReports" name="test_report_returns_list[clients]" time="0.059" /><testcase classname="backend.tests.backend_test.TestReports" name="test_report_returns_list[contracts]" time="0.054" /><testcase classname="backend.tests.backend_test.TestReports" name="test_report_invalid" time="0.047" /><testcase classname="backend.tests.backend_test.TestReports" name="test_dashboard_summary" time="0.067" /><testcase classname="backend.tests.backend_test.TestPublic" name="test_public_auction_items" time="0.121" /><testcase classname="backend.tests.backend_test.TestPublic" name="test_public_warehouse" time="0.148" /><testcase classname="backend.tests.backend_test.TestPublic" name="test_public_contact" time="0.163" /><testcase classname="backend.tests.test_iter2.TestSettings" name="test_get_defaults" time="0.373" /><testcase classname="backend.tests.test_iter2.TestSettings" name="test_put_updates_and_audit" time="0.199" /><testcase classname="backend.tests.test_iter2.TestSettings" name="test_settings_put_non_admin" time="0.649" /><testcase classname="backend.tests.test_iter2.TestContractDefaultRate" name="test_rate_honored_when_provided" time="0.295" /><testcase classname="backend.tests.test_iter2.TestContractDefaultRate" name="test_rate_omitted_uses_settings_default" time="0.302" /><testcase classname="backend.tests.test_iter2.TestContractPdfRicher" name="test_pdf_more_than_3kb" time="0.379" /><testcase classname="backend.tests.test_iter2.TestPaymentDateValidation" name="test_payment_before_contract_date_rejected" time="0.329" /><testcase classname="backend.tests.test_iter2.TestUploadDownload" name="test_upload_and_download" time="0.479" /><testcase classname="backend.tests.test_iter2.TestDashboardTrends" name="test_trends_shape" time="0.049" /><testcase classname="backend.tests.test_iter2.TestWhatsApp" name="test_send_returns_mocked" time="0.215" /><testcase classname="backend.tests.test_iter2.TestWhatsApp" name="test_logs_contains_send" time="0.075" /><testcase classname="backend.tests.test_iter2.TestWhatsApp" name="test_reminders_run" time="0.228" /><testcase classname="backend.tests.test_iter2.TestAuditLog" name="test_admin_can_list" time="0.058" /><testcase classname="backend.tests.test_iter2.TestAuditLog" name="test_staff_forbidden" time="0.052" /><testcase classname="backend.tests.test_iter2.TestAuditLog" name="test_filter_by_resource" time="0.054" /><testcase classname="backend.tests.test_iter2.TestCashierRBAC" name="test_cashier_cannot_create_client" time="0.682" /><testcase classname="backend.tests.test_iter2.TestCashierRBAC" name="test_cashier_cannot_create_car_item" time="0.060" /><testcase classname="backend.tests.test_iter2.TestCashierRBAC" name="test_cashier_cannot_create_contract" time="0.190" /><testcase classname="backend.tests.test_iter2.TestCashierRBAC" name="test_cashier_can_create_payment" time="0.198" /><testcase classname="backend.tests.test_iter2.TestStaffRBAC" name="test_staff_cannot_list_users" time="0.060" /><testcase classname="backend.tests.test_iter2.TestStaffRBAC" name="test_staff_cannot_view_audit_log" time="0.049" /><testcase classname="backend.tests.test_iter2.TestStaffRBAC" name="test_staff_can_create_client" time="0.063" /><testcase classname="backend.tests.test_iter4.TestClientsIter4" name="test_drivers_license_accepted" time="0.490" /><testcase classname="backend.tests.test_iter4.TestClientsIter4" name="test_invalid_id_type_422" time="0.069" /><testcase classname="backend.tests.test_iter4.TestClientsIter4" name="test_client_contracts_and_payments_endpoints" time="0.433" /><testcase classname="backend.tests.test_iter4.TestItemsIter4" name="test_car_manufacture_year_and_market_value" time="0.071" /><testcase classname="backend.tests.test_iter4.TestItemsIter4" name="test_car_ignores_legacy_year" time="0.071" /><testcase classname="backend.tests.test_iter4.TestItemsIter4" name="test_motorcycle_supports_new_fields" time="0.080" /><testcase classname="backend.tests.test_iter4.TestItemsIter4" name="test_electronic_supports_new_fields" time="0.076" /><testcase classname="backend.tests.test_iter4.TestContractValidation" name="test_due_before_contract_date_422" time="0.224" /><testcase classname="backend.tests.test_iter4.TestContractValidation" name="test_over_62_days_422" time="0.212" /><testcase classname="backend.tests.test_iter4.TestContractValidation" name="test_62_days_exact_ok" time="0.209" /><testcase classname="backend.tests.test_iter4.TestPaymentMath" name="test_partial_reduces_principal" time="0.268" /><testcase classname="backend.tests.test_iter4.TestPaymentMath" name="test_interest_only_then_partial" time="0.283" /><testcase classname="backend.tests.test_iter4.TestPenaltyAndReactivate" name="test_overdue_applies_penalty" time="0.317" /><testcase classname="backend.tests.test_iter4.TestPenaltyAndReactivate" name="test_reactivate_clears_penalty_and_flips_to_active" time="0.387" /><testcase classname="backend.tests.test_iter4.TestPenaltyAndReactivate" name="test_reactivate_past_date_422" time="0.291" /><testcase classname="backend.tests.test_iter4.TestPenaltyAndReactivate" name="test_reactivate_today_422" time="0.281" /><testcase classname="backend.tests.test_iter4.TestPenaltyAndReactivate" name="test_reactivate_over_62_days_422" time="0.292" /><testcase classname="backend.tests.test_iter4.TestContractPDF" name="test_pdf_returned" time="0.339" /><testcase classname="backend.tests.test_iter4.TestRBAC" name="test_cashier_cannot_create_client" time="0.700" /><testcase classname="backend.tests.test_iter4.TestRBAC" name="test_cashier_cannot_create_item" time="0.044" /><testcase classname="backend.tests.test_iter4.TestRBAC" name="test_cashier_cannot_create_contract" time="0.172" /><testcase classname="backend.tests.test_iter4.TestRBAC" name="test_cashier_cannot_reactivate" time="0.250" /><testcase classname="backend.tests.test_iter5_reports.TestLocation" name="test_car_location_persists" time="0.813" /><testcase classname="backend.tests.test_iter5_reports.TestLocation" name="test_motorcycle_location_persists" time="0.046" /><testcase classname="backend.tests.test_iter5_reports.TestLocation" name="test_electronic_location_persists" time="0.047" /><testcase classname="backend.tests.test_iter5_reports.TestReportsV2" name="test_active_contracts" time="0.104" /><testcase classname="backend.tests.test_iter5_reports.TestReportsV2" name="test_payments" time="0.080" /><testcase classname="backend.tests.test_iter5_reports.TestReportsV2" name="test_overdue" time="0.103" /><testcase classname="backend.tests.test_iter5_reports.TestReportsV2" name="test_auction" time="0.047" /><testcase classname="backend.tests.test_iter5_reports.TestReportsV2" name="test_inventory" time="0.062" /><testcase classname="backend.tests.test_iter5_reports.TestReportsV2" name="test_financial" time="0.131" /><testcase classname="backend.tests.test_iter5_reports.TestReportsV2" name="test_unknown_report_400" time="0.046" /><testcase classname="backend.tests.test_iter5_reports.TestReportsV2" name="test_filter_year_narrows" time="0.204" /><testcase classname="backend.tests.test_iter5_reports.TestReportsV2" name="test_filter_category_inventory" time="0.053" /><testcase classname="backend.tests.test_iter5_reports.TestExports" name="test_financial_xlsx" time="0.130" /><testcase classname="backend.tests.test_iter5_reports.TestExports" name="test_active_pdf" time="0.127" /><testcase classname="backend.tests.test_iter5_reports.TestExports" name="test_payments_csv" time="0.084" /><testcase classname="backend.tests.test_iter6_branding.TestBrandedPDFs" name="test_contract_pdf_with_logo" time="0.573" /><testcase classname="backend.tests.test_iter6_branding.TestBrandedPDFs" name="test_receipt_pdf_with_logo" time="0.136" /><testcase classname="backend.tests.test_iter6_branding.TestBrandedPDFs" name="test_report_financial_pdf" time="0.145" /><testcase classname="backend.tests.test_iter6_branding.TestBrandedPDFs" name="test_report_active_contracts_pdf" time="0.131" /><testcase classname="backend.tests.test_iter6_branding.TestExcelExport" name="test_financial_xlsx" time="0.122" /><testcase classname="backend.tests.test_iter6_branding.TestPublicSmoke" name="test_public_warehouse" time="0.163" /></testsuite></testsuites>