<?xml version="1.0" encoding="utf-8"?><testsuites name="pytest tests"><testsuite name="pytest" errors="0" failures="0" skipped="0" tests="46" time="20.758" timestamp="2026-06-30T12:46:27.603139+00:00" hostname="agent-env-61e970cc-6919-4f6c-9585-5f47bf2557b9"><testcase classname="backend.tests.test_iter14_auction_gate.TestAuctionStatus" name="test_status_locked_when_password_set" time="0.875" /><testcase classname="backend.tests.test_iter14_auction_gate.TestAuctionGate" name="test_no_token_returns_401" time="0.104" /><testcase classname="backend.tests.test_iter14_auction_gate.TestAuctionGate" name="test_bad_token_returns_401" time="0.094" /><testcase classname="backend.tests.test_iter14_auction_gate.TestAuctionGate" name="test_unlock_with_visitor_password" time="0.323" /><testcase classname="backend.tests.test_iter14_auction_gate.TestAuctionGate" name="test_unlock_with_bad_password" time="0.324" /><testcase classname="backend.tests.test_iter14_auction_gate.TestAuctionGate" name="test_token_unlocks_auction_items" time="0.445" /><testcase classname="backend.tests.test_iter14_auction_gate.TestAuctionGate" name="test_same_token_unlocks_warehouse" time="0.457" /><testcase classname="backend.tests.test_iter13_module_access.TestModulesCatalog" name="test_admin_gets_catalog" time="0.375" /><testcase classname="backend.tests.test_iter13_module_access.TestModulesCatalog" name="test_cashier_gets_403" time="0.797" /><testcase classname="backend.tests.test_iter13_module_access.TestUserCreate" name="test_custom_modules_persisted" time="0.045" /><testcase classname="backend.tests.test_iter13_module_access.TestUserCreate" name="test_role_defaults_when_modules_omitted" time="0.352" /><testcase classname="backend.tests.test_iter13_module_access.TestUserCreate" name="test_admin_role_forces_all_modules" time="0.312" /><testcase classname="backend.tests.test_iter13_module_access.TestUserCreate" name="test_bad_module_names_filtered" time="0.341" /><testcase classname="backend.tests.test_iter13_module_access.TestUserPatch" name="test_patch_name_only" time="0.044" /><testcase classname="backend.tests.test_iter13_module_access.TestUserPatch" name="test_patch_modules_with_invalid_filtered" time="0.045" /><testcase classname="backend.tests.test_iter13_module_access.TestUserPatch" name="test_patch_to_admin_locks_full_modules" time="0.359" /><testcase classname="backend.tests.test_iter13_module_access.TestUserPatch" name="test_patch_password" time="1.247" /><testcase classname="backend.tests.test_iter13_module_access.TestAuthShape" name="test_auth_me_has_allowed_modules_admin" time="0.046" /><testcase classname="backend.tests.test_iter13_module_access.TestAuthShape" name="test_auth_login_returns_allowed_modules" time="0.317" /><testcase classname="backend.tests.test_iter13_module_access.TestAuthShape" name="test_auth_me_has_allowed_modules_cashier" time="0.386" /><testcase classname="backend.tests.test_iter13_module_access.TestModuleGating" name="test_dashboard_allowed" time="0.472" /><testcase classname="backend.tests.test_iter13_module_access.TestModuleGating" name="test_payments_allowed" time="0.416" /><testcase classname="backend.tests.test_iter13_module_access.TestModuleGating" name="test_clients_blocked" time="0.408" /><testcase classname="backend.tests.test_iter13_module_access.TestModuleGating" name="test_finance_blocked" time="0.428" /><testcase classname="backend.tests.test_iter13_module_access.TestModuleGating" name="test_items_car_blocked" time="0.406" /><testcase classname="backend.tests.test_iter13_module_access.TestModuleGating" name="test_contracts_blocked" time="0.406" /><testcase classname="backend.tests.test_iter13_module_access.TestModuleGating" name="test_auctions_blocked" time="3.262" /><testcase classname="backend.tests.test_iter13_module_access.TestModuleGating" name="test_reports_blocked" time="0.466" /><testcase classname="backend.tests.test_iter13_module_access.TestModuleGating" name="test_add_clients_then_allowed" time="0.745" /><testcase classname="backend.tests.test_iter13_module_access.TestAdminBypass" name="test_admin_can_hit_all_modules" time="1.199" /><testcase classname="backend.tests.test_iter13_module_access.TestBackfill" name="test_all_existing_users_have_allowed_modules" time="0.047" /><testcase classname="backend.tests.test_iter10_regression.TestItemsNameMachineNumber" name="test_car_name_and_machine_number_roundtrip" time="0.624" /><testcase classname="backend.tests.test_iter10_regression.TestItemsNameMachineNumber" name="test_motorcycle_name_and_machine_number_roundtrip" time="0.135" /><testcase classname="backend.tests.test_iter10_regression.TestItemsNameMachineNumber" name="test_pezadu_name_and_machine_number_roundtrip" time="0.142" /><testcase classname="backend.tests.test_iter10_regression.TestContractsOverdue" name="test_contract_has_days_overdue_and_penalty_paid_fields" time="0.449" /><testcase classname="backend.tests.test_iter10_regression.TestContractsOverdue" name="test_contract_auction_ready_after_10_days" time="0.254" /><testcase classname="backend.tests.test_iter10_regression.TestOverduePayments" name="test_overdue_penalty_only" time="0.380" /><testcase classname="backend.tests.test_iter10_regression.TestOverduePayments" name="test_overdue_interest_pen" time="0.442" /><testcase classname="backend.tests.test_iter10_regression.TestOverduePayments" name="test_overdue_full_closes_contract" time="0.392" /><testcase classname="backend.tests.test_iter10_regression.TestCapitalSource" name="test_capital_source_with_term_months" time="0.175" /><testcase classname="backend.tests.test_iter10_regression.TestAuctionSold" name="test_mark_sold_with_explicit_interest_fee" time="0.763" /><testcase classname="backend.tests.test_iter10_regression.TestAuctionSold" name="test_mark_sold_without_interest_fee_auto_computes" time="0.991" /><testcase classname="backend.tests.test_iter10_regression.TestRegression" name="test_dashboard_summary" time="0.045" /><testcase classname="backend.tests.test_iter10_regression.TestRegression" name="test_finance_summary_keys" time="0.143" /><testcase classname="backend.tests.test_iter10_regression.TestRegression" name="test_settings_still_loads" time="0.044" /><testcase classname="backend.tests.test_iter10_regression.TestRegression" name="test_backups_list" time="0.137" /></testsuite></testsuites>