<?xml version="1.0" encoding="utf-8"?><testsuites name="pytest tests"><testsuite name="pytest" errors="0" failures="0" skipped="0" tests="92" time="21.188" timestamp="2026-06-22T15:48:44.676836+00:00" hostname="agent-env-61e970cc-6919-4f6c-9585-5f47bf2557b9"><testcase classname="backend.tests.backend_test" name="test_health_root" time="0.128" /><testcase classname="backend.tests.backend_test.TestAuth" name="test_login_invalid" time="0.336" /><testcase classname="backend.tests.backend_test.TestAuth" name="test_me_unauthenticated" time="0.157" /><testcase classname="backend.tests.backend_test.TestAuth" name="test_me_authenticated" time="0.361" /><testcase classname="backend.tests.backend_test.TestAuth" name="test_login_sets_httponly_cookie" time="0.368" /><testcase classname="backend.tests.backend_test.TestAuth" name="test_refresh" time="0.045" /><testcase classname="backend.tests.backend_test.TestAuth" name="test_logout" time="0.480" /><testcase classname="backend.tests.backend_test.TestUsers" name="test_list_users_requires_admin" time="0.101" /><testcase classname="backend.tests.backend_test.TestUsers" name="test_admin_list_users" time="0.046" /><testcase classname="backend.tests.backend_test.TestUsers" name="test_admin_create_and_delete_user" time="0.317" /><testcase classname="backend.tests.backend_test.TestUsers" name="test_self_delete_blocked" time="0.091" /><testcase classname="backend.tests.backend_test.TestUsers" name="test_staff_cannot_list_users" time="0.647" /><testcase classname="backend.tests.backend_test.TestClients" name="test_create_list_update_delete" time="1.312" /><testcase classname="backend.tests.backend_test.TestClients" name="test_staff_cannot_delete_client" time="0.140" /><testcase classname="backend.tests.backend_test.TestItems" name="test_car_crud" time="0.140" /><testcase classname="backend.tests.backend_test.TestItems" name="test_motorcycle_create" time="0.132" /><testcase classname="backend.tests.backend_test.TestItems" name="test_electronic_create" time="0.095" /><testcase classname="backend.tests.backend_test.TestItems" name="test_invalid_kind" time="0.041" /><testcase classname="backend.tests.backend_test.TestContractFlow" name="test_create_contract_generates_number" time="0.222" /><testcase classname="backend.tests.backend_test.TestContractFlow" name="test_contract_pdf" time="0.068" /><testcase classname="backend.tests.backend_test.TestContractFlow" name="test_partial_payment_then_full" time="0.279" /><testcase classname="backend.tests.backend_test.TestAuctionFlow" name="test_overdue_to_auction_sold" time="0.642" /><testcase classname="backend.tests.backend_test.TestReports" name="test_report_returns_list[loans]" time="0.048" /><testcase classname="backend.tests.backend_test.TestReports" name="test_report_returns_list[payments]" time="0.070" /><testcase classname="backend.tests.backend_test.TestReports" name="test_report_returns_list[profit]" time="0.047" /><testcase classname="backend.tests.backend_test.TestReports" name="test_report_returns_list[overdue]" time="0.045" /><testcase classname="backend.tests.backend_test.TestReports" name="test_report_returns_list[clients]" time="0.051" /><testcase classname="backend.tests.backend_test.TestReports" name="test_report_returns_list[contracts]" time="0.056" /><testcase classname="backend.tests.backend_test.TestReports" name="test_report_invalid" time="0.089" /><testcase classname="backend.tests.backend_test.TestReports" name="test_dashboard_summary" time="0.252" /><testcase classname="backend.tests.backend_test.TestPublic" name="test_public_auction_items" time="1.145" /><testcase classname="backend.tests.backend_test.TestPublic" name="test_public_warehouse" time="0.098" /><testcase classname="backend.tests.backend_test.TestPublic" name="test_public_contact" time="0.318" /><testcase classname="backend.tests.test_iter2.TestSettings" name="test_get_defaults" time="0.366" /><testcase classname="backend.tests.test_iter2.TestSettings" name="test_put_updates_and_audit" time="0.195" /><testcase classname="backend.tests.test_iter2.TestSettings" name="test_settings_put_non_admin" time="0.644" /><testcase classname="backend.tests.test_iter2.TestContractDefaultRate" name="test_rate_honored_when_provided" time="0.304" /><testcase classname="backend.tests.test_iter2.TestContractDefaultRate" name="test_rate_omitted_uses_settings_default" time="0.270" /><testcase classname="backend.tests.test_iter2.TestContractPdfRicher" name="test_pdf_more_than_3kb" time="0.411" /><testcase classname="backend.tests.test_iter2.TestPaymentDateValidation" name="test_payment_before_contract_date_rejected" time="0.362" /><testcase classname="backend.tests.test_iter2.TestUploadDownload" name="test_upload_and_download" time="0.477" /><testcase classname="backend.tests.test_iter2.TestDashboardTrends" name="test_trends_shape" time="0.049" /><testcase classname="backend.tests.test_iter2.TestWhatsApp" name="test_send_returns_mocked" time="0.178" /><testcase classname="backend.tests.test_iter2.TestWhatsApp" name="test_logs_contains_send" time="0.049" /><testcase classname="backend.tests.test_iter2.TestWhatsApp" name="test_reminders_run" time="0.215" /><testcase classname="backend.tests.test_iter2.TestAuditLog" name="test_admin_can_list" time="0.060" /><testcase classname="backend.tests.test_iter2.TestAuditLog" name="test_staff_forbidden" time="0.049" /><testcase classname="backend.tests.test_iter2.TestAuditLog" name="test_filter_by_resource" time="0.044" /><testcase classname="backend.tests.test_iter2.TestCashierRBAC" name="test_cashier_cannot_create_client" time="0.642" /><testcase classname="backend.tests.test_iter2.TestCashierRBAC" name="test_cashier_cannot_create_car_item" time="0.047" /><testcase classname="backend.tests.test_iter2.TestCashierRBAC" name="test_cashier_cannot_create_contract" time="0.230" /><testcase classname="backend.tests.test_iter2.TestCashierRBAC" name="test_cashier_can_create_payment" time="0.184" /><testcase classname="backend.tests.test_iter2.TestStaffRBAC" name="test_staff_cannot_list_users" time="0.046" /><testcase classname="backend.tests.test_iter2.TestStaffRBAC" name="test_staff_cannot_view_audit_log" time="0.047" /><testcase classname="backend.tests.test_iter2.TestStaffRBAC" name="test_staff_can_create_client" time="0.050" /><testcase classname="backend.tests.test_iter4.TestClientsIter4" name="test_drivers_license_accepted" time="0.412" /><testcase classname="backend.tests.test_iter4.TestClientsIter4" name="test_invalid_id_type_422" time="0.056" /><testcase classname="backend.tests.test_iter4.TestClientsIter4" name="test_client_contracts_and_payments_endpoints" time="1.015" /><testcase classname="backend.tests.test_iter4.TestItemsIter4" name="test_car_manufacture_year_and_market_value" time="0.053" /><testcase classname="backend.tests.test_iter4.TestItemsIter4" name="test_car_ignores_legacy_year" time="0.046" /><testcase classname="backend.tests.test_iter4.TestItemsIter4" name="test_motorcycle_supports_new_fields" time="0.052" /><testcase classname="backend.tests.test_iter4.TestItemsIter4" name="test_electronic_supports_new_fields" time="0.050" /><testcase classname="backend.tests.test_iter4.TestContractValidation" name="test_due_before_contract_date_422" time="0.151" /><testcase classname="backend.tests.test_iter4.TestContractValidation" name="test_over_62_days_422" time="0.181" /><testcase classname="backend.tests.test_iter4.TestContractValidation" name="test_62_days_exact_ok" time="0.181" /><testcase classname="backend.tests.test_iter4.TestPaymentMath" name="test_partial_reduces_principal" time="0.199" /><testcase classname="backend.tests.test_iter4.TestPaymentMath" name="test_interest_only_then_partial" time="0.213" /><testcase classname="backend.tests.test_iter4.TestPenaltyAndReactivate" name="test_overdue_applies_penalty" time="0.379" /><testcase classname="backend.tests.test_iter4.TestPenaltyAndReactivate" name="test_reactivate_clears_penalty_and_flips_to_active" time="0.576" /><testcase classname="backend.tests.test_iter4.TestPenaltyAndReactivate" name="test_reactivate_past_date_422" time="0.195" /><testcase classname="backend.tests.test_iter4.TestPenaltyAndReactivate" name="test_reactivate_today_422" time="0.212" /><testcase classname="backend.tests.test_iter4.TestPenaltyAndReactivate" name="test_reactivate_over_62_days_422" time="0.202" /><testcase classname="backend.tests.test_iter4.TestContractPDF" name="test_pdf_returned" time="0.210" /><testcase classname="backend.tests.test_iter4.TestRBAC" name="test_cashier_cannot_create_client" time="0.686" /><testcase classname="backend.tests.test_iter4.TestRBAC" name="test_cashier_cannot_create_item" time="0.062" /><testcase classname="backend.tests.test_iter4.TestRBAC" name="test_cashier_cannot_create_contract" time="0.147" /><testcase classname="backend.tests.test_iter4.TestRBAC" name="test_cashier_cannot_reactivate" time="0.209" /><testcase classname="backend.tests.test_iter5_reports.TestLocation" name="test_car_location_persists" time="0.934" /><testcase classname="backend.tests.test_iter5_reports.TestLocation" name="test_motorcycle_location_persists" time="0.052" /><testcase classname="backend.tests.test_iter5_reports.TestLocation" name="test_electronic_location_persists" time="0.054" /><testcase classname="backend.tests.test_iter5_reports.TestReportsV2" name="test_active_contracts" time="0.095" /><testcase classname="backend.tests.test_iter5_reports.TestReportsV2" name="test_payments" time="0.084" /><testcase classname="backend.tests.test_iter5_reports.TestReportsV2" name="test_overdue" time="0.092" /><testcase classname="backend.tests.test_iter5_reports.TestReportsV2" name="test_auction" time="0.052" /><testcase classname="backend.tests.test_iter5_reports.TestReportsV2" name="test_inventory" time="0.058" /><testcase classname="backend.tests.test_iter5_reports.TestReportsV2" name="test_financial" time="0.098" /><testcase classname="backend.tests.test_iter5_reports.TestReportsV2" name="test_unknown_report_400" time="0.049" /><testcase classname="backend.tests.test_iter5_reports.TestReportsV2" name="test_filter_year_narrows" time="0.172" /><testcase classname="backend.tests.test_iter5_reports.TestReportsV2" name="test_filter_category_inventory" time="0.058" /><testcase classname="backend.tests.test_iter5_reports.TestExports" name="test_financial_xlsx" time="0.294" /><testcase classname="backend.tests.test_iter5_reports.TestExports" name="test_active_pdf" time="0.091" /><testcase classname="backend.tests.test_iter5_reports.TestExports" name="test_payments_csv" time="0.074" /></testsuite></testsuites>