<?xml version="1.0" encoding="utf-8"?><testsuites name="pytest tests"><testsuite name="pytest" errors="0" failures="1" skipped="0" tests="15" time="2.529" timestamp="2026-06-22T15:48:31.736713+00:00" hostname="agent-env-61e970cc-6919-4f6c-9585-5f47bf2557b9"><testcase classname="backend.tests.test_iter5_reports.TestLocation" name="test_car_location_persists" time="1.076" /><testcase classname="backend.tests.test_iter5_reports.TestLocation" name="test_motorcycle_location_persists" time="0.051" /><testcase classname="backend.tests.test_iter5_reports.TestLocation" name="test_electronic_location_persists" time="0.054" /><testcase classname="backend.tests.test_iter5_reports.TestReportsV2" name="test_active_contracts" time="0.083" /><testcase classname="backend.tests.test_iter5_reports.TestReportsV2" name="test_payments" time="0.061" /><testcase classname="backend.tests.test_iter5_reports.TestReportsV2" name="test_overdue" time="0.068" /><testcase classname="backend.tests.test_iter5_reports.TestReportsV2" name="test_auction" time="0.050" /><testcase classname="backend.tests.test_iter5_reports.TestReportsV2" name="test_inventory" time="0.051" /><testcase classname="backend.tests.test_iter5_reports.TestReportsV2" name="test_financial" time="0.106" /><testcase classname="backend.tests.test_iter5_reports.TestReportsV2" name="test_unknown_report_400" time="0.054" /><testcase classname="backend.tests.test_iter5_reports.TestReportsV2" name="test_filter_year_narrows" time="0.118"><failure message="KeyError: 'rows'">backend/tests/test_iter5_reports.py:195: in test_filter_year_narrows
    assert len(r2["rows"]) == 0
               ^^^^^^^^^^
E   KeyError: 'rows'</failure></testcase><testcase classname="backend.tests.test_iter5_reports.TestReportsV2" name="test_filter_category_inventory" time="0.049" /><testcase classname="backend.tests.test_iter5_reports.TestExports" name="test_financial_xlsx" time="0.441" /><testcase classname="backend.tests.test_iter5_reports.TestExports" name="test_active_pdf" time="0.083" /><testcase classname="backend.tests.test_iter5_reports.TestExports" name="test_payments_csv" time="0.098" /></testsuite></testsuites>