<?xml version="1.0" encoding="utf-8"?><testsuites name="pytest tests"><testsuite name="pytest" errors="0" failures="0" skipped="0" tests="30" time="5.224" timestamp="2026-07-05T08:01:03.622188+00:00" hostname="agent-env-61e970cc-6919-4f6c-9585-5f47bf2557b9"><testcase classname="tests.test_iter21_member_cards.TestMemberCardLifecycle" name="test_issue_card" time="0.607" /><testcase classname="tests.test_iter21_member_cards.TestMemberCardLifecycle" name="test_reissue_idempotent" time="0.046" /><testcase classname="tests.test_iter21_member_cards.TestMemberCardLifecycle" name="test_card_pdf_generation" time="0.150" /><testcase classname="tests.test_iter21_member_cards.TestMemberCardLifecycle" name="test_public_verify_active" time="0.131" /><testcase classname="tests.test_iter21_member_cards.TestMemberCardLifecycle" name="test_public_verify_bad_token" time="0.098" /><testcase classname="tests.test_iter21_member_cards.TestMemberCardLifecycle" name="test_public_verify_too_short" time="0.134" /><testcase classname="tests.test_iter21_member_cards.TestMemberCardLifecycle" name="test_revoke_and_verify" time="0.151" /><testcase classname="tests.test_iter21_member_cards.TestMemberCardLifecycle" name="test_renew_reactivates" time="0.146" /><testcase classname="tests.test_iter21_member_cards.TestRBAC" name="test_cashier_cannot_issue" time="0.697" /><testcase classname="tests.test_iter21_member_cards.TestRBAC" name="test_cashier_cannot_revoke" time="0.086" /><testcase classname="tests.test_iter7_finance.TestExpenseCategories" name="test_list_categories" time="0.360" /><testcase classname="tests.test_iter7_finance.TestFundingSources" name="test_create_source" time="0.049" /><testcase classname="tests.test_iter7_finance.TestFundingSources" name="test_list_includes_source" time="0.047" /><testcase classname="tests.test_iter7_finance.TestFundingSources" name="test_update_source" time="0.045" /><testcase classname="tests.test_iter7_finance.TestFundingSources" name="test_repayment_decreases_outstanding" time="0.091" /><testcase classname="tests.test_iter7_finance.TestExpenses" name="test_create_expense_admin" time="0.049" /><testcase classname="tests.test_iter7_finance.TestExpenses" name="test_cashier_forbidden_on_create" time="0.666" /><testcase classname="tests.test_iter7_finance.TestExpenses" name="test_list_filters" time="0.046" /><testcase classname="tests.test_iter7_finance.TestExpenses" name="test_update_expense_admin" time="0.048" /><testcase classname="tests.test_iter7_finance.TestExpenses" name="test_delete_expense_admin_at_end" time="0.082" /><testcase classname="tests.test_iter7_finance.TestFinanceSummary" name="test_summary_has_numeric_keys" time="0.098" /><testcase classname="tests.test_iter7_finance.TestFinanceSummary" name="test_summary_reflects_capital_and_repayment" time="0.084" /><testcase classname="tests.test_iter7_finance.TestFinanceSummary" name="test_expenses_by_category_shape" time="0.108" /><testcase classname="tests.test_iter7_finance.TestTreasuryReport" name="test_treasury_json" time="0.048" /><testcase classname="tests.test_iter7_finance.TestTreasuryReport" name="test_treasury_xlsx" time="0.433" /><testcase classname="tests.test_iter7_finance.TestTreasuryReport" name="test_treasury_pdf_branded" time="0.085" /><testcase classname="tests.test_iter7_finance.TestWhatsAppBrandingPDF" name="test_report_pdf_has_whatsapp" time="0.325" /><testcase classname="tests.test_iter7_finance.TestWhatsAppBrandingPDF" name="test_treasury_pdf_has_whatsapp" time="0.076" /><testcase classname="tests.test_iter7_finance.TestZCleanup" name="test_delete_funding_source" time="0.124" /><testcase classname="tests.test_iter7_finance.TestZCleanup" name="test_delete_expense" time="0.042" /></testsuite></testsuites>