<?xml version="1.0" encoding="utf-8"?><testsuites name="pytest tests"><testsuite name="pytest" errors="0" failures="0" skipped="0" tests="16" time="3.975" timestamp="2026-07-22T08:54:30.041649+00:00" hostname="agent-env-61e970cc-6919-4f6c-9585-5f47bf2557b9"><testcase classname="backend.tests.test_iter49_business_dashboard.TestBusinessMetrics" name="test_status_ok" time="0.606" /><testcase classname="backend.tests.test_iter49_business_dashboard.TestBusinessMetrics" name="test_shape_and_types" time="0.259" /><testcase classname="backend.tests.test_iter49_business_dashboard.TestBusinessMetrics" name="test_per_loan_row_shape" time="0.269" /><testcase classname="backend.tests.test_iter49_business_dashboard.TestBusinessMetrics" name="test_grace_count_matches_overdue_contracts" time="0.589" /><testcase classname="backend.tests.test_iter49_business_dashboard.TestBusinessMetrics" name="test_auction_ready_count_matches_contracts" time="0.551" /><testcase classname="backend.tests.test_iter49_business_dashboard.TestBusinessMetrics" name="test_totals_consistency" time="0.261" /><testcase classname="backend.tests.test_iter49_business_dashboard.TestCashflowForecast" name="test_status_ok" time="0.231" /><testcase classname="backend.tests.test_iter49_business_dashboard.TestCashflowForecast" name="test_30_consecutive_days_starting_today" time="0.236" /><testcase classname="backend.tests.test_iter49_business_dashboard.TestCashflowForecast" name="test_expected_in_non_negative" time="0.240" /><testcase classname="backend.tests.test_iter49_business_dashboard.TestCashflowForecast" name="test_total_matches_day_sum" time="0.262" /><testcase classname="backend.tests.test_iter49_business_dashboard.TestReminderDays" name="test_reminder_days_include_day_1" time="0.000" /><testcase classname="backend.tests.test_iter49_business_dashboard.TestDashboardRegression" name="test_dashboard_summary" time="0.051" /><testcase classname="backend.tests.test_iter49_business_dashboard.TestDashboardRegression" name="test_dashboard_trends" time="0.048" /><testcase classname="backend.tests.test_iter49_business_dashboard.TestDashboardRegression" name="test_dashboard_snapshot_pdf" time="0.105" /><testcase classname="backend.tests.test_iter49_business_dashboard.TestBusinessAuth" name="test_metrics_requires_auth" time="0.101" /><testcase classname="backend.tests.test_iter49_business_dashboard.TestBusinessAuth" name="test_cashflow_requires_auth" time="0.100" /></testsuite></testsuites>