<?xml version="1.0" encoding="utf-8"?><testsuites name="pytest tests"><testsuite name="pytest" errors="0" failures="0" skipped="0" tests="33" time="5.820" timestamp="2026-06-22T12:12:47.521975+00:00" hostname="agent-env-61e970cc-6919-4f6c-9585-5f47bf2557b9"><testcase classname="backend.tests.backend_test" name="test_health_root" time="0.143" /><testcase classname="backend.tests.backend_test.TestAuth" name="test_login_invalid" time="0.379" /><testcase classname="backend.tests.backend_test.TestAuth" name="test_me_unauthenticated" time="0.100" /><testcase classname="backend.tests.backend_test.TestAuth" name="test_me_authenticated" time="0.413" /><testcase classname="backend.tests.backend_test.TestAuth" name="test_login_sets_httponly_cookie" time="0.336" /><testcase classname="backend.tests.backend_test.TestAuth" name="test_refresh" time="0.046" /><testcase classname="backend.tests.backend_test.TestAuth" name="test_logout" time="0.446" /><testcase classname="backend.tests.backend_test.TestUsers" name="test_list_users_requires_admin" time="0.098" /><testcase classname="backend.tests.backend_test.TestUsers" name="test_admin_list_users" time="0.046" /><testcase classname="backend.tests.backend_test.TestUsers" name="test_admin_create_and_delete_user" time="0.312" /><testcase classname="backend.tests.backend_test.TestUsers" name="test_self_delete_blocked" time="0.090" /><testcase classname="backend.tests.backend_test.TestUsers" name="test_staff_cannot_list_users" time="0.636" /><testcase classname="backend.tests.backend_test.TestClients" name="test_create_list_update_delete" time="0.270" /><testcase classname="backend.tests.backend_test.TestClients" name="test_staff_cannot_delete_client" time="0.137" /><testcase classname="backend.tests.backend_test.TestItems" name="test_car_crud" time="0.135" /><testcase classname="backend.tests.backend_test.TestItems" name="test_motorcycle_create" time="0.090" /><testcase classname="backend.tests.backend_test.TestItems" name="test_electronic_create" time="0.100" /><testcase classname="backend.tests.backend_test.TestItems" name="test_invalid_kind" time="0.046" /><testcase classname="backend.tests.backend_test.TestContractFlow" name="test_create_contract_generates_number" time="0.191" /><testcase classname="backend.tests.backend_test.TestContractFlow" name="test_contract_pdf" time="0.066" /><testcase classname="backend.tests.backend_test.TestContractFlow" name="test_partial_payment_then_full" time="0.330" /><testcase classname="backend.tests.backend_test.TestAuctionFlow" name="test_overdue_to_auction_sold" time="0.612" /><testcase classname="backend.tests.backend_test.TestReports" name="test_report_returns_list[loans]" time="0.045" /><testcase classname="backend.tests.backend_test.TestReports" name="test_report_returns_list[payments]" time="0.046" /><testcase classname="backend.tests.backend_test.TestReports" name="test_report_returns_list[profit]" time="0.046" /><testcase classname="backend.tests.backend_test.TestReports" name="test_report_returns_list[overdue]" time="0.045" /><testcase classname="backend.tests.backend_test.TestReports" name="test_report_returns_list[clients]" time="0.046" /><testcase classname="backend.tests.backend_test.TestReports" name="test_report_returns_list[contracts]" time="0.044" /><testcase classname="backend.tests.backend_test.TestReports" name="test_report_invalid" time="0.043" /><testcase classname="backend.tests.backend_test.TestReports" name="test_dashboard_summary" time="0.048" /><testcase classname="backend.tests.backend_test.TestPublic" name="test_public_auction_items" time="0.142" /><testcase classname="backend.tests.backend_test.TestPublic" name="test_public_warehouse" time="0.104" /><testcase classname="backend.tests.backend_test.TestPublic" name="test_public_contact" time="0.097" /></testsuite></testsuites>