<?xml version="1.0" encoding="utf-8"?><testsuites name="pytest tests"><testsuite name="pytest" errors="0" failures="0" skipped="0" tests="33" time="6.283" timestamp="2026-06-22T11:29:12.505336+00:00" hostname="agent-env-61e970cc-6919-4f6c-9585-5f47bf2557b9"><testcase classname="backend.tests.backend_test" name="test_health_root" time="0.283" /><testcase classname="backend.tests.backend_test.TestAuth" name="test_login_invalid" time="0.378" /><testcase classname="backend.tests.backend_test.TestAuth" name="test_me_unauthenticated" time="0.095" /><testcase classname="backend.tests.backend_test.TestAuth" name="test_me_authenticated" time="0.409" /><testcase classname="backend.tests.backend_test.TestAuth" name="test_login_sets_httponly_cookie" time="0.324" /><testcase classname="backend.tests.backend_test.TestAuth" name="test_refresh" time="0.047" /><testcase classname="backend.tests.backend_test.TestAuth" name="test_logout" time="0.441" /><testcase classname="backend.tests.backend_test.TestUsers" name="test_list_users_requires_admin" time="0.129" /><testcase classname="backend.tests.backend_test.TestUsers" name="test_admin_list_users" time="0.045" /><testcase classname="backend.tests.backend_test.TestUsers" name="test_admin_create_and_delete_user" time="0.342" /><testcase classname="backend.tests.backend_test.TestUsers" name="test_self_delete_blocked" time="0.097" /><testcase classname="backend.tests.backend_test.TestUsers" name="test_staff_cannot_list_users" time="0.702" /><testcase classname="backend.tests.backend_test.TestClients" name="test_create_list_update_delete" time="0.343" /><testcase classname="backend.tests.backend_test.TestClients" name="test_staff_cannot_delete_client" time="0.146" /><testcase classname="backend.tests.backend_test.TestItems" name="test_car_crud" time="0.145" /><testcase classname="backend.tests.backend_test.TestItems" name="test_motorcycle_create" time="0.093" /><testcase classname="backend.tests.backend_test.TestItems" name="test_electronic_create" time="0.105" /><testcase classname="backend.tests.backend_test.TestItems" name="test_invalid_kind" time="0.044" /><testcase classname="backend.tests.backend_test.TestContractFlow" name="test_create_contract_generates_number" time="0.196" /><testcase classname="backend.tests.backend_test.TestContractFlow" name="test_contract_pdf" time="0.059" /><testcase classname="backend.tests.backend_test.TestContractFlow" name="test_partial_payment_then_full" time="0.327" /><testcase classname="backend.tests.backend_test.TestAuctionFlow" name="test_overdue_to_auction_sold" time="0.584" /><testcase classname="backend.tests.backend_test.TestReports" name="test_report_returns_list[loans]" time="0.048" /><testcase classname="backend.tests.backend_test.TestReports" name="test_report_returns_list[payments]" time="0.048" /><testcase classname="backend.tests.backend_test.TestReports" name="test_report_returns_list[profit]" time="0.045" /><testcase classname="backend.tests.backend_test.TestReports" name="test_report_returns_list[overdue]" time="0.045" /><testcase classname="backend.tests.backend_test.TestReports" name="test_report_returns_list[clients]" time="0.044" /><testcase classname="backend.tests.backend_test.TestReports" name="test_report_returns_list[contracts]" time="0.047" /><testcase classname="backend.tests.backend_test.TestReports" name="test_report_invalid" time="0.046" /><testcase classname="backend.tests.backend_test.TestReports" name="test_dashboard_summary" time="0.056" /><testcase classname="backend.tests.backend_test.TestPublic" name="test_public_auction_items" time="0.123" /><testcase classname="backend.tests.backend_test.TestPublic" name="test_public_warehouse" time="0.117" /><testcase classname="backend.tests.backend_test.TestPublic" name="test_public_contact" time="0.107" /></testsuite></testsuites>